Overview of whole program execution metrics:
===========================================================================
   Number of processors |          1 |          4 |          8 |         16
===========================================================================
Elapsed time (sec)      |       2.89 |       0.72 |       0.40 |       0.22
Speedup                 |       1.00 |       3.99 |       7.24 |      12.98
Efficiency              |       1.00 |       1.00 |       0.91 |       0.81
===========================================================================

Overview of the Efficiency metrics in parallel fraction:
==========================================================================================
                  Number of processors |          1 |          4 |          8 |         16
==========================================================================================
Parallel fraction                      |     98.82% | 
------------------------------------------------------
Global efficiency                      |     99.65% |    104.55% |     97.95% |     95.15%
-- Parallelization strategy efficiency |     99.65% |     96.33% |     95.18% |     92.75%
   -- Load balancing                   |    100.00% |     98.64% |     97.62% |     98.11%
   -- In execution efficiency          |     99.65% |     97.66% |     97.50% |     94.53%
-- Scalability for computation tasks   |    100.00% |    108.53% |    102.91% |    102.58%
   -- IPC scalability                  |    100.00% |    110.31% |    111.13% |    117.73%
   -- Instruction scalability          |    100.00% |     99.95% |     99.32% |     97.64%
   -- Frequency scalability            |    100.00% |     98.44% |     93.24% |     89.24%
==========================================================================================

Overheads in executing implicit tasks
========================================================================================================================
                            Number of processors |               1 |               4 |               8 |              16
========================================================================================================================
Number of implicit tasks per thread (average)    |          2000.0 |          2000.0 |          2000.0 |          2000.0
Useful duration for implicit tasks (average)     |         1424.24 |          328.08 |           173.0 |           86.77
Load balancing for implicit tasks                |             1.0 |            0.99 |            0.98 |            0.98
Time in synchronization implicit tasks (average) |               0 |               0 |               0 |               0
Time in fork/join implicit tasks (average)       |            4.96 |           15.84 |           11.35 |            7.78
========================================================================================================================

