Overview of whole program execution metrics:
============================================================================================================================================
   Number of processors |          1 |          2 |          4 |          6 |          8 |         10 |         12 |         14 |         16
============================================================================================================================================
Elapsed time (sec)      |       0.15 |       0.09 |       0.06 |       0.07 |       0.07 |       0.07 |       0.07 |       0.07 |       0.07
Speedup                 |       1.00 |       1.68 |       2.42 |       2.32 |       2.30 |       2.26 |       2.24 |       2.23 |       2.26
Efficiency              |       1.00 |       0.84 |       0.61 |       0.39 |       0.29 |       0.23 |       0.19 |       0.16 |       0.14
============================================================================================================================================

Overview of the Efficiency metrics in parallel fraction:
===========================================================================================================================================================
                  Number of processors |          1 |          2 |          4 |          6 |          8 |         10 |         12 |         14 |         16
===========================================================================================================================================================
Parallel fraction                      |     85.23% | 
------------------------------------------------------
Global efficiency                      |     99.95% |     94.53% |     79.57% |     50.73% |     37.90% |     30.05% |     24.94% |     21.20% |     18.77%
-- Parallelization strategy efficiency |     99.95% |     95.32% |     82.97% |     55.23% |     41.60% |     33.48% |     27.81% |     23.75% |     20.89%
   -- Load balancing                   |    100.00% |     95.45% |     83.18% |     60.60% |     49.83% |     44.33% |     36.83% |     31.71% |     24.85%
   -- In execution efficiency          |     99.95% |     99.86% |     99.74% |     91.14% |     83.49% |     75.52% |     75.51% |     74.90% |     84.08%
-- Scalability for computation tasks   |    100.00% |     99.17% |     95.91% |     91.85% |     91.11% |     89.76% |     89.69% |     89.29% |     89.83%
   -- IPC scalability                  |    100.00% |     99.46% |     98.59% |     98.54% |     98.84% |     99.14% |     99.09% |     98.64% |     99.22%
   -- Instruction scalability          |    100.00% |    100.00% |     99.99% |     99.99% |     99.98% |     99.98% |     99.98% |     99.98% |     99.98%
   -- Frequency scalability            |    100.00% |     99.72% |     97.29% |     93.22% |     92.20% |     90.56% |     90.53% |     90.54% |     90.56%
===========================================================================================================================================================

Statistics about explicit tasks in parallel fraction
==================================================================================================================================================================================================================
                            Number of processors |               1 |               2 |               4 |               6 |               8 |              10 |              12 |              14 |              16
==================================================================================================================================================================================================================
Number of explicit tasks executed (total)        |             7.0 |             7.0 |             7.0 |             7.0 |             7.0 |             7.0 |             7.0 |             7.0 |             7.0
LB (number of explicit tasks executed)           |             1.0 |            0.88 |            0.58 |             0.7 |             0.7 |             1.0 |             1.0 |            0.58 |            0.58
LB (time executing explicit tasks)               |             1.0 |            0.95 |            0.83 |            0.73 |             0.8 |            0.63 |            0.63 |            0.74 |            0.66
Time per explicit task (average)                 |        18574.39 |        18728.56 |        19364.78 |        20218.15 |        20381.18 |        20684.28 |         20693.7 |        20788.77 |        20663.05
Overhead per explicit task (synch %)             |            0.01 |            4.86 |           20.48 |           81.02 |          140.36 |          198.76 |          259.73 |          321.21 |           378.8
Overhead per explicit task (sched %)             |            0.03 |            0.04 |            0.03 |            0.04 |            0.04 |            0.04 |            0.05 |            0.07 |            0.07
Number of taskwait/taskgroup (total)             |             2.0 |             2.0 |             2.0 |             2.0 |             2.0 |             2.0 |             2.0 |             2.0 |             2.0
==================================================================================================================================================================================================================

