printing dependencies for unit id: (0, 0)
 OUTGOING DEPENDENCIES:
  dep: (0, 0) -> (1, 0);  time 39 -> 0
18:8:30:[0,8)
14:8:31:[0,8)
  dep: (0, 0) -> (2, 0);  time 54 -> 0
18:8:40:[0,8)
14:8:41:[0,8)
  dep: (0, 0) -> (3, 0);  time 69 -> 0
18:8:50:[0,8)
14:8:51:[0,8)
  dep: (0, 0) -> (4, 0);  time 84 -> 0
18:8:60:[0,8)
14:8:61:[0,8)
  dep: (0, 0) -> (5, 0);  time 128 -> 0
18:8:76:[0,8)
19:8:77:[0,8)
20:8:78:[0,8)
21:8:79:[0,8)
22:8:80:[0,8)
23:8:81:[0,8)
  dep: (0, 0) -> (6, 0);  time 151 -> 0
18:8:97:[0,8)
19:8:98:[0,8)
20:8:99:[0,8)
21:8:100:[0,8)
22:8:101:[0,8)
23:8:102:[0,8)
  dep: (0, 0) -> (7, 0);  time 216 -> 0
18:8:144:[0,8)
19:8:145:[0,8)
20:8:146:[0,8)
21:8:147:[0,8)
22:8:148:[0,8)
23:8:149:[0,8)
  dep: (0, 0) -> (8, 0);  time 239 -> 0
18:8:165:[0,8)
19:8:166:[0,8)
20:8:167:[0,8)
21:8:168:[0,8)
22:8:169:[0,8)
23:8:170:[0,8)
  dep: (0, 0) -> (9, 0);  time 325 -> 0
18:8:220:[0,8)
19:8:221:[0,8)
20:8:222:[0,8)
21:8:223:[0,8)
22:8:224:[0,8)
23:8:225:[0,8)
  dep: (0, 0) -> (10, 0);  time 348 -> 0
18:8:241:[0,8)
19:8:242:[0,8)
20:8:243:[0,8)
21:8:244:[0,8)
22:8:245:[0,8)
23:8:246:[0,8)
  dep: (0, 0) -> (11, 0);  time 413 -> 0
18:8:290:[0,8)
19:8:291:[0,8)
20:8:292:[0,8)
21:8:293:[0,8)
22:8:294:[0,8)
23:8:295:[0,8)
  dep: (0, 0) -> (12, 0);  time 436 -> 0
18:8:335:[0,8)
19:8:336:[0,8)
20:8:337:[0,8)
21:8:338:[0,8)
22:8:339:[0,8)
23:8:340:[0,8)
  dep: (0, 0) -> (13, 0);  time 593 -> 0
18:8:379:[0,8)
14:8:380:[0,8)
  dep: (0, 0) -> (14, 0);  time 608 -> 0
18:8:389:[0,8)
14:8:390:[0,8)
  dep: (0, 0) -> (15, 0);  time 623 -> 0
18:8:399:[0,8)
14:8:400:[0,8)
  dep: (0, 0) -> (16, 0);  time 638 -> 0
18:8:409:[0,8)
14:8:410:[0,8)
  dep: (0, 0) -> (17, 0);  time 682 -> 0
18:8:425:[0,8)
19:8:426:[0,8)
20:8:427:[0,8)
21:8:428:[0,8)
22:8:429:[0,8)
23:8:430:[0,8)
  dep: (0, 0) -> (18, 0);  time 705 -> 0
18:8:446:[0,8)
19:8:447:[0,8)
20:8:448:[0,8)
21:8:449:[0,8)
22:8:450:[0,8)
23:8:451:[0,8)
  dep: (0, 0) -> (19, 0);  time 770 -> 0
18:8:493:[0,8)
19:8:494:[0,8)
20:8:495:[0,8)
21:8:496:[0,8)
22:8:497:[0,8)
23:8:498:[0,8)
  dep: (0, 0) -> (20, 0);  time 793 -> 0
18:8:514:[0,8)
19:8:515:[0,8)
20:8:516:[0,8)
21:8:517:[0,8)
22:8:518:[0,8)
23:8:519:[0,8)
  dep: (0, 0) -> (21, 0);  time 879 -> 0
18:8:561:[0,8)
19:8:562:[0,8)
20:8:563:[0,8)
21:8:564:[0,8)
22:8:565:[0,8)
23:8:566:[0,8)
  dep: (0, 0) -> (22, 0);  time 902 -> 0
18:8:582:[0,8)
19:8:583:[0,8)
20:8:584:[0,8)
21:8:585:[0,8)
22:8:586:[0,8)
23:8:587:[0,8)
  dep: (0, 0) -> (23, 0);  time 967 -> 0
18:8:631:[0,8)
19:8:632:[0,8)
20:8:633:[0,8)
21:8:634:[0,8)
22:8:635:[0,8)
23:8:636:[0,8)
  dep: (0, 0) -> (24, 0);  time 990 -> 0
18:8:676:[0,8)
19:8:677:[0,8)
20:8:678:[0,8)
21:8:679:[0,8)
22:8:680:[0,8)
23:8:681:[0,8)
  dep: (0, 0) -> (25, 0);  time 1147 -> 0
18:8:722:[0,8)
14:8:723:[0,8)
  dep: (0, 0) -> (26, 0);  time 1162 -> 0
18:8:732:[0,8)
14:8:733:[0,8)
  dep: (0, 0) -> (27, 0);  time 1177 -> 0
18:8:742:[0,8)
14:8:743:[0,8)
  dep: (0, 0) -> (28, 0);  time 1192 -> 0
18:8:752:[0,8)
14:8:753:[0,8)
  dep: (0, 0) -> (29, 0);  time 1236 -> 0
18:8:768:[0,8)
19:8:769:[0,8)
20:8:770:[0,8)
21:8:771:[0,8)
22:8:772:[0,8)
23:8:773:[0,8)
  dep: (0, 0) -> (30, 0);  time 1259 -> 0
18:8:789:[0,8)
19:8:790:[0,8)
20:8:791:[0,8)
21:8:792:[0,8)
22:8:793:[0,8)
23:8:794:[0,8)
  dep: (0, 0) -> (31, 0);  time 1324 -> 0
18:8:834:[0,8)
19:8:835:[0,8)
20:8:836:[0,8)
21:8:837:[0,8)
22:8:838:[0,8)
23:8:839:[0,8)
  dep: (0, 0) -> (32, 0);  time 1347 -> 0
18:8:855:[0,8)
19:8:856:[0,8)
20:8:857:[0,8)
21:8:858:[0,8)
22:8:859:[0,8)
23:8:860:[0,8)
  dep: (0, 0) -> (33, 0);  time 1433 -> 0
18:8:906:[0,8)
19:8:907:[0,8)
20:8:908:[0,8)
21:8:909:[0,8)
22:8:910:[0,8)
23:8:911:[0,8)
  dep: (0, 0) -> (34, 0);  time 1456 -> 0
18:8:927:[0,8)
19:8:928:[0,8)
20:8:929:[0,8)
21:8:930:[0,8)
22:8:931:[0,8)
23:8:932:[0,8)
  dep: (0, 0) -> (35, 0);  time 1521 -> 0
18:8:976:[0,8)
19:8:977:[0,8)
20:8:978:[0,8)
21:8:979:[0,8)
22:8:980:[0,8)
23:8:981:[0,8)
  dep: (0, 0) -> (36, 0);  time 1544 -> 0
18:8:1021:[0,8)
19:8:1022:[0,8)
20:8:1023:[0,8)
21:8:1024:[0,8)
22:8:1025:[0,8)
23:8:1026:[0,8)
  dep: (0, 0) -> (37, 0);  time 1701 -> 0
18:8:1067:[0,8)
14:8:1068:[0,8)
  dep: (0, 0) -> (38, 0);  time 1716 -> 0
18:8:1077:[0,8)
14:8:1078:[0,8)
  dep: (0, 0) -> (39, 0);  time 1731 -> 0
18:8:1087:[0,8)
14:8:1088:[0,8)
  dep: (0, 0) -> (40, 0);  time 1746 -> 0
18:8:1097:[0,8)
14:8:1098:[0,8)
  dep: (0, 0) -> (41, 0);  time 1790 -> 0
18:8:1113:[0,8)
19:8:1114:[0,8)
20:8:1115:[0,8)
21:8:1116:[0,8)
22:8:1117:[0,8)
23:8:1118:[0,8)
  dep: (0, 0) -> (42, 0);  time 1813 -> 0
18:8:1134:[0,8)
19:8:1135:[0,8)
20:8:1136:[0,8)
21:8:1137:[0,8)
22:8:1138:[0,8)
23:8:1139:[0,8)
  dep: (0, 0) -> (43, 0);  time 1878 -> 0
18:8:1183:[0,8)
19:8:1184:[0,8)
20:8:1185:[0,8)
21:8:1186:[0,8)
22:8:1187:[0,8)
23:8:1188:[0,8)
  dep: (0, 0) -> (44, 0);  time 1901 -> 0
18:8:1204:[0,8)
19:8:1205:[0,8)
20:8:1206:[0,8)
21:8:1207:[0,8)
22:8:1208:[0,8)
23:8:1209:[0,8)
  dep: (0, 0) -> (45, 0);  time 1987 -> 0
18:8:1257:[0,8)
19:8:1258:[0,8)
20:8:1259:[0,8)
21:8:1260:[0,8)
22:8:1261:[0,8)
23:8:1262:[0,8)
  dep: (0, 0) -> (46, 0);  time 2010 -> 0
18:8:1278:[0,8)
19:8:1279:[0,8)
20:8:1280:[0,8)
21:8:1281:[0,8)
22:8:1282:[0,8)
23:8:1283:[0,8)
  dep: (0, 0) -> (47, 0);  time 2075 -> 0
18:8:1325:[0,8)
19:8:1326:[0,8)
20:8:1327:[0,8)
21:8:1328:[0,8)
22:8:1329:[0,8)
23:8:1330:[0,8)
  dep: (0, 0) -> (48, 0);  time 2098 -> 0
18:8:1368:[0,8)
19:8:1369:[0,8)
20:8:1370:[0,8)
21:8:1371:[0,8)
22:8:1372:[0,8)
23:8:1373:[0,8)
  dep: (0, 0) -> (49, 0);  time 2313 -> 0
18:8:1429:[0,8)
19:8:1430:[0,8)
20:8:1431:[0,8)
21:8:1432:[0,8)
22:8:1433:[0,8)
23:8:1434:[0,8)
  dep: (0, 0) -> (50, 0);  time 2336 -> 0
18:8:1450:[0,8)
19:8:1451:[0,8)
20:8:1452:[0,8)
21:8:1453:[0,8)
22:8:1454:[0,8)
23:8:1455:[0,8)
  dep: (0, 0) -> (51, 0);  time 2401 -> 0
18:8:1493:[0,8)
19:8:1494:[0,8)
20:8:1495:[0,8)
21:8:1496:[0,8)
22:8:1497:[0,8)
23:8:1498:[0,8)
  dep: (0, 0) -> (52, 0);  time 2424 -> 0
18:8:1538:[0,8)
19:8:1539:[0,8)
20:8:1540:[0,8)
21:8:1541:[0,8)
22:8:1542:[0,8)
23:8:1543:[0,8)
  dep: (0, 0) -> (53, 0);  time 2531 -> 0
18:8:1591:[0,8)
19:8:1592:[0,8)
20:8:1593:[0,8)
21:8:1594:[0,8)
22:8:1595:[0,8)
23:8:1596:[0,8)
  dep: (0, 0) -> (54, 0);  time 2554 -> 0
18:8:1634:[0,8)
19:8:1635:[0,8)
20:8:1636:[0,8)
21:8:1637:[0,8)
22:8:1638:[0,8)
23:8:1639:[0,8)
  dep: (0, 0) -> (55, 0);  time 2619 -> 0
18:8:1683:[0,8)
19:8:1684:[0,8)
20:8:1685:[0,8)
21:8:1686:[0,8)
22:8:1687:[0,8)
23:8:1688:[0,8)
  dep: (0, 0) -> (56, 0);  time 2642 -> 0
18:8:1728:[0,8)
19:8:1729:[0,8)
20:8:1730:[0,8)
21:8:1731:[0,8)
22:8:1732:[0,8)
23:8:1733:[0,8)
  dep: (0, 0) -> (57, 0);  time 2791 -> 0
18:8:1787:[0,8)
19:8:1788:[0,8)
20:8:1789:[0,8)
21:8:1790:[0,8)
22:8:1791:[0,8)
23:8:1792:[0,8)
  dep: (0, 0) -> (58, 0);  time 2814 -> 0
18:8:1808:[0,8)
19:8:1809:[0,8)
20:8:1810:[0,8)
21:8:1811:[0,8)
22:8:1812:[0,8)
23:8:1813:[0,8)
  dep: (0, 0) -> (59, 0);  time 2879 -> 0
18:8:1851:[0,8)
19:8:1852:[0,8)
20:8:1853:[0,8)
21:8:1854:[0,8)
22:8:1855:[0,8)
23:8:1856:[0,8)
  dep: (0, 0) -> (60, 0);  time 2902 -> 0
18:8:1896:[0,8)
19:8:1897:[0,8)
20:8:1898:[0,8)
21:8:1899:[0,8)
22:8:1900:[0,8)
23:8:1901:[0,8)
  dep: (0, 0) -> (61, 0);  time 3009 -> 0
18:8:1947:[0,8)
19:8:1948:[0,8)
20:8:1949:[0,8)
21:8:1950:[0,8)
22:8:1951:[0,8)
23:8:1952:[0,8)
  dep: (0, 0) -> (62, 0);  time 3032 -> 0
18:8:1994:[0,8)
19:8:1995:[0,8)
20:8:1996:[0,8)
21:8:1997:[0,8)
22:8:1998:[0,8)
23:8:1999:[0,8)
  dep: (0, 0) -> (63, 0);  time 3097 -> 0
18:8:2043:[0,8)
19:8:2044:[0,8)
20:8:2045:[0,8)
21:8:2046:[0,8)
22:8:2047:[0,8)
23:8:2048:[0,8)
  dep: (0, 0) -> (64, 0);  time 3120 -> 0
18:8:2088:[0,8)
19:8:2089:[0,8)
20:8:2090:[0,8)
21:8:2091:[0,8)
22:8:2092:[0,8)
23:8:2093:[0,8)
  dep: (0, 0) -> (65, 0);  time 3290 -> 0
18:8:2155:[0,8)
19:8:2156:[0,8)
20:8:2157:[0,8)
21:8:2158:[0,8)
22:8:2159:[0,8)
23:8:2160:[0,8)
  dep: (0, 0) -> (66, 0);  time 3313 -> 0
18:8:2176:[0,8)
19:8:2177:[0,8)
20:8:2178:[0,8)
21:8:2179:[0,8)
22:8:2180:[0,8)
23:8:2181:[0,8)
  dep: (0, 0) -> (67, 0);  time 3378 -> 0
18:8:2223:[0,8)
19:8:2224:[0,8)
20:8:2225:[0,8)
21:8:2226:[0,8)
22:8:2227:[0,8)
23:8:2228:[0,8)
  dep: (0, 0) -> (68, 0);  time 3401 -> 0
18:8:2268:[0,8)
19:8:2269:[0,8)
20:8:2270:[0,8)
21:8:2271:[0,8)
22:8:2272:[0,8)
23:8:2273:[0,8)
  dep: (0, 0) -> (69, 0);  time 3508 -> 0
18:8:2325:[0,8)
19:8:2326:[0,8)
20:8:2327:[0,8)
21:8:2328:[0,8)
22:8:2329:[0,8)
23:8:2330:[0,8)
  dep: (0, 0) -> (70, 0);  time 3531 -> 0
18:8:2368:[0,8)
19:8:2369:[0,8)
20:8:2370:[0,8)
21:8:2371:[0,8)
22:8:2372:[0,8)
23:8:2373:[0,8)
  dep: (0, 0) -> (71, 0);  time 3596 -> 0
18:8:2419:[0,8)
19:8:2420:[0,8)
20:8:2421:[0,8)
21:8:2422:[0,8)
22:8:2423:[0,8)
23:8:2424:[0,8)
  dep: (0, 0) -> (72, 0);  time 3619 -> 0
18:8:2466:[0,8)
19:8:2467:[0,8)
20:8:2468:[0,8)
21:8:2469:[0,8)
22:8:2470:[0,8)
23:8:2471:[0,8)
  dep: (0, 0) -> (73, 0);  time 3768 -> 0
18:8:2531:[0,8)
19:8:2532:[0,8)
20:8:2533:[0,8)
21:8:2534:[0,8)
22:8:2535:[0,8)
23:8:2536:[0,8)
  dep: (0, 0) -> (74, 0);  time 3791 -> 0
18:8:2574:[0,8)
19:8:2575:[0,8)
20:8:2576:[0,8)
21:8:2577:[0,8)
22:8:2578:[0,8)
23:8:2579:[0,8)
  dep: (0, 0) -> (75, 0);  time 3856 -> 0
18:8:2625:[0,8)
19:8:2626:[0,8)
20:8:2627:[0,8)
21:8:2628:[0,8)
22:8:2629:[0,8)
23:8:2630:[0,8)
  dep: (0, 0) -> (76, 0);  time 3879 -> 0
18:8:2670:[0,8)
19:8:2671:[0,8)
20:8:2672:[0,8)
21:8:2673:[0,8)
22:8:2674:[0,8)
23:8:2675:[0,8)
  dep: (0, 0) -> (77, 0);  time 3986 -> 0
18:8:2727:[0,8)
19:8:2728:[0,8)
20:8:2729:[0,8)
21:8:2730:[0,8)
22:8:2731:[0,8)
23:8:2732:[0,8)
  dep: (0, 0) -> (78, 0);  time 4009 -> 0
18:8:2772:[0,8)
19:8:2773:[0,8)
20:8:2774:[0,8)
21:8:2775:[0,8)
22:8:2776:[0,8)
23:8:2777:[0,8)
  dep: (0, 0) -> (79, 0);  time 4074 -> 0
18:8:2821:[0,8)
19:8:2822:[0,8)
20:8:2823:[0,8)
21:8:2824:[0,8)
22:8:2825:[0,8)
23:8:2826:[0,8)
  dep: (0, 0) -> (80, 0);  time 4097 -> 0
18:8:2862:[0,8)
19:8:2863:[0,8)
20:8:2864:[0,8)
21:8:2865:[0,8)
22:8:2866:[0,8)
23:8:2867:[0,8)
 INCOMING DEPENDENCIES:
printing dependencies for unit id: (0, 1)
 OUTGOING DEPENDENCIES:
 INCOMING DEPENDENCIES:
  dep: (65, 0) -> (0, 1);  time 81981 -> 0
  dep: (66, 0) -> (0, 1);  time 83186 -> 0
  dep: (67, 0) -> (0, 1);  time 83446 -> 0
  dep: (68, 0) -> (0, 1);  time 83436 -> 0
  dep: (69, 0) -> (0, 1);  time 83320 -> 0
  dep: (70, 0) -> (0, 1);  time 83444 -> 0
  dep: (71, 0) -> (0, 1);  time 83560 -> 0
  dep: (72, 0) -> (0, 1);  time 83560 -> 0
  dep: (73, 0) -> (0, 1);  time 83310 -> 0
  dep: (74, 0) -> (0, 1);  time 83444 -> 0
  dep: (75, 0) -> (0, 1);  time 83434 -> 0
  dep: (76, 0) -> (0, 1);  time 83434 -> 0
  dep: (77, 0) -> (0, 1);  time 83434 -> 0
  dep: (78, 0) -> (0, 1);  time 83310 -> 0
  dep: (79, 0) -> (0, 1);  time 83186 -> 0
  dep: (80, 0) -> (0, 1);  time 82927 -> 0
printing dependencies for unit id: (1, 0)
 OUTGOING DEPENDENCIES:
  dep: (1, 0) -> (5, 0);  time 79220671 -> 0
16:131072:16:[0,4156)
  dep: (1, 0) -> (6, 0);  time 79220671 -> 0
16:131072:16:[4096,4100)[4128,4132)[4144,4148)[4152,8192)
 INCOMING DEPENDENCIES:
  dep: (0, 0) -> (1, 0);  time 39 -> 0
18:8:30:[0,8)
14:8:31:[0,8)
printing dependencies for unit id: (2, 0)
 OUTGOING DEPENDENCIES:
  dep: (2, 0) -> (5, 0);  time 78257746 -> 0
16:131072:16:[8192,12232)
  dep: (2, 0) -> (6, 0);  time 78257746 -> 0
16:131072:16:[10240,10244)[11264,11268)[11776,11780)[12032,12036)[12160,12164)[12224,16384)
 INCOMING DEPENDENCIES:
  dep: (0, 0) -> (2, 0);  time 54 -> 0
18:8:40:[0,8)
14:8:41:[0,8)
printing dependencies for unit id: (3, 0)
 OUTGOING DEPENDENCIES:
  dep: (3, 0) -> (7, 0);  time 78468271 -> 0
16:131072:16:[16384,20536)
  dep: (3, 0) -> (8, 0);  time 78468271 -> 0
16:131072:16:[20480,20484)[20512,20516)[20528,24576)
 INCOMING DEPENDENCIES:
  dep: (0, 0) -> (3, 0);  time 69 -> 0
18:8:50:[0,8)
14:8:51:[0,8)
printing dependencies for unit id: (4, 0)
 OUTGOING DEPENDENCIES:
  dep: (4, 0) -> (7, 0);  time 79247171 -> 0
16:131072:16:[24576,28620)
  dep: (4, 0) -> (8, 0);  time 79247171 -> 0
16:131072:16:[26624,26628)[27648,27652)[28160,28164)[28416,28420)[28544,28548)[28608,28612)[28616,32768)
 INCOMING DEPENDENCIES:
  dep: (0, 0) -> (4, 0);  time 84 -> 0
18:8:60:[0,8)
14:8:61:[0,8)
printing dependencies for unit id: (5, 0)
 OUTGOING DEPENDENCIES:
  dep: (5, 0) -> (9, 0);  time 81981 -> 0
17:131072:17:[0,4136)
  dep: (5, 0) -> (10, 0);  time 81981 -> 0
17:131072:17:[4096,4100)[4128,8192)
 INCOMING DEPENDENCIES:
  dep: (0, 0) -> (5, 0);  time 128 -> 0
18:8:76:[0,8)
19:8:77:[0,8)
20:8:78:[0,8)
21:8:79:[0,8)
22:8:80:[0,8)
23:8:81:[0,8)
  dep: (1, 0) -> (5, 0);  time 79220671 -> 0
16:131072:16:[0,4156)
  dep: (2, 0) -> (5, 0);  time 78257746 -> 0
16:131072:16:[8192,12232)
printing dependencies for unit id: (6, 0)
 OUTGOING DEPENDENCIES:
  dep: (6, 0) -> (10, 0);  time 83142 -> 0
17:131072:17:[8192,8252)
  dep: (6, 0) -> (11, 0);  time 83142 -> 0
17:131072:17:[8192,8196)[8224,8228)[8240,8244)[8248,12232)[12284,12292)
  dep: (6, 0) -> (12, 0);  time 83142 -> 0
17:131072:17:[10240,10244)[11264,11268)[11776,11780)[12032,12036)[12160,12164)[12224,16384)
 INCOMING DEPENDENCIES:
  dep: (0, 0) -> (6, 0);  time 151 -> 0
18:8:97:[0,8)
19:8:98:[0,8)
20:8:99:[0,8)
21:8:100:[0,8)
22:8:101:[0,8)
23:8:102:[0,8)
  dep: (1, 0) -> (6, 0);  time 79220671 -> 0
16:131072:16:[4096,4100)[4128,4132)[4144,4148)[4152,8192)
  dep: (2, 0) -> (6, 0);  time 78257746 -> 0
16:131072:16:[10240,10244)[11264,11268)[11776,11780)[12032,12036)[12160,12164)[12224,16384)
printing dependencies for unit id: (7, 0)
 OUTGOING DEPENDENCIES:
  dep: (7, 0) -> (9, 0);  time 81981 -> 0
17:131072:17:[16384,20444)
  dep: (7, 0) -> (10, 0);  time 81981 -> 0
17:131072:17:[18432,18436)[19456,19460)[19968,19972)[20224,20228)[20352,20356)[20416,20420)[20432,20436)[20440,24520)
  dep: (7, 0) -> (11, 0);  time 81981 -> 0
17:131072:17:[20480,20484)[22528,22532)[23552,23556)[24064,24068)[24320,24324)[24448,24452)[24512,24576)
 INCOMING DEPENDENCIES:
  dep: (0, 0) -> (7, 0);  time 216 -> 0
18:8:144:[0,8)
19:8:145:[0,8)
20:8:146:[0,8)
21:8:147:[0,8)
22:8:148:[0,8)
23:8:149:[0,8)
  dep: (3, 0) -> (7, 0);  time 78468271 -> 0
16:131072:16:[16384,20536)
  dep: (4, 0) -> (7, 0);  time 79247171 -> 0
16:131072:16:[24576,28620)
printing dependencies for unit id: (8, 0)
 OUTGOING DEPENDENCIES:
  dep: (8, 0) -> (11, 0);  time 83290 -> 0
17:131072:17:[24576,28732)
  dep: (8, 0) -> (12, 0);  time 83290 -> 0
17:131072:17:[28672,28676)[28704,28708)[28720,28724)[28728,32768)
 INCOMING DEPENDENCIES:
  dep: (0, 0) -> (8, 0);  time 239 -> 0
18:8:165:[0,8)
19:8:166:[0,8)
20:8:167:[0,8)
21:8:168:[0,8)
22:8:169:[0,8)
23:8:170:[0,8)
  dep: (3, 0) -> (8, 0);  time 78468271 -> 0
16:131072:16:[20480,20484)[20512,20516)[20528,24576)
  dep: (4, 0) -> (8, 0);  time 79247171 -> 0
16:131072:16:[26624,26628)[27648,27652)[28160,28164)[28416,28420)[28544,28548)[28608,28612)[28616,32768)
printing dependencies for unit id: (9, 0)
 OUTGOING DEPENDENCIES:
  dep: (9, 0) -> (49, 0);  time 81981 -> 0
16:131072:16:[0,4128)
  dep: (9, 0) -> (50, 0);  time 81981 -> 0
16:131072:16:[4096,4100)[4128,8192)
 INCOMING DEPENDENCIES:
  dep: (0, 0) -> (9, 0);  time 325 -> 0
18:8:220:[0,8)
19:8:221:[0,8)
20:8:222:[0,8)
21:8:223:[0,8)
22:8:224:[0,8)
23:8:225:[0,8)
  dep: (5, 0) -> (9, 0);  time 81981 -> 0
17:131072:17:[0,4136)
  dep: (7, 0) -> (9, 0);  time 81981 -> 0
17:131072:17:[16384,20444)
printing dependencies for unit id: (10, 0)
 OUTGOING DEPENDENCIES:
  dep: (10, 0) -> (50, 0);  time 83312 -> 0
16:131072:16:[8192,8208)
  dep: (10, 0) -> (51, 0);  time 83312 -> 0
16:131072:16:[8192,8196)[8200,12360)
  dep: (10, 0) -> (52, 0);  time 83312 -> 0
16:131072:16:[12288,12292)[12336,12340)[12360,16384)
 INCOMING DEPENDENCIES:
  dep: (0, 0) -> (10, 0);  time 348 -> 0
18:8:241:[0,8)
19:8:242:[0,8)
20:8:243:[0,8)
21:8:244:[0,8)
22:8:245:[0,8)
23:8:246:[0,8)
  dep: (5, 0) -> (10, 0);  time 81981 -> 0
17:131072:17:[4096,4100)[4128,8192)
  dep: (6, 0) -> (10, 0);  time 83142 -> 0
17:131072:17:[8192,8252)
  dep: (7, 0) -> (10, 0);  time 81981 -> 0
17:131072:17:[18432,18436)[19456,19460)[19968,19972)[20224,20228)[20352,20356)[20416,20420)[20432,20436)[20440,24520)
printing dependencies for unit id: (11, 0)
 OUTGOING DEPENDENCIES:
  dep: (11, 0) -> (52, 0);  time 83446 -> 0
16:131072:16:[16384,16592)[18428,18436)
  dep: (11, 0) -> (53, 0);  time 83446 -> 0
16:131072:16:[16384,16388)[16512,16516)[16576,16580)[16592,20636)[24572,24576)
  dep: (11, 0) -> (54, 0);  time 83446 -> 0
16:131072:16:[20480,20484)[20576,20580)[20624,20628)[20632,24576)
 INCOMING DEPENDENCIES:
  dep: (0, 0) -> (11, 0);  time 413 -> 0
18:8:290:[0,8)
19:8:291:[0,8)
20:8:292:[0,8)
21:8:293:[0,8)
22:8:294:[0,8)
23:8:295:[0,8)
  dep: (6, 0) -> (11, 0);  time 83142 -> 0
17:131072:17:[8192,8196)[8224,8228)[8240,8244)[8248,12232)[12284,12292)
  dep: (7, 0) -> (11, 0);  time 81981 -> 0
17:131072:17:[20480,20484)[22528,22532)[23552,23556)[24064,24068)[24320,24324)[24448,24452)[24512,24576)
  dep: (8, 0) -> (11, 0);  time 83290 -> 0
17:131072:17:[24576,28732)
printing dependencies for unit id: (12, 0)
 OUTGOING DEPENDENCIES:
  dep: (12, 0) -> (53, 0);  time 83163 -> 0
16:131072:16:[24576,24580)
  dep: (12, 0) -> (54, 0);  time 83163 -> 0
16:131072:16:[24576,24732)[26620,26628)
  dep: (12, 0) -> (55, 0);  time 83163 -> 0
16:131072:16:[24576,24580)[24704,24708)[24720,24724)[24728,28796)
  dep: (12, 0) -> (56, 0);  time 83163 -> 0
16:131072:16:[28672,28676)[28736,28740)[28768,28772)[28784,28788)[28792,32768)
 INCOMING DEPENDENCIES:
  dep: (0, 0) -> (12, 0);  time 436 -> 0
18:8:335:[0,8)
19:8:336:[0,8)
20:8:337:[0,8)
21:8:338:[0,8)
22:8:339:[0,8)
23:8:340:[0,8)
  dep: (6, 0) -> (12, 0);  time 83142 -> 0
17:131072:17:[10240,10244)[11264,11268)[11776,11780)[12032,12036)[12160,12164)[12224,16384)
  dep: (8, 0) -> (12, 0);  time 83290 -> 0
17:131072:17:[28672,28676)[28704,28708)[28720,28724)[28728,32768)
printing dependencies for unit id: (13, 0)
 OUTGOING DEPENDENCIES:
  dep: (13, 0) -> (17, 0);  time 78761796 -> 0
16:131072:16:[32768,36776)
  dep: (13, 0) -> (18, 0);  time 78761796 -> 0
16:131072:16:[34816,34820)[35840,35844)[36352,36356)[36608,36612)[36736,36740)[36768,36772)[36776,40960)
 INCOMING DEPENDENCIES:
  dep: (0, 0) -> (13, 0);  time 593 -> 0
18:8:379:[0,8)
14:8:380:[0,8)
printing dependencies for unit id: (14, 0)
 OUTGOING DEPENDENCIES:
  dep: (14, 0) -> (17, 0);  time 78910071 -> 0
16:131072:16:[40960,45148)
  dep: (14, 0) -> (18, 0);  time 78910071 -> 0
16:131072:16:[45056,45060)[45120,45124)[45136,49152)
 INCOMING DEPENDENCIES:
  dep: (0, 0) -> (14, 0);  time 608 -> 0
18:8:389:[0,8)
14:8:390:[0,8)
printing dependencies for unit id: (15, 0)
 OUTGOING DEPENDENCIES:
  dep: (15, 0) -> (19, 0);  time 77958946 -> 0
16:131072:16:[49152,53056)
  dep: (15, 0) -> (20, 0);  time 77958946 -> 0
16:131072:16:[51200,51204)[52224,52228)[52736,52740)[52992,52996)[53052,57344)
 INCOMING DEPENDENCIES:
  dep: (0, 0) -> (15, 0);  time 623 -> 0
18:8:399:[0,8)
14:8:400:[0,8)
printing dependencies for unit id: (16, 0)
 OUTGOING DEPENDENCIES:
  dep: (16, 0) -> (19, 0);  time 78248746 -> 0
16:131072:16:[57344,61636)
  dep: (16, 0) -> (20, 0);  time 78248746 -> 0
16:131072:16:[61440,61444)[61568,61572)[61632,65536)
 INCOMING DEPENDENCIES:
  dep: (0, 0) -> (16, 0);  time 638 -> 0
18:8:409:[0,8)
14:8:410:[0,8)
printing dependencies for unit id: (17, 0)
 OUTGOING DEPENDENCIES:
  dep: (17, 0) -> (21, 0);  time 81981 -> 0
17:131072:17:[32768,36812)
  dep: (17, 0) -> (22, 0);  time 81981 -> 0
17:131072:17:[34816,34820)[35840,35844)[36352,36356)[36608,36612)[36736,36740)[36800,36804)[36808,40932)
  dep: (17, 0) -> (23, 0);  time 81981 -> 0
17:131072:17:[36864,36868)[38912,38916)[39936,39940)[40448,40452)[40704,40708)[40832,40836)[40896,40900)[40928,40960)
 INCOMING DEPENDENCIES:
  dep: (0, 0) -> (17, 0);  time 682 -> 0
18:8:425:[0,8)
19:8:426:[0,8)
20:8:427:[0,8)
21:8:428:[0,8)
22:8:429:[0,8)
23:8:430:[0,8)
  dep: (13, 0) -> (17, 0);  time 78761796 -> 0
16:131072:16:[32768,36776)
  dep: (14, 0) -> (17, 0);  time 78910071 -> 0
16:131072:16:[40960,45148)
printing dependencies for unit id: (18, 0)
 OUTGOING DEPENDENCIES:
  dep: (18, 0) -> (23, 0);  time 83170 -> 0
17:131072:17:[40960,44984)
  dep: (18, 0) -> (24, 0);  time 83170 -> 0
17:131072:17:[43008,43012)[44032,44036)[44544,44548)[44800,44804)[44928,44932)[44960,44964)[44976,49152)
 INCOMING DEPENDENCIES:
  dep: (0, 0) -> (18, 0);  time 705 -> 0
18:8:446:[0,8)
19:8:447:[0,8)
20:8:448:[0,8)
21:8:449:[0,8)
22:8:450:[0,8)
23:8:451:[0,8)
  dep: (13, 0) -> (18, 0);  time 78761796 -> 0
16:131072:16:[34816,34820)[35840,35844)[36352,36356)[36608,36612)[36736,36740)[36768,36772)[36776,40960)
  dep: (14, 0) -> (18, 0);  time 78910071 -> 0
16:131072:16:[45056,45060)[45120,45124)[45136,49152)
printing dependencies for unit id: (19, 0)
 OUTGOING DEPENDENCIES:
  dep: (19, 0) -> (21, 0);  time 81981 -> 0
17:131072:17:[49152,53304)
  dep: (19, 0) -> (22, 0);  time 81981 -> 0
17:131072:17:[53248,53252)[53280,53284)[53296,57344)
 INCOMING DEPENDENCIES:
  dep: (0, 0) -> (19, 0);  time 770 -> 0
18:8:493:[0,8)
19:8:494:[0,8)
20:8:495:[0,8)
21:8:496:[0,8)
22:8:497:[0,8)
23:8:498:[0,8)
  dep: (15, 0) -> (19, 0);  time 77958946 -> 0
16:131072:16:[49152,53056)
  dep: (16, 0) -> (19, 0);  time 78248746 -> 0
16:131072:16:[57344,61636)
printing dependencies for unit id: (20, 0)
 OUTGOING DEPENDENCIES:
  dep: (20, 0) -> (22, 0);  time 82776 -> 0
17:131072:17:[57344,57376)
  dep: (20, 0) -> (23, 0);  time 82776 -> 0
17:131072:17:[57344,57348)[57360,57364)[57368,61516)
  dep: (20, 0) -> (24, 0);  time 82776 -> 0
17:131072:17:[61440,61444)[61504,61508)[61512,65536)
 INCOMING DEPENDENCIES:
  dep: (0, 0) -> (20, 0);  time 793 -> 0
18:8:514:[0,8)
19:8:515:[0,8)
20:8:516:[0,8)
21:8:517:[0,8)
22:8:518:[0,8)
23:8:519:[0,8)
  dep: (15, 0) -> (20, 0);  time 77958946 -> 0
16:131072:16:[51200,51204)[52224,52228)[52736,52740)[52992,52996)[53052,57344)
  dep: (16, 0) -> (20, 0);  time 78248746 -> 0
16:131072:16:[61440,61444)[61568,61572)[61632,65536)
printing dependencies for unit id: (21, 0)
 OUTGOING DEPENDENCIES:
  dep: (21, 0) -> (49, 0);  time 81981 -> 0
16:131072:16:[32768,36836)
  dep: (21, 0) -> (50, 0);  time 81981 -> 0
16:131072:16:[34816,34820)[35840,35844)[36352,36356)[36608,36612)[36736,36740)[36800,36804)[36828,40948)
  dep: (21, 0) -> (51, 0);  time 81981 -> 0
16:131072:16:[36864,36868)[38912,38916)[39936,39940)[40448,40452)[40704,40708)[40832,40836)[40896,40900)[40928,40932)[40944,40960)
  dep: (21, 0) -> (52, 0);  time 81981 -> 0
16:131072:16:[38912,38916)
 INCOMING DEPENDENCIES:
  dep: (0, 0) -> (21, 0);  time 879 -> 0
18:8:561:[0,8)
19:8:562:[0,8)
20:8:563:[0,8)
21:8:564:[0,8)
22:8:565:[0,8)
23:8:566:[0,8)
  dep: (17, 0) -> (21, 0);  time 81981 -> 0
17:131072:17:[32768,36812)
  dep: (19, 0) -> (21, 0);  time 81981 -> 0
17:131072:17:[49152,53304)
printing dependencies for unit id: (22, 0)
 OUTGOING DEPENDENCIES:
  dep: (22, 0) -> (51, 0);  time 83322 -> 0
16:131072:16:[40960,44988)
  dep: (22, 0) -> (52, 0);  time 83322 -> 0
16:131072:16:[41984,41988)[43520,43524)[44288,44292)[44672,44676)[44864,44868)[44960,44964)[44980,48948)
  dep: (22, 0) -> (53, 0);  time 83322 -> 0
16:131072:16:[40960,40964)[45056,45060)[47104,47108)[48128,48132)[48640,48644)[48896,48900)[48928,48932)[48940,49152)
  dep: (22, 0) -> (54, 0);  time 83322 -> 0
16:131072:16:[47104,47108)
 INCOMING DEPENDENCIES:
  dep: (0, 0) -> (22, 0);  time 902 -> 0
18:8:582:[0,8)
19:8:583:[0,8)
20:8:584:[0,8)
21:8:585:[0,8)
22:8:586:[0,8)
23:8:587:[0,8)
  dep: (17, 0) -> (22, 0);  time 81981 -> 0
17:131072:17:[34816,34820)[35840,35844)[36352,36356)[36608,36612)[36736,36740)[36800,36804)[36808,40932)
  dep: (19, 0) -> (22, 0);  time 81981 -> 0
17:131072:17:[53248,53252)[53280,53284)[53296,57344)
  dep: (20, 0) -> (22, 0);  time 82776 -> 0
17:131072:17:[57344,57376)
printing dependencies for unit id: (23, 0)
 OUTGOING DEPENDENCIES:
  dep: (23, 0) -> (53, 0);  time 83436 -> 0
16:131072:16:[49152,53096)
  dep: (23, 0) -> (54, 0);  time 83436 -> 0
16:131072:16:[50176,50180)[51712,51716)[52480,52484)[52864,52868)[53056,53060)[53080,53084)[53092,57192)
  dep: (23, 0) -> (55, 0);  time 83436 -> 0
16:131072:16:[53248,53252)[55296,55300)[56320,56324)[56832,56836)[57088,57092)[57152,57156)[57184,57344)
 INCOMING DEPENDENCIES:
  dep: (0, 0) -> (23, 0);  time 967 -> 0
18:8:631:[0,8)
19:8:632:[0,8)
20:8:633:[0,8)
21:8:634:[0,8)
22:8:635:[0,8)
23:8:636:[0,8)
  dep: (17, 0) -> (23, 0);  time 81981 -> 0
17:131072:17:[36864,36868)[38912,38916)[39936,39940)[40448,40452)[40704,40708)[40832,40836)[40896,40900)[40928,40960)
  dep: (18, 0) -> (23, 0);  time 83170 -> 0
17:131072:17:[40960,44984)
  dep: (20, 0) -> (23, 0);  time 82776 -> 0
17:131072:17:[57344,57348)[57360,57364)[57368,61516)
printing dependencies for unit id: (24, 0)
 OUTGOING DEPENDENCIES:
  dep: (24, 0) -> (55, 0);  time 83306 -> 0
16:131072:16:[57344,61320)
  dep: (24, 0) -> (56, 0);  time 83306 -> 0
16:131072:16:[59392,59396)[60416,60420)[60928,60932)[61184,61188)[61312,65536)
 INCOMING DEPENDENCIES:
  dep: (0, 0) -> (24, 0);  time 990 -> 0
18:8:676:[0,8)
19:8:677:[0,8)
20:8:678:[0,8)
21:8:679:[0,8)
22:8:680:[0,8)
23:8:681:[0,8)
  dep: (18, 0) -> (24, 0);  time 83170 -> 0
17:131072:17:[43008,43012)[44032,44036)[44544,44548)[44800,44804)[44928,44932)[44960,44964)[44976,49152)
  dep: (20, 0) -> (24, 0);  time 82776 -> 0
17:131072:17:[61440,61444)[61504,61508)[61512,65536)
printing dependencies for unit id: (25, 0)
 OUTGOING DEPENDENCIES:
  dep: (25, 0) -> (29, 0);  time 78546621 -> 0
16:131072:16:[65540,69716)
  dep: (25, 0) -> (30, 0);  time 78546621 -> 0
16:131072:16:[69632,69636)[69696,69700)[69712,73728)
 INCOMING DEPENDENCIES:
  dep: (0, 0) -> (25, 0);  time 1147 -> 0
18:8:722:[0,8)
14:8:723:[0,8)
printing dependencies for unit id: (26, 0)
 OUTGOING DEPENDENCIES:
  dep: (26, 0) -> (29, 0);  time 78160021 -> 0
16:131072:16:[73728,77744)
  dep: (26, 0) -> (30, 0);  time 78160021 -> 0
16:131072:16:[75776,75780)[76800,76804)[77312,77316)[77568,77572)[77696,77700)[77728,77732)[77740,81920)
 INCOMING DEPENDENCIES:
  dep: (0, 0) -> (26, 0);  time 1162 -> 0
18:8:732:[0,8)
14:8:733:[0,8)
printing dependencies for unit id: (27, 0)
 OUTGOING DEPENDENCIES:
  dep: (27, 0) -> (31, 0);  time 79040571 -> 0
16:131072:16:[81920,86068)
  dep: (27, 0) -> (32, 0);  time 79040571 -> 0
16:131072:16:[86016,86020)[86048,86052)[86064,90112)
 INCOMING DEPENDENCIES:
  dep: (0, 0) -> (27, 0);  time 1177 -> 0
18:8:742:[0,8)
14:8:743:[0,8)
printing dependencies for unit id: (28, 0)
 OUTGOING DEPENDENCIES:
  dep: (28, 0) -> (31, 0);  time 79573971 -> 0
16:131072:16:[90112,94160)
  dep: (28, 0) -> (32, 0);  time 79573971 -> 0
16:131072:16:[92160,92164)[93184,93188)[93696,93700)[93952,93956)[94080,94084)[94144,94148)[94156,98304)
 INCOMING DEPENDENCIES:
  dep: (0, 0) -> (28, 0);  time 1192 -> 0
18:8:752:[0,8)
14:8:753:[0,8)
printing dependencies for unit id: (29, 0)
 OUTGOING DEPENDENCIES:
  dep: (29, 0) -> (33, 0);  time 81981 -> 0
17:131072:17:[65536,69636)
  dep: (29, 0) -> (34, 0);  time 81981 -> 0
17:131072:17:[69632,73728)
 INCOMING DEPENDENCIES:
  dep: (0, 0) -> (29, 0);  time 1236 -> 0
18:8:768:[0,8)
19:8:769:[0,8)
20:8:770:[0,8)
21:8:771:[0,8)
22:8:772:[0,8)
23:8:773:[0,8)
  dep: (25, 0) -> (29, 0);  time 78546621 -> 0
16:131072:16:[65540,69716)
  dep: (26, 0) -> (29, 0);  time 78160021 -> 0
16:131072:16:[73728,77744)
printing dependencies for unit id: (30, 0)
 OUTGOING DEPENDENCIES:
  dep: (30, 0) -> (34, 0);  time 83051 -> 0
17:131072:17:[73728,73888)
  dep: (30, 0) -> (35, 0);  time 83051 -> 0
17:131072:17:[73728,73732)[73856,73860)[73872,73876)[73880,77876)
  dep: (30, 0) -> (36, 0);  time 83051 -> 0
17:131072:17:[77824,77828)[77856,77860)[77872,81920)
 INCOMING DEPENDENCIES:
  dep: (0, 0) -> (30, 0);  time 1259 -> 0
18:8:789:[0,8)
19:8:790:[0,8)
20:8:791:[0,8)
21:8:792:[0,8)
22:8:793:[0,8)
23:8:794:[0,8)
  dep: (25, 0) -> (30, 0);  time 78546621 -> 0
16:131072:16:[69632,69636)[69696,69700)[69712,73728)
  dep: (26, 0) -> (30, 0);  time 78160021 -> 0
16:131072:16:[75776,75780)[76800,76804)[77312,77316)[77568,77572)[77696,77700)[77728,77732)[77740,81920)
printing dependencies for unit id: (31, 0)
 OUTGOING DEPENDENCIES:
  dep: (31, 0) -> (33, 0);  time 81981 -> 0
17:131072:17:[81920,86016)
  dep: (31, 0) -> (34, 0);  time 81981 -> 0
17:131072:17:[83968,83972)[84992,84996)[85504,85508)[85760,85764)[85888,85892)[85952,85956)[85984,85988)[86000,86004)[86008,89956)
  dep: (31, 0) -> (35, 0);  time 81981 -> 0
17:131072:17:[86016,86020)[88064,88068)[89088,89092)[89600,89604)[89856,89860)[89920,89924)[89952,90112)
 INCOMING DEPENDENCIES:
  dep: (0, 0) -> (31, 0);  time 1324 -> 0
18:8:834:[0,8)
19:8:835:[0,8)
20:8:836:[0,8)
21:8:837:[0,8)
22:8:838:[0,8)
23:8:839:[0,8)
  dep: (27, 0) -> (31, 0);  time 79040571 -> 0
16:131072:16:[81920,86068)
  dep: (28, 0) -> (31, 0);  time 79573971 -> 0
16:131072:16:[90112,94160)
printing dependencies for unit id: (32, 0)
 OUTGOING DEPENDENCIES:
  dep: (32, 0) -> (35, 0);  time 83018 -> 0
17:131072:17:[90112,94160)
  dep: (32, 0) -> (36, 0);  time 83018 -> 0
17:131072:17:[92160,92164)[93184,93188)[93696,93700)[93952,93956)[94080,94084)[94144,94148)[94152,98304)
 INCOMING DEPENDENCIES:
  dep: (0, 0) -> (32, 0);  time 1347 -> 0
18:8:855:[0,8)
19:8:856:[0,8)
20:8:857:[0,8)
21:8:858:[0,8)
22:8:859:[0,8)
23:8:860:[0,8)
  dep: (27, 0) -> (32, 0);  time 79040571 -> 0
16:131072:16:[86016,86020)[86048,86052)[86064,90112)
  dep: (28, 0) -> (32, 0);  time 79573971 -> 0
16:131072:16:[92160,92164)[93184,93188)[93696,93700)[93952,93956)[94080,94084)[94144,94148)[94156,98304)
printing dependencies for unit id: (33, 0)
 OUTGOING DEPENDENCIES:
  dep: (33, 0) -> (57, 0);  time 81981 -> 0
16:131072:16:[65536,69600)
  dep: (33, 0) -> (58, 0);  time 81981 -> 0
16:131072:16:[67584,67588)[68608,68612)[69120,69124)[69376,69380)[69504,69508)[69568,69572)[69596,73524)
  dep: (33, 0) -> (59, 0);  time 81981 -> 0
16:131072:16:[69632,69636)[71680,71684)[72704,72708)[73216,73220)[73472,73476)[73504,73508)[73520,73728)
  dep: (33, 0) -> (60, 0);  time 81981 -> 0
16:131072:16:[71680,71684)
 INCOMING DEPENDENCIES:
  dep: (0, 0) -> (33, 0);  time 1433 -> 0
18:8:906:[0,8)
19:8:907:[0,8)
20:8:908:[0,8)
21:8:909:[0,8)
22:8:910:[0,8)
23:8:911:[0,8)
  dep: (29, 0) -> (33, 0);  time 81981 -> 0
17:131072:17:[65536,69636)
  dep: (31, 0) -> (33, 0);  time 81981 -> 0
17:131072:17:[81920,86016)
printing dependencies for unit id: (34, 0)
 OUTGOING DEPENDENCIES:
  dep: (34, 0) -> (59, 0);  time 83312 -> 0
16:131072:16:[73728,77684)
  dep: (34, 0) -> (60, 0);  time 83312 -> 0
16:131072:16:[74752,74756)[76288,76292)[77056,77060)[77440,77444)[77632,77636)[77676,81888)
  dep: (34, 0) -> (61, 0);  time 83312 -> 0
16:131072:16:[73728,73732)[77824,77828)[79872,79876)[80896,80900)[81408,81412)[81664,81668)[81792,81796)[81856,81860)[81872,81876)[81880,81920)
  dep: (34, 0) -> (62, 0);  time 83312 -> 0
16:131072:16:[79872,79876)
 INCOMING DEPENDENCIES:
  dep: (0, 0) -> (34, 0);  time 1456 -> 0
18:8:927:[0,8)
19:8:928:[0,8)
20:8:929:[0,8)
21:8:930:[0,8)
22:8:931:[0,8)
23:8:932:[0,8)
  dep: (29, 0) -> (34, 0);  time 81981 -> 0
17:131072:17:[69632,73728)
  dep: (30, 0) -> (34, 0);  time 83051 -> 0
17:131072:17:[73728,73888)
  dep: (31, 0) -> (34, 0);  time 81981 -> 0
17:131072:17:[83968,83972)[84992,84996)[85504,85508)[85760,85764)[85888,85892)[85952,85956)[85984,85988)[86000,86004)[86008,89956)
printing dependencies for unit id: (35, 0)
 OUTGOING DEPENDENCIES:
  dep: (35, 0) -> (61, 0);  time 83436 -> 0
16:131072:16:[81920,85960)
  dep: (35, 0) -> (62, 0);  time 83436 -> 0
16:131072:16:[82944,82948)[84480,84484)[85248,85252)[85632,85636)[85824,85828)[85920,85924)[85944,85948)[85952,90112)
 INCOMING DEPENDENCIES:
  dep: (0, 0) -> (35, 0);  time 1521 -> 0
18:8:976:[0,8)
19:8:977:[0,8)
20:8:978:[0,8)
21:8:979:[0,8)
22:8:980:[0,8)
23:8:981:[0,8)
  dep: (30, 0) -> (35, 0);  time 83051 -> 0
17:131072:17:[73728,73732)[73856,73860)[73872,73876)[73880,77876)
  dep: (31, 0) -> (35, 0);  time 81981 -> 0
17:131072:17:[86016,86020)[88064,88068)[89088,89092)[89600,89604)[89856,89860)[89920,89924)[89952,90112)
  dep: (32, 0) -> (35, 0);  time 83018 -> 0
17:131072:17:[90112,94160)
printing dependencies for unit id: (36, 0)
 OUTGOING DEPENDENCIES:
  dep: (36, 0) -> (62, 0);  time 83290 -> 0
16:131072:16:[90112,90212)
  dep: (36, 0) -> (63, 0);  time 83290 -> 0
16:131072:16:[90112,90116)[90176,90180)[90208,94292)
  dep: (36, 0) -> (64, 0);  time 83290 -> 0
16:131072:16:[94208,94212)[94272,94276)[94288,98304)
 INCOMING DEPENDENCIES:
  dep: (0, 0) -> (36, 0);  time 1544 -> 0
18:8:1021:[0,8)
19:8:1022:[0,8)
20:8:1023:[0,8)
21:8:1024:[0,8)
22:8:1025:[0,8)
23:8:1026:[0,8)
  dep: (30, 0) -> (36, 0);  time 83051 -> 0
17:131072:17:[77824,77828)[77856,77860)[77872,81920)
  dep: (32, 0) -> (36, 0);  time 83018 -> 0
17:131072:17:[92160,92164)[93184,93188)[93696,93700)[93952,93956)[94080,94084)[94144,94148)[94152,98304)
printing dependencies for unit id: (37, 0)
 OUTGOING DEPENDENCIES:
  dep: (37, 0) -> (41, 0);  time 78251496 -> 0
16:131072:16:[98304,102392)
  dep: (37, 0) -> (42, 0);  time 78251496 -> 0
16:131072:16:[100352,100356)[101376,101380)[101888,101892)[102144,102148)[102272,102276)[102336,102340)[102368,102372)[102384,106496)
 INCOMING DEPENDENCIES:
  dep: (0, 0) -> (37, 0);  time 1701 -> 0
18:8:1067:[0,8)
14:8:1068:[0,8)
printing dependencies for unit id: (38, 0)
 OUTGOING DEPENDENCIES:
  dep: (38, 0) -> (41, 0);  time 78892296 -> 0
16:131072:16:[106496,110604)
  dep: (38, 0) -> (42, 0);  time 78892296 -> 0
16:131072:16:[110592,110596)[110600,114688)
 INCOMING DEPENDENCIES:
  dep: (0, 0) -> (38, 0);  time 1716 -> 0
18:8:1077:[0,8)
14:8:1078:[0,8)
printing dependencies for unit id: (39, 0)
 OUTGOING DEPENDENCIES:
  dep: (39, 0) -> (43, 0);  time 78327296 -> 0
16:131072:16:[114688,118876)
  dep: (39, 0) -> (44, 0);  time 78327296 -> 0
16:131072:16:[118784,118788)[118848,118852)[118864,118868)[118872,122880)
 INCOMING DEPENDENCIES:
  dep: (0, 0) -> (39, 0);  time 1731 -> 0
18:8:1087:[0,8)
14:8:1088:[0,8)
printing dependencies for unit id: (40, 0)
 OUTGOING DEPENDENCIES:
  dep: (40, 0) -> (43, 0);  time 78084721 -> 0
16:131072:16:[122880,126888)
  dep: (40, 0) -> (44, 0);  time 78084721 -> 0
16:131072:16:[124928,124932)[125952,125956)[126464,126468)[126720,126724)[126848,126852)[126880,131072)
 INCOMING DEPENDENCIES:
  dep: (0, 0) -> (40, 0);  time 1746 -> 0
18:8:1097:[0,8)
14:8:1098:[0,8)
printing dependencies for unit id: (41, 0)
 OUTGOING DEPENDENCIES:
  dep: (41, 0) -> (45, 0);  time 81981 -> 0
17:131072:17:[98304,102264)
  dep: (41, 0) -> (46, 0);  time 81981 -> 0
17:131072:17:[100352,100356)[101376,101380)[101888,101892)[102144,102148)[102208,102212)[102240,102244)[102256,102260)[102264,106316)
  dep: (41, 0) -> (47, 0);  time 81981 -> 0
17:131072:17:[102400,102404)[104448,104452)[105472,105476)[105984,105988)[106240,106244)[106304,106308)[106312,106496)
 INCOMING DEPENDENCIES:
  dep: (0, 0) -> (41, 0);  time 1790 -> 0
18:8:1113:[0,8)
19:8:1114:[0,8)
20:8:1115:[0,8)
21:8:1116:[0,8)
22:8:1117:[0,8)
23:8:1118:[0,8)
  dep: (37, 0) -> (41, 0);  time 78251496 -> 0
16:131072:16:[98304,102392)
  dep: (38, 0) -> (41, 0);  time 78892296 -> 0
16:131072:16:[106496,110604)
printing dependencies for unit id: (42, 0)
 OUTGOING DEPENDENCIES:
  dep: (42, 0) -> (47, 0);  time 83280 -> 0
17:131072:17:[106496,110476)
  dep: (42, 0) -> (48, 0);  time 83280 -> 0
17:131072:17:[108544,108548)[109568,109572)[110080,110084)[110336,110340)[110464,110468)[110472,114688)
 INCOMING DEPENDENCIES:
  dep: (0, 0) -> (42, 0);  time 1813 -> 0
18:8:1134:[0,8)
19:8:1135:[0,8)
20:8:1136:[0,8)
21:8:1137:[0,8)
22:8:1138:[0,8)
23:8:1139:[0,8)
  dep: (37, 0) -> (42, 0);  time 78251496 -> 0
16:131072:16:[100352,100356)[101376,101380)[101888,101892)[102144,102148)[102272,102276)[102336,102340)[102368,102372)[102384,106496)
  dep: (38, 0) -> (42, 0);  time 78892296 -> 0
16:131072:16:[110592,110596)[110600,114688)
printing dependencies for unit id: (43, 0)
 OUTGOING DEPENDENCIES:
  dep: (43, 0) -> (45, 0);  time 81981 -> 0
17:131072:17:[114688,118924)
  dep: (43, 0) -> (46, 0);  time 81981 -> 0
17:131072:17:[118784,118788)[118912,122880)
 INCOMING DEPENDENCIES:
  dep: (0, 0) -> (43, 0);  time 1878 -> 0
18:8:1183:[0,8)
19:8:1184:[0,8)
20:8:1185:[0,8)
21:8:1186:[0,8)
22:8:1187:[0,8)
23:8:1188:[0,8)
  dep: (39, 0) -> (43, 0);  time 78327296 -> 0
16:131072:16:[114688,118876)
  dep: (40, 0) -> (43, 0);  time 78084721 -> 0
16:131072:16:[122880,126888)
printing dependencies for unit id: (44, 0)
 OUTGOING DEPENDENCIES:
  dep: (44, 0) -> (46, 0);  time 83175 -> 0
17:131072:17:[122880,123064)
  dep: (44, 0) -> (47, 0);  time 83175 -> 0
17:131072:17:[122880,122884)[123008,123012)[123040,123044)[123056,127096)
  dep: (44, 0) -> (48, 0);  time 83175 -> 0
17:131072:17:[126976,126980)[127040,127044)[127072,127076)[127088,131072)
 INCOMING DEPENDENCIES:
  dep: (0, 0) -> (44, 0);  time 1901 -> 0
18:8:1204:[0,8)
19:8:1205:[0,8)
20:8:1206:[0,8)
21:8:1207:[0,8)
22:8:1208:[0,8)
23:8:1209:[0,8)
  dep: (39, 0) -> (44, 0);  time 78327296 -> 0
16:131072:16:[118784,118788)[118848,118852)[118864,118868)[118872,122880)
  dep: (40, 0) -> (44, 0);  time 78084721 -> 0
16:131072:16:[124928,124932)[125952,125956)[126464,126468)[126720,126724)[126848,126852)[126880,131072)
printing dependencies for unit id: (45, 0)
 OUTGOING DEPENDENCIES:
  dep: (45, 0) -> (57, 0);  time 81981 -> 0
16:131072:16:[98304,102436)
  dep: (45, 0) -> (58, 0);  time 81981 -> 0
16:131072:16:[102400,102404)[102432,106496)
 INCOMING DEPENDENCIES:
  dep: (0, 0) -> (45, 0);  time 1987 -> 0
18:8:1257:[0,8)
19:8:1258:[0,8)
20:8:1259:[0,8)
21:8:1260:[0,8)
22:8:1261:[0,8)
23:8:1262:[0,8)
  dep: (41, 0) -> (45, 0);  time 81981 -> 0
17:131072:17:[98304,102264)
  dep: (43, 0) -> (45, 0);  time 81981 -> 0
17:131072:17:[114688,118924)
printing dependencies for unit id: (46, 0)
 OUTGOING DEPENDENCIES:
  dep: (46, 0) -> (58, 0);  time 83186 -> 0
16:131072:16:[106496,106704)
  dep: (46, 0) -> (59, 0);  time 83186 -> 0
16:131072:16:[106496,106500)[106624,106628)[106688,106692)[106696,110736)
  dep: (46, 0) -> (60, 0);  time 83186 -> 0
16:131072:16:[110592,110596)[110688,110692)[110736,114688)
 INCOMING DEPENDENCIES:
  dep: (0, 0) -> (46, 0);  time 2010 -> 0
18:8:1278:[0,8)
19:8:1279:[0,8)
20:8:1280:[0,8)
21:8:1281:[0,8)
22:8:1282:[0,8)
23:8:1283:[0,8)
  dep: (41, 0) -> (46, 0);  time 81981 -> 0
17:131072:17:[100352,100356)[101376,101380)[101888,101892)[102144,102148)[102208,102212)[102240,102244)[102256,102260)[102264,106316)
  dep: (43, 0) -> (46, 0);  time 81981 -> 0
17:131072:17:[118784,118788)[118912,122880)
  dep: (44, 0) -> (46, 0);  time 83175 -> 0
17:131072:17:[122880,123064)
printing dependencies for unit id: (47, 0)
 OUTGOING DEPENDENCIES:
  dep: (47, 0) -> (60, 0);  time 83310 -> 0
16:131072:16:[114688,114724)[116732,116740)
  dep: (47, 0) -> (61, 0);  time 83310 -> 0
16:131072:16:[114688,114692)[114720,118844)[122876,122880)
  dep: (47, 0) -> (62, 0);  time 83310 -> 0
16:131072:16:[118784,118788)[118832,118836)[118844,122784)
  dep: (47, 0) -> (63, 0);  time 83310 -> 0
16:131072:16:[118784,118788)[120832,120836)[121856,121860)[122368,122372)[122624,122628)[122752,122756)[122768,122772)[122776,122880)
 INCOMING DEPENDENCIES:
  dep: (0, 0) -> (47, 0);  time 2075 -> 0
18:8:1325:[0,8)
19:8:1326:[0,8)
20:8:1327:[0,8)
21:8:1328:[0,8)
22:8:1329:[0,8)
23:8:1330:[0,8)
  dep: (41, 0) -> (47, 0);  time 81981 -> 0
17:131072:17:[102400,102404)[104448,104452)[105472,105476)[105984,105988)[106240,106244)[106304,106308)[106312,106496)
  dep: (42, 0) -> (47, 0);  time 83280 -> 0
17:131072:17:[106496,110476)
  dep: (44, 0) -> (47, 0);  time 83175 -> 0
17:131072:17:[122880,122884)[123008,123012)[123040,123044)[123056,127096)
printing dependencies for unit id: (48, 0)
 OUTGOING DEPENDENCIES:
  dep: (48, 0) -> (61, 0);  time 83301 -> 0
16:131072:16:[122880,122884)
  dep: (48, 0) -> (62, 0);  time 83301 -> 0
16:131072:16:[124924,124932)
  dep: (48, 0) -> (63, 0);  time 83301 -> 0
16:131072:16:[122880,126896)
  dep: (48, 0) -> (64, 0);  time 83301 -> 0
16:131072:16:[124928,124932)[125952,125956)[126464,126468)[126720,126724)[126848,126852)[126880,126884)[126888,131072)
 INCOMING DEPENDENCIES:
  dep: (0, 0) -> (48, 0);  time 2098 -> 0
18:8:1368:[0,8)
19:8:1369:[0,8)
20:8:1370:[0,8)
21:8:1371:[0,8)
22:8:1372:[0,8)
23:8:1373:[0,8)
  dep: (42, 0) -> (48, 0);  time 83280 -> 0
17:131072:17:[108544,108548)[109568,109572)[110080,110084)[110336,110340)[110464,110468)[110472,114688)
  dep: (44, 0) -> (48, 0);  time 83175 -> 0
17:131072:17:[126976,126980)[127040,127044)[127072,127076)[127088,131072)
printing dependencies for unit id: (49, 0)
 OUTGOING DEPENDENCIES:
  dep: (49, 0) -> (65, 0);  time 81981 -> 0
17:131072:17:[0,4056)
  dep: (49, 0) -> (66, 0);  time 81981 -> 0
17:131072:17:[2048,2052)[3072,3076)[3584,3588)[3840,3844)[3968,3972)[4032,4036)[4048,4052)[4056,8192)
  dep: (49, 0) -> (67, 0);  time 81981 -> 0
17:131072:17:[4096,4100)[6144,6148)[7168,7172)[7680,7684)[7936,7940)[8064,8068)[8128,8132)[8160,8164)[8176,8180)[8184,8192)
  dep: (49, 0) -> (68, 0);  time 81981 -> 0
17:131072:17:[6144,6148)
 INCOMING DEPENDENCIES:
  dep: (0, 0) -> (49, 0);  time 2313 -> 0
18:8:1429:[0,8)
19:8:1430:[0,8)
20:8:1431:[0,8)
21:8:1432:[0,8)
22:8:1433:[0,8)
23:8:1434:[0,8)
  dep: (9, 0) -> (49, 0);  time 81981 -> 0
16:131072:16:[0,4128)
  dep: (21, 0) -> (49, 0);  time 81981 -> 0
16:131072:16:[32768,36836)
printing dependencies for unit id: (50, 0)
 OUTGOING DEPENDENCIES:
  dep: (50, 0) -> (67, 0);  time 82938 -> 0
17:131072:17:[8192,12240)
  dep: (50, 0) -> (68, 0);  time 82938 -> 0
17:131072:17:[9216,9220)[10752,10756)[11520,11524)[11904,11908)[12096,12100)[12192,12196)[12216,12220)[12228,16336)
  dep: (50, 0) -> (69, 0);  time 82938 -> 0
17:131072:17:[8192,8196)[12288,12292)[14336,14340)[15360,15364)[15872,15876)[16128,16132)[16256,16260)[16320,16324)[16332,16384)
  dep: (50, 0) -> (70, 0);  time 82938 -> 0
17:131072:17:[10240,10244)[15360,15364)
 INCOMING DEPENDENCIES:
  dep: (0, 0) -> (50, 0);  time 2336 -> 0
18:8:1450:[0,8)
19:8:1451:[0,8)
20:8:1452:[0,8)
21:8:1453:[0,8)
22:8:1454:[0,8)
23:8:1455:[0,8)
  dep: (9, 0) -> (50, 0);  time 81981 -> 0
16:131072:16:[4096,4100)[4128,8192)
  dep: (10, 0) -> (50, 0);  time 83312 -> 0
16:131072:16:[8192,8208)
  dep: (21, 0) -> (50, 0);  time 81981 -> 0
16:131072:16:[34816,34820)[35840,35844)[36352,36356)[36608,36612)[36736,36740)[36800,36804)[36828,40948)
printing dependencies for unit id: (51, 0)
 OUTGOING DEPENDENCIES:
  dep: (51, 0) -> (69, 0);  time 83446 -> 0
17:131072:17:[16384,20416)
  dep: (51, 0) -> (70, 0);  time 83446 -> 0
17:131072:17:[17920,17924)[19200,19204)[19840,19844)[20160,20164)[20320,20324)[20400,20404)[20408,24576)
 INCOMING DEPENDENCIES:
  dep: (0, 0) -> (51, 0);  time 2401 -> 0
18:8:1493:[0,8)
19:8:1494:[0,8)
20:8:1495:[0,8)
21:8:1496:[0,8)
22:8:1497:[0,8)
23:8:1498:[0,8)
  dep: (10, 0) -> (51, 0);  time 83312 -> 0
16:131072:16:[8192,8196)[8200,12360)
  dep: (21, 0) -> (51, 0);  time 81981 -> 0
16:131072:16:[36864,36868)[38912,38916)[39936,39940)[40448,40452)[40704,40708)[40832,40836)[40896,40900)[40928,40932)[40944,40960)
  dep: (22, 0) -> (51, 0);  time 83322 -> 0
16:131072:16:[40960,44988)
printing dependencies for unit id: (52, 0)
 OUTGOING DEPENDENCIES:
  dep: (52, 0) -> (70, 0);  time 83186 -> 0
17:131072:17:[24576,24600)
  dep: (52, 0) -> (71, 0);  time 83186 -> 0
17:131072:17:[24576,24580)[24588,28796)[30716,30724)
  dep: (52, 0) -> (72, 0);  time 83186 -> 0
17:131072:17:[28672,28676)[28784,28788)[28796,32768)
 INCOMING DEPENDENCIES:
  dep: (0, 0) -> (52, 0);  time 2424 -> 0
18:8:1538:[0,8)
19:8:1539:[0,8)
20:8:1540:[0,8)
21:8:1541:[0,8)
22:8:1542:[0,8)
23:8:1543:[0,8)
  dep: (10, 0) -> (52, 0);  time 83312 -> 0
16:131072:16:[12288,12292)[12336,12340)[12360,16384)
  dep: (11, 0) -> (52, 0);  time 83446 -> 0
16:131072:16:[16384,16592)[18428,18436)
  dep: (21, 0) -> (52, 0);  time 81981 -> 0
16:131072:16:[38912,38916)
  dep: (22, 0) -> (52, 0);  time 83322 -> 0
16:131072:16:[41984,41988)[43520,43524)[44288,44292)[44672,44676)[44864,44868)[44960,44964)[44980,48948)
printing dependencies for unit id: (53, 0)
 OUTGOING DEPENDENCIES:
  dep: (53, 0) -> (71, 0);  time 83310 -> 0
17:131072:17:[36860,36868)
  dep: (53, 0) -> (72, 0);  time 83310 -> 0
17:131072:17:[32768,32936)[35836,35844)
  dep: (53, 0) -> (73, 0);  time 83310 -> 0
17:131072:17:[32768,32772)[32896,32900)[32928,37072)[40956,40960)
  dep: (53, 0) -> (74, 0);  time 83310 -> 0
17:131072:17:[36864,36868)[36976,36980)[37032,37036)[37060,37064)[37068,40960)
 INCOMING DEPENDENCIES:
  dep: (0, 0) -> (53, 0);  time 2531 -> 0
18:8:1591:[0,8)
19:8:1592:[0,8)
20:8:1593:[0,8)
21:8:1594:[0,8)
22:8:1595:[0,8)
23:8:1596:[0,8)
  dep: (11, 0) -> (53, 0);  time 83446 -> 0
16:131072:16:[16384,16388)[16512,16516)[16576,16580)[16592,20636)[24572,24576)
  dep: (12, 0) -> (53, 0);  time 83163 -> 0
16:131072:16:[24576,24580)
  dep: (22, 0) -> (53, 0);  time 83322 -> 0
16:131072:16:[40960,40964)[45056,45060)[47104,47108)[48128,48132)[48640,48644)[48896,48900)[48928,48932)[48940,49152)
  dep: (23, 0) -> (53, 0);  time 83436 -> 0
16:131072:16:[49152,53096)
printing dependencies for unit id: (54, 0)
 OUTGOING DEPENDENCIES:
  dep: (54, 0) -> (72, 0);  time 83320 -> 0
17:131072:17:[43004,43012)
  dep: (54, 0) -> (73, 0);  time 83320 -> 0
17:131072:17:[40960,40964)[49148,49152)
  dep: (54, 0) -> (74, 0);  time 83320 -> 0
17:131072:17:[40960,41124)[44028,44036)
  dep: (54, 0) -> (75, 0);  time 83320 -> 0
17:131072:17:[40960,40964)[41056,41060)[41104,41108)[41116,45272)[47100,47108)
  dep: (54, 0) -> (76, 0);  time 83320 -> 0
17:131072:17:[45056,45060)[45216,45220)[45256,45260)[45268,49152)
 INCOMING DEPENDENCIES:
  dep: (0, 0) -> (54, 0);  time 2554 -> 0
18:8:1634:[0,8)
19:8:1635:[0,8)
20:8:1636:[0,8)
21:8:1637:[0,8)
22:8:1638:[0,8)
23:8:1639:[0,8)
  dep: (11, 0) -> (54, 0);  time 83446 -> 0
16:131072:16:[20480,20484)[20576,20580)[20624,20628)[20632,24576)
  dep: (12, 0) -> (54, 0);  time 83163 -> 0
16:131072:16:[24576,24732)[26620,26628)
  dep: (22, 0) -> (54, 0);  time 83322 -> 0
16:131072:16:[47104,47108)
  dep: (23, 0) -> (54, 0);  time 83436 -> 0
16:131072:16:[50176,50180)[51712,51716)[52480,52484)[52864,52868)[53056,53060)[53080,53084)[53092,57192)
printing dependencies for unit id: (55, 0)
 OUTGOING DEPENDENCIES:
  dep: (55, 0) -> (73, 0);  time 83436 -> 0
17:131072:17:[49152,49156)
  dep: (55, 0) -> (74, 0);  time 83436 -> 0
17:131072:17:[51196,51204)
  dep: (55, 0) -> (75, 0);  time 83436 -> 0
17:131072:17:[53244,53252)
  dep: (55, 0) -> (76, 0);  time 83436 -> 0
17:131072:17:[49152,49372)[50172,50180)[55292,55300)
  dep: (55, 0) -> (77, 0);  time 83436 -> 0
17:131072:17:[49152,49156)[49280,49284)[49344,49348)[49360,49364)[49368,53476)[57340,57344)
  dep: (55, 0) -> (78, 0);  time 83436 -> 0
17:131072:17:[53248,53252)[53440,53444)[53464,53468)[53476,57344)
 INCOMING DEPENDENCIES:
  dep: (0, 0) -> (55, 0);  time 2619 -> 0
18:8:1683:[0,8)
19:8:1684:[0,8)
20:8:1685:[0,8)
21:8:1686:[0,8)
22:8:1687:[0,8)
23:8:1688:[0,8)
  dep: (12, 0) -> (55, 0);  time 83163 -> 0
16:131072:16:[24576,24580)[24704,24708)[24720,24724)[24728,28796)
  dep: (23, 0) -> (55, 0);  time 83436 -> 0
16:131072:16:[53248,53252)[55296,55300)[56320,56324)[56832,56836)[57088,57092)[57152,57156)[57184,57344)
  dep: (24, 0) -> (55, 0);  time 83306 -> 0
16:131072:16:[57344,61320)
printing dependencies for unit id: (56, 0)
 OUTGOING DEPENDENCIES:
  dep: (56, 0) -> (77, 0);  time 83175 -> 0
17:131072:17:[57344,57348)
  dep: (56, 0) -> (78, 0);  time 83175 -> 0
17:131072:17:[57344,57488)[59388,59396)
  dep: (56, 0) -> (79, 0);  time 83175 -> 0
17:131072:17:[57344,57348)[57472,57476)[57488,61476)
  dep: (56, 0) -> (80, 0);  time 83175 -> 0
17:131072:17:[61440,61444)[61472,65536)
 INCOMING DEPENDENCIES:
  dep: (0, 0) -> (56, 0);  time 2642 -> 0
18:8:1728:[0,8)
19:8:1729:[0,8)
20:8:1730:[0,8)
21:8:1731:[0,8)
22:8:1732:[0,8)
23:8:1733:[0,8)
  dep: (12, 0) -> (56, 0);  time 83163 -> 0
16:131072:16:[28672,28676)[28736,28740)[28768,28772)[28784,28788)[28792,32768)
  dep: (24, 0) -> (56, 0);  time 83306 -> 0
16:131072:16:[59392,59396)[60416,60420)[60928,60932)[61184,61188)[61312,65536)
printing dependencies for unit id: (57, 0)
 OUTGOING DEPENDENCIES:
  dep: (57, 0) -> (65, 0);  time 81981 -> 0
17:131072:17:[65536,69676)
  dep: (57, 0) -> (66, 0);  time 81981 -> 0
17:131072:17:[69632,69636)[69664,73728)
 INCOMING DEPENDENCIES:
  dep: (0, 0) -> (57, 0);  time 2791 -> 0
18:8:1787:[0,8)
19:8:1788:[0,8)
20:8:1789:[0,8)
21:8:1790:[0,8)
22:8:1791:[0,8)
23:8:1792:[0,8)
  dep: (33, 0) -> (57, 0);  time 81981 -> 0
16:131072:16:[65536,69600)
  dep: (45, 0) -> (57, 0);  time 81981 -> 0
16:131072:16:[98304,102436)
printing dependencies for unit id: (58, 0)
 OUTGOING DEPENDENCIES:
  dep: (58, 0) -> (66, 0);  time 82948 -> 0
17:131072:17:[73728,73732)
  dep: (58, 0) -> (67, 0);  time 82948 -> 0
17:131072:17:[73728,77876)
  dep: (58, 0) -> (68, 0);  time 82948 -> 0
17:131072:17:[77824,77828)[77872,81920)
  dep: (58, 0) -> (71, 0);  time 82948 -> 0
17:131072:17:[77824,77828)
  dep: (58, 0) -> (72, 0);  time 82948 -> 0
17:131072:17:[79872,79876)
 INCOMING DEPENDENCIES:
  dep: (0, 0) -> (58, 0);  time 2814 -> 0
18:8:1808:[0,8)
19:8:1809:[0,8)
20:8:1810:[0,8)
21:8:1811:[0,8)
22:8:1812:[0,8)
23:8:1813:[0,8)
  dep: (33, 0) -> (58, 0);  time 81981 -> 0
16:131072:16:[67584,67588)[68608,68612)[69120,69124)[69376,69380)[69504,69508)[69568,69572)[69596,73524)
  dep: (45, 0) -> (58, 0);  time 81981 -> 0
16:131072:16:[102400,102404)[102432,106496)
  dep: (46, 0) -> (58, 0);  time 83186 -> 0
16:131072:16:[106496,106704)
printing dependencies for unit id: (59, 0)
 OUTGOING DEPENDENCIES:
  dep: (59, 0) -> (68, 0);  time 83436 -> 0
17:131072:17:[81920,81972)[83964,83972)
  dep: (59, 0) -> (69, 0);  time 83436 -> 0
17:131072:17:[81920,81924)[81952,81956)[81968,86084)[90108,90112)
  dep: (59, 0) -> (70, 0);  time 83436 -> 0
17:131072:17:[86016,86020)[86056,86060)[86076,86080)[86084,90092)
  dep: (59, 0) -> (71, 0);  time 83436 -> 0
17:131072:17:[83968,83972)[87040,87044)[88576,88580)[89344,89348)[89728,89732)[89920,89924)[90016,90020)[90064,90068)[90088,90112)
  dep: (59, 0) -> (72, 0);  time 83436 -> 0
17:131072:17:[87040,87044)
  dep: (59, 0) -> (73, 0);  time 83436 -> 0
17:131072:17:[81920,81924)
  dep: (59, 0) -> (74, 0);  time 83436 -> 0
17:131072:17:[88064,88068)
 INCOMING DEPENDENCIES:
  dep: (0, 0) -> (59, 0);  time 2879 -> 0
18:8:1851:[0,8)
19:8:1852:[0,8)
20:8:1853:[0,8)
21:8:1854:[0,8)
22:8:1855:[0,8)
23:8:1856:[0,8)
  dep: (33, 0) -> (59, 0);  time 81981 -> 0
16:131072:16:[69632,69636)[71680,71684)[72704,72708)[73216,73220)[73472,73476)[73504,73508)[73520,73728)
  dep: (34, 0) -> (59, 0);  time 83312 -> 0
16:131072:16:[73728,77684)
  dep: (46, 0) -> (59, 0);  time 83186 -> 0
16:131072:16:[106496,106500)[106624,106628)[106688,106692)[106696,110736)
printing dependencies for unit id: (60, 0)
 OUTGOING DEPENDENCIES:
  dep: (60, 0) -> (69, 0);  time 83072 -> 0
17:131072:17:[90112,90116)
  dep: (60, 0) -> (70, 0);  time 83072 -> 0
17:131072:17:[91132,91140)[96252,96260)
  dep: (60, 0) -> (71, 0);  time 83072 -> 0
17:131072:17:[90112,94088)
  dep: (60, 0) -> (72, 0);  time 83072 -> 0
17:131072:17:[90624,90628)[92416,92420)[93312,93316)[93760,93764)[93984,93988)[94040,94044)[94068,94072)[94080,98140)
  dep: (60, 0) -> (73, 0);  time 83072 -> 0
17:131072:17:[90112,90116)[94208,94212)[96256,96260)[97280,97284)[97792,97796)[98048,98052)[98112,98116)[98140,98304)
  dep: (60, 0) -> (74, 0);  time 83072 -> 0
17:131072:17:[95232,95236)
  dep: (60, 0) -> (75, 0);  time 83072 -> 0
17:131072:17:[94208,94212)
 INCOMING DEPENDENCIES:
  dep: (0, 0) -> (60, 0);  time 2902 -> 0
18:8:1896:[0,8)
19:8:1897:[0,8)
20:8:1898:[0,8)
21:8:1899:[0,8)
22:8:1900:[0,8)
23:8:1901:[0,8)
  dep: (33, 0) -> (60, 0);  time 81981 -> 0
16:131072:16:[71680,71684)
  dep: (34, 0) -> (60, 0);  time 83312 -> 0
16:131072:16:[74752,74756)[76288,76292)[77056,77060)[77440,77444)[77632,77636)[77676,81888)
  dep: (46, 0) -> (60, 0);  time 83186 -> 0
16:131072:16:[110592,110596)[110688,110692)[110736,114688)
  dep: (47, 0) -> (60, 0);  time 83310 -> 0
16:131072:16:[114688,114724)[116732,116740)
printing dependencies for unit id: (61, 0)
 OUTGOING DEPENDENCIES:
  dep: (61, 0) -> (73, 0);  time 83560 -> 0
17:131072:17:[98304,102196)
  dep: (61, 0) -> (74, 0);  time 83560 -> 0
17:131072:17:[98816,98820)[100608,100612)[101504,101508)[101952,101956)[102176,102180)[102192,106336)
  dep: (61, 0) -> (75, 0);  time 83560 -> 0
17:131072:17:[100352,100356)[103424,103428)[104960,104964)[105728,105732)[106112,106116)[106304,106308)[106328,106332)[106336,106496)
  dep: (61, 0) -> (76, 0);  time 83560 -> 0
17:131072:17:[100352,100356)[105472,105476)
 INCOMING DEPENDENCIES:
  dep: (0, 0) -> (61, 0);  time 3009 -> 0
18:8:1947:[0,8)
19:8:1948:[0,8)
20:8:1949:[0,8)
21:8:1950:[0,8)
22:8:1951:[0,8)
23:8:1952:[0,8)
  dep: (34, 0) -> (61, 0);  time 83312 -> 0
16:131072:16:[73728,73732)[77824,77828)[79872,79876)[80896,80900)[81408,81412)[81664,81668)[81792,81796)[81856,81860)[81872,81876)[81880,81920)
  dep: (35, 0) -> (61, 0);  time 83436 -> 0
16:131072:16:[81920,85960)
  dep: (47, 0) -> (61, 0);  time 83310 -> 0
16:131072:16:[114688,114692)[114720,118844)[122876,122880)
  dep: (48, 0) -> (61, 0);  time 83301 -> 0
16:131072:16:[122880,122884)
printing dependencies for unit id: (62, 0)
 OUTGOING DEPENDENCIES:
  dep: (62, 0) -> (75, 0);  time 83320 -> 0
17:131072:17:[106496,110380)
  dep: (62, 0) -> (76, 0);  time 83320 -> 0
17:131072:17:[108032,108036)[109312,109316)[109952,109956)[110272,110276)[110352,110356)[110372,114472)
  dep: (62, 0) -> (77, 0);  time 83320 -> 0
17:131072:17:[106496,106500)[110592,110596)[112640,112644)[113664,113668)[114176,114180)[114432,114436)[114464,114688)
  dep: (62, 0) -> (78, 0);  time 83320 -> 0
17:131072:17:[112640,112644)
 INCOMING DEPENDENCIES:
  dep: (0, 0) -> (62, 0);  time 3032 -> 0
18:8:1994:[0,8)
19:8:1995:[0,8)
20:8:1996:[0,8)
21:8:1997:[0,8)
22:8:1998:[0,8)
23:8:1999:[0,8)
  dep: (34, 0) -> (62, 0);  time 83312 -> 0
16:131072:16:[79872,79876)
  dep: (35, 0) -> (62, 0);  time 83436 -> 0
16:131072:16:[82944,82948)[84480,84484)[85248,85252)[85632,85636)[85824,85828)[85920,85924)[85944,85948)[85952,90112)
  dep: (36, 0) -> (62, 0);  time 83290 -> 0
16:131072:16:[90112,90212)
  dep: (47, 0) -> (62, 0);  time 83310 -> 0
16:131072:16:[118784,118788)[118832,118836)[118844,122784)
  dep: (48, 0) -> (62, 0);  time 83301 -> 0
16:131072:16:[124924,124932)
printing dependencies for unit id: (63, 0)
 OUTGOING DEPENDENCIES:
  dep: (63, 0) -> (77, 0);  time 83446 -> 0
17:131072:17:[114688,118560)
  dep: (63, 0) -> (78, 0);  time 83446 -> 0
17:131072:17:[115712,115716)[117248,117252)[118016,118020)[118400,118404)[118496,118500)[118544,118548)[118552,122740)
  dep: (63, 0) -> (79, 0);  time 83446 -> 0
17:131072:17:[118784,118788)[120832,120836)[121856,121860)[122368,122372)[122624,122628)[122688,122692)[122720,122724)[122732,122880)
 INCOMING DEPENDENCIES:
  dep: (0, 0) -> (63, 0);  time 3097 -> 0
18:8:2043:[0,8)
19:8:2044:[0,8)
20:8:2045:[0,8)
21:8:2046:[0,8)
22:8:2047:[0,8)
23:8:2048:[0,8)
  dep: (36, 0) -> (63, 0);  time 83290 -> 0
16:131072:16:[90112,90116)[90176,90180)[90208,94292)
  dep: (47, 0) -> (63, 0);  time 83310 -> 0
16:131072:16:[118784,118788)[120832,120836)[121856,121860)[122368,122372)[122624,122628)[122752,122756)[122768,122772)[122776,122880)
  dep: (48, 0) -> (63, 0);  time 83301 -> 0
16:131072:16:[122880,126896)
printing dependencies for unit id: (64, 0)
 OUTGOING DEPENDENCIES:
  dep: (64, 0) -> (79, 0);  time 83264 -> 0
17:131072:17:[122880,126944)
  dep: (64, 0) -> (80, 0);  time 83264 -> 0
17:131072:17:[124928,124932)[125952,125956)[126464,126468)[126720,126724)[126848,126852)[126912,126916)[126940,131072)
 INCOMING DEPENDENCIES:
  dep: (0, 0) -> (64, 0);  time 3120 -> 0
18:8:2088:[0,8)
19:8:2089:[0,8)
20:8:2090:[0,8)
21:8:2091:[0,8)
22:8:2092:[0,8)
23:8:2093:[0,8)
  dep: (36, 0) -> (64, 0);  time 83290 -> 0
16:131072:16:[94208,94212)[94272,94276)[94288,98304)
  dep: (48, 0) -> (64, 0);  time 83301 -> 0
16:131072:16:[124928,124932)[125952,125956)[126464,126468)[126720,126724)[126848,126852)[126880,126884)[126888,131072)
printing dependencies for unit id: (65, 0)
 OUTGOING DEPENDENCIES:
  dep: (65, 0) -> (0, 1);  time 81981 -> 0
 INCOMING DEPENDENCIES:
  dep: (0, 0) -> (65, 0);  time 3290 -> 0
18:8:2155:[0,8)
19:8:2156:[0,8)
20:8:2157:[0,8)
21:8:2158:[0,8)
22:8:2159:[0,8)
23:8:2160:[0,8)
  dep: (49, 0) -> (65, 0);  time 81981 -> 0
17:131072:17:[0,4056)
  dep: (57, 0) -> (65, 0);  time 81981 -> 0
17:131072:17:[65536,69676)
printing dependencies for unit id: (66, 0)
 OUTGOING DEPENDENCIES:
  dep: (66, 0) -> (0, 1);  time 83186 -> 0
 INCOMING DEPENDENCIES:
  dep: (0, 0) -> (66, 0);  time 3313 -> 0
18:8:2176:[0,8)
19:8:2177:[0,8)
20:8:2178:[0,8)
21:8:2179:[0,8)
22:8:2180:[0,8)
23:8:2181:[0,8)
  dep: (49, 0) -> (66, 0);  time 81981 -> 0
17:131072:17:[2048,2052)[3072,3076)[3584,3588)[3840,3844)[3968,3972)[4032,4036)[4048,4052)[4056,8192)
  dep: (57, 0) -> (66, 0);  time 81981 -> 0
17:131072:17:[69632,69636)[69664,73728)
  dep: (58, 0) -> (66, 0);  time 82948 -> 0
17:131072:17:[73728,73732)
printing dependencies for unit id: (67, 0)
 OUTGOING DEPENDENCIES:
  dep: (67, 0) -> (0, 1);  time 83446 -> 0
 INCOMING DEPENDENCIES:
  dep: (0, 0) -> (67, 0);  time 3378 -> 0
18:8:2223:[0,8)
19:8:2224:[0,8)
20:8:2225:[0,8)
21:8:2226:[0,8)
22:8:2227:[0,8)
23:8:2228:[0,8)
  dep: (49, 0) -> (67, 0);  time 81981 -> 0
17:131072:17:[4096,4100)[6144,6148)[7168,7172)[7680,7684)[7936,7940)[8064,8068)[8128,8132)[8160,8164)[8176,8180)[8184,8192)
  dep: (50, 0) -> (67, 0);  time 82938 -> 0
17:131072:17:[8192,12240)
  dep: (58, 0) -> (67, 0);  time 82948 -> 0
17:131072:17:[73728,77876)
printing dependencies for unit id: (68, 0)
 OUTGOING DEPENDENCIES:
  dep: (68, 0) -> (0, 1);  time 83436 -> 0
 INCOMING DEPENDENCIES:
  dep: (0, 0) -> (68, 0);  time 3401 -> 0
18:8:2268:[0,8)
19:8:2269:[0,8)
20:8:2270:[0,8)
21:8:2271:[0,8)
22:8:2272:[0,8)
23:8:2273:[0,8)
  dep: (49, 0) -> (68, 0);  time 81981 -> 0
17:131072:17:[6144,6148)
  dep: (50, 0) -> (68, 0);  time 82938 -> 0
17:131072:17:[9216,9220)[10752,10756)[11520,11524)[11904,11908)[12096,12100)[12192,12196)[12216,12220)[12228,16336)
  dep: (58, 0) -> (68, 0);  time 82948 -> 0
17:131072:17:[77824,77828)[77872,81920)
  dep: (59, 0) -> (68, 0);  time 83436 -> 0
17:131072:17:[81920,81972)[83964,83972)
printing dependencies for unit id: (69, 0)
 OUTGOING DEPENDENCIES:
  dep: (69, 0) -> (0, 1);  time 83320 -> 0
 INCOMING DEPENDENCIES:
  dep: (0, 0) -> (69, 0);  time 3508 -> 0
18:8:2325:[0,8)
19:8:2326:[0,8)
20:8:2327:[0,8)
21:8:2328:[0,8)
22:8:2329:[0,8)
23:8:2330:[0,8)
  dep: (50, 0) -> (69, 0);  time 82938 -> 0
17:131072:17:[8192,8196)[12288,12292)[14336,14340)[15360,15364)[15872,15876)[16128,16132)[16256,16260)[16320,16324)[16332,16384)
  dep: (51, 0) -> (69, 0);  time 83446 -> 0
17:131072:17:[16384,20416)
  dep: (59, 0) -> (69, 0);  time 83436 -> 0
17:131072:17:[81920,81924)[81952,81956)[81968,86084)[90108,90112)
  dep: (60, 0) -> (69, 0);  time 83072 -> 0
17:131072:17:[90112,90116)
printing dependencies for unit id: (70, 0)
 OUTGOING DEPENDENCIES:
  dep: (70, 0) -> (0, 1);  time 83444 -> 0
 INCOMING DEPENDENCIES:
  dep: (0, 0) -> (70, 0);  time 3531 -> 0
18:8:2368:[0,8)
19:8:2369:[0,8)
20:8:2370:[0,8)
21:8:2371:[0,8)
22:8:2372:[0,8)
23:8:2373:[0,8)
  dep: (50, 0) -> (70, 0);  time 82938 -> 0
17:131072:17:[10240,10244)[15360,15364)
  dep: (51, 0) -> (70, 0);  time 83446 -> 0
17:131072:17:[17920,17924)[19200,19204)[19840,19844)[20160,20164)[20320,20324)[20400,20404)[20408,24576)
  dep: (52, 0) -> (70, 0);  time 83186 -> 0
17:131072:17:[24576,24600)
  dep: (59, 0) -> (70, 0);  time 83436 -> 0
17:131072:17:[86016,86020)[86056,86060)[86076,86080)[86084,90092)
  dep: (60, 0) -> (70, 0);  time 83072 -> 0
17:131072:17:[91132,91140)[96252,96260)
printing dependencies for unit id: (71, 0)
 OUTGOING DEPENDENCIES:
  dep: (71, 0) -> (0, 1);  time 83560 -> 0
 INCOMING DEPENDENCIES:
  dep: (0, 0) -> (71, 0);  time 3596 -> 0
18:8:2419:[0,8)
19:8:2420:[0,8)
20:8:2421:[0,8)
21:8:2422:[0,8)
22:8:2423:[0,8)
23:8:2424:[0,8)
  dep: (52, 0) -> (71, 0);  time 83186 -> 0
17:131072:17:[24576,24580)[24588,28796)[30716,30724)
  dep: (53, 0) -> (71, 0);  time 83310 -> 0
17:131072:17:[36860,36868)
  dep: (58, 0) -> (71, 0);  time 82948 -> 0
17:131072:17:[77824,77828)
  dep: (59, 0) -> (71, 0);  time 83436 -> 0
17:131072:17:[83968,83972)[87040,87044)[88576,88580)[89344,89348)[89728,89732)[89920,89924)[90016,90020)[90064,90068)[90088,90112)
  dep: (60, 0) -> (71, 0);  time 83072 -> 0
17:131072:17:[90112,94088)
printing dependencies for unit id: (72, 0)
 OUTGOING DEPENDENCIES:
  dep: (72, 0) -> (0, 1);  time 83560 -> 0
 INCOMING DEPENDENCIES:
  dep: (0, 0) -> (72, 0);  time 3619 -> 0
18:8:2466:[0,8)
19:8:2467:[0,8)
20:8:2468:[0,8)
21:8:2469:[0,8)
22:8:2470:[0,8)
23:8:2471:[0,8)
  dep: (52, 0) -> (72, 0);  time 83186 -> 0
17:131072:17:[28672,28676)[28784,28788)[28796,32768)
  dep: (53, 0) -> (72, 0);  time 83310 -> 0
17:131072:17:[32768,32936)[35836,35844)
  dep: (54, 0) -> (72, 0);  time 83320 -> 0
17:131072:17:[43004,43012)
  dep: (58, 0) -> (72, 0);  time 82948 -> 0
17:131072:17:[79872,79876)
  dep: (59, 0) -> (72, 0);  time 83436 -> 0
17:131072:17:[87040,87044)
  dep: (60, 0) -> (72, 0);  time 83072 -> 0
17:131072:17:[90624,90628)[92416,92420)[93312,93316)[93760,93764)[93984,93988)[94040,94044)[94068,94072)[94080,98140)
printing dependencies for unit id: (73, 0)
 OUTGOING DEPENDENCIES:
  dep: (73, 0) -> (0, 1);  time 83310 -> 0
 INCOMING DEPENDENCIES:
  dep: (0, 0) -> (73, 0);  time 3768 -> 0
18:8:2531:[0,8)
19:8:2532:[0,8)
20:8:2533:[0,8)
21:8:2534:[0,8)
22:8:2535:[0,8)
23:8:2536:[0,8)
  dep: (53, 0) -> (73, 0);  time 83310 -> 0
17:131072:17:[32768,32772)[32896,32900)[32928,37072)[40956,40960)
  dep: (54, 0) -> (73, 0);  time 83320 -> 0
17:131072:17:[40960,40964)[49148,49152)
  dep: (55, 0) -> (73, 0);  time 83436 -> 0
17:131072:17:[49152,49156)
  dep: (59, 0) -> (73, 0);  time 83436 -> 0
17:131072:17:[81920,81924)
  dep: (60, 0) -> (73, 0);  time 83072 -> 0
17:131072:17:[90112,90116)[94208,94212)[96256,96260)[97280,97284)[97792,97796)[98048,98052)[98112,98116)[98140,98304)
  dep: (61, 0) -> (73, 0);  time 83560 -> 0
17:131072:17:[98304,102196)
printing dependencies for unit id: (74, 0)
 OUTGOING DEPENDENCIES:
  dep: (74, 0) -> (0, 1);  time 83444 -> 0
 INCOMING DEPENDENCIES:
  dep: (0, 0) -> (74, 0);  time 3791 -> 0
18:8:2574:[0,8)
19:8:2575:[0,8)
20:8:2576:[0,8)
21:8:2577:[0,8)
22:8:2578:[0,8)
23:8:2579:[0,8)
  dep: (53, 0) -> (74, 0);  time 83310 -> 0
17:131072:17:[36864,36868)[36976,36980)[37032,37036)[37060,37064)[37068,40960)
  dep: (54, 0) -> (74, 0);  time 83320 -> 0
17:131072:17:[40960,41124)[44028,44036)
  dep: (55, 0) -> (74, 0);  time 83436 -> 0
17:131072:17:[51196,51204)
  dep: (59, 0) -> (74, 0);  time 83436 -> 0
17:131072:17:[88064,88068)
  dep: (60, 0) -> (74, 0);  time 83072 -> 0
17:131072:17:[95232,95236)
  dep: (61, 0) -> (74, 0);  time 83560 -> 0
17:131072:17:[98816,98820)[100608,100612)[101504,101508)[101952,101956)[102176,102180)[102192,106336)
printing dependencies for unit id: (75, 0)
 OUTGOING DEPENDENCIES:
  dep: (75, 0) -> (0, 1);  time 83434 -> 0
 INCOMING DEPENDENCIES:
  dep: (0, 0) -> (75, 0);  time 3856 -> 0
18:8:2625:[0,8)
19:8:2626:[0,8)
20:8:2627:[0,8)
21:8:2628:[0,8)
22:8:2629:[0,8)
23:8:2630:[0,8)
  dep: (54, 0) -> (75, 0);  time 83320 -> 0
17:131072:17:[40960,40964)[41056,41060)[41104,41108)[41116,45272)[47100,47108)
  dep: (55, 0) -> (75, 0);  time 83436 -> 0
17:131072:17:[53244,53252)
  dep: (60, 0) -> (75, 0);  time 83072 -> 0
17:131072:17:[94208,94212)
  dep: (61, 0) -> (75, 0);  time 83560 -> 0
17:131072:17:[100352,100356)[103424,103428)[104960,104964)[105728,105732)[106112,106116)[106304,106308)[106328,106332)[106336,106496)
  dep: (62, 0) -> (75, 0);  time 83320 -> 0
17:131072:17:[106496,110380)
printing dependencies for unit id: (76, 0)
 OUTGOING DEPENDENCIES:
  dep: (76, 0) -> (0, 1);  time 83434 -> 0
 INCOMING DEPENDENCIES:
  dep: (0, 0) -> (76, 0);  time 3879 -> 0
18:8:2670:[0,8)
19:8:2671:[0,8)
20:8:2672:[0,8)
21:8:2673:[0,8)
22:8:2674:[0,8)
23:8:2675:[0,8)
  dep: (54, 0) -> (76, 0);  time 83320 -> 0
17:131072:17:[45056,45060)[45216,45220)[45256,45260)[45268,49152)
  dep: (55, 0) -> (76, 0);  time 83436 -> 0
17:131072:17:[49152,49372)[50172,50180)[55292,55300)
  dep: (61, 0) -> (76, 0);  time 83560 -> 0
17:131072:17:[100352,100356)[105472,105476)
  dep: (62, 0) -> (76, 0);  time 83320 -> 0
17:131072:17:[108032,108036)[109312,109316)[109952,109956)[110272,110276)[110352,110356)[110372,114472)
printing dependencies for unit id: (77, 0)
 OUTGOING DEPENDENCIES:
  dep: (77, 0) -> (0, 1);  time 83434 -> 0
 INCOMING DEPENDENCIES:
  dep: (0, 0) -> (77, 0);  time 3986 -> 0
18:8:2727:[0,8)
19:8:2728:[0,8)
20:8:2729:[0,8)
21:8:2730:[0,8)
22:8:2731:[0,8)
23:8:2732:[0,8)
  dep: (55, 0) -> (77, 0);  time 83436 -> 0
17:131072:17:[49152,49156)[49280,49284)[49344,49348)[49360,49364)[49368,53476)[57340,57344)
  dep: (56, 0) -> (77, 0);  time 83175 -> 0
17:131072:17:[57344,57348)
  dep: (62, 0) -> (77, 0);  time 83320 -> 0
17:131072:17:[106496,106500)[110592,110596)[112640,112644)[113664,113668)[114176,114180)[114432,114436)[114464,114688)
  dep: (63, 0) -> (77, 0);  time 83446 -> 0
17:131072:17:[114688,118560)
printing dependencies for unit id: (78, 0)
 OUTGOING DEPENDENCIES:
  dep: (78, 0) -> (0, 1);  time 83310 -> 0
 INCOMING DEPENDENCIES:
  dep: (0, 0) -> (78, 0);  time 4009 -> 0
18:8:2772:[0,8)
19:8:2773:[0,8)
20:8:2774:[0,8)
21:8:2775:[0,8)
22:8:2776:[0,8)
23:8:2777:[0,8)
  dep: (55, 0) -> (78, 0);  time 83436 -> 0
17:131072:17:[53248,53252)[53440,53444)[53464,53468)[53476,57344)
  dep: (56, 0) -> (78, 0);  time 83175 -> 0
17:131072:17:[57344,57488)[59388,59396)
  dep: (62, 0) -> (78, 0);  time 83320 -> 0
17:131072:17:[112640,112644)
  dep: (63, 0) -> (78, 0);  time 83446 -> 0
17:131072:17:[115712,115716)[117248,117252)[118016,118020)[118400,118404)[118496,118500)[118544,118548)[118552,122740)
printing dependencies for unit id: (79, 0)
 OUTGOING DEPENDENCIES:
  dep: (79, 0) -> (0, 1);  time 83186 -> 0
 INCOMING DEPENDENCIES:
  dep: (0, 0) -> (79, 0);  time 4074 -> 0
18:8:2821:[0,8)
19:8:2822:[0,8)
20:8:2823:[0,8)
21:8:2824:[0,8)
22:8:2825:[0,8)
23:8:2826:[0,8)
  dep: (56, 0) -> (79, 0);  time 83175 -> 0
17:131072:17:[57344,57348)[57472,57476)[57488,61476)
  dep: (63, 0) -> (79, 0);  time 83446 -> 0
17:131072:17:[118784,118788)[120832,120836)[121856,121860)[122368,122372)[122624,122628)[122688,122692)[122720,122724)[122732,122880)
  dep: (64, 0) -> (79, 0);  time 83264 -> 0
17:131072:17:[122880,126944)
printing dependencies for unit id: (80, 0)
 OUTGOING DEPENDENCIES:
  dep: (80, 0) -> (0, 1);  time 82927 -> 0
 INCOMING DEPENDENCIES:
  dep: (0, 0) -> (80, 0);  time 4097 -> 0
18:8:2862:[0,8)
19:8:2863:[0,8)
20:8:2864:[0,8)
21:8:2865:[0,8)
22:8:2866:[0,8)
23:8:2867:[0,8)
  dep: (56, 0) -> (80, 0);  time 83175 -> 0
17:131072:17:[61440,61444)[61472,65536)
  dep: (64, 0) -> (80, 0);  time 83264 -> 0
17:131072:17:[124928,124932)[125952,125956)[126464,126468)[126720,126724)[126848,126852)[126912,126916)[126940,131072)
