->;section;tareador_instrumented_section;;;;0
nw;0;[0x7322f0,+8000);global;in_fftw;3dfft_tar.c;11;-|
nw;1;[0x7303b0,+8000);global;out_fftw;3dfft_tar.c;14;-|
nw;2;[0x736630,+8);global;p1d;3dfft_tar.c;18;-|
nw;3;[0x736638,+8);global;p;3dfft_tar.c;17;-|
nw;4;[0x7303a0,+8);global;p_do_not_delete_inserted_for_tareador;/Soft/PAR/fftw3/include/fftw3.h;49;-|
nw;5;[0x734230,+8000);global;tmp_fftw;3dfft_tar.c;12;-|
nw;6;[0x7ffea54cb8aa,+12);stack;argv[0];-|
nw;7;[0x7ffea54ca08c,+4);stack;unknown_name;-|
nw;8;[0x7ffea54ca088,+4);stack;argc;-|
nw;9;[0x7ffea54ca080,+8);stack;argv;-|
nw;10;[0x7ffea54ca07c,+4);stack;i;-|
nw;11;[0x7ffea54ca078,+4);stack;j;-|
nw;12;[0x7ffea54ca074,+4);stack;k;-|
nw;13;[0x7ffea54ca068,+8);stack;stamp;-|
nw;14;[0x7ffea54ca064,+4);stack;errors_count;-|
  ->;section;Tareador_Main;;;;0
  us;13;loads;;stores;[0,8)
    ->;section;start_plan_forward;;;;24
    us;2;loads;;stores;[0,8)
    us;3;loads;;stores;[0,8)
    <-;section;start_plan_forward;;;;44
  nw;23;[0x7ffea54c9f88,+8);stack;in_fftw;-|
  nw;24;[0x7ffea54c9f84,+4);stack;k;-|
  nw;25;[0x7ffea54c9f80,+4);stack;j;-|
  nw;26;[0x7ffea54c9f7c,+4);stack;i;-|
  us;13;loads;[0,8);stores;[0,8)
  us;23;loads;;stores;[0,8)
  us;24;loads;;stores;[0,4)
  us;25;loads;;stores;[0,4)
    ->;section;init_complex_grid_loop_j;;;;81
    us;0;loads;;stores;[0,80)
    us;1;loads;;stores;[0,80)
    us;23;loads;[0,8);stores;
    us;24;loads;[0,4);stores;
    us;25;loads;[0,4);stores;
    us;26;loads;;stores;[0,4)
    <-;section;init_complex_grid_loop_j;;;;1076
  us;25;loads;[0,4);stores;[0,4)
    ->;section;init_complex_grid_loop_j;;;;1084
    us;0;loads;;stores;[80,160)
    us;1;loads;;stores;[80,160)
    us;23;loads;[0,8);stores;
    us;24;loads;[0,4);stores;
    us;25;loads;[0,4);stores;
    us;26;loads;;stores;[0,4)
    <-;section;init_complex_grid_loop_j;;;;2079
  us;25;loads;[0,4);stores;[0,4)
    ->;section;init_complex_grid_loop_j;;;;2087
    us;0;loads;;stores;[160,240)
    us;1;loads;;stores;[160,240)
    us;23;loads;[0,8);stores;
    us;24;loads;[0,4);stores;
    us;25;loads;[0,4);stores;
    us;26;loads;;stores;[0,4)
    <-;section;init_complex_grid_loop_j;;;;3082
  us;25;loads;[0,4);stores;[0,4)
    ->;section;init_complex_grid_loop_j;;;;3090
    us;0;loads;;stores;[240,320)
    us;1;loads;;stores;[240,320)
    us;23;loads;[0,8);stores;
    us;24;loads;[0,4);stores;
    us;25;loads;[0,4);stores;
    us;26;loads;;stores;[0,4)
    <-;section;init_complex_grid_loop_j;;;;4085
  us;25;loads;[0,4);stores;[0,4)
    ->;section;init_complex_grid_loop_j;;;;4093
    us;0;loads;;stores;[320,400)
    us;1;loads;;stores;[320,400)
    us;23;loads;[0,8);stores;
    us;24;loads;[0,4);stores;
    us;25;loads;[0,4);stores;
    us;26;loads;;stores;[0,4)
    <-;section;init_complex_grid_loop_j;;;;5088
  us;25;loads;[0,4);stores;[0,4)
    ->;section;init_complex_grid_loop_j;;;;5096
    us;0;loads;;stores;[400,480)
    us;1;loads;;stores;[400,480)
    us;23;loads;[0,8);stores;
    us;24;loads;[0,4);stores;
    us;25;loads;[0,4);stores;
    us;26;loads;;stores;[0,4)
    <-;section;init_complex_grid_loop_j;;;;6091
  us;25;loads;[0,4);stores;[0,4)
    ->;section;init_complex_grid_loop_j;;;;6099
    us;0;loads;;stores;[480,560)
    us;1;loads;;stores;[480,560)
    us;23;loads;[0,8);stores;
    us;24;loads;[0,4);stores;
    us;25;loads;[0,4);stores;
    us;26;loads;;stores;[0,4)
    <-;section;init_complex_grid_loop_j;;;;7094
  us;25;loads;[0,4);stores;[0,4)
    ->;section;init_complex_grid_loop_j;;;;7102
    us;0;loads;;stores;[560,640)
    us;1;loads;;stores;[560,640)
    us;23;loads;[0,8);stores;
    us;24;loads;[0,4);stores;
    us;25;loads;[0,4);stores;
    us;26;loads;;stores;[0,4)
    <-;section;init_complex_grid_loop_j;;;;8097
  us;25;loads;[0,4);stores;[0,4)
    ->;section;init_complex_grid_loop_j;;;;8105
    us;0;loads;;stores;[640,720)
    us;1;loads;;stores;[640,720)
    us;23;loads;[0,8);stores;
    us;24;loads;[0,4);stores;
    us;25;loads;[0,4);stores;
    us;26;loads;;stores;[0,4)
    <-;section;init_complex_grid_loop_j;;;;9100
  us;25;loads;[0,4);stores;[0,4)
    ->;section;init_complex_grid_loop_j;;;;9108
    us;0;loads;;stores;[720,800)
    us;1;loads;;stores;[720,800)
    us;23;loads;[0,8);stores;
    us;24;loads;[0,4);stores;
    us;25;loads;[0,4);stores;
    us;26;loads;;stores;[0,4)
    <-;section;init_complex_grid_loop_j;;;;10103
  us;24;loads;[0,4);stores;[0,4)
  us;25;loads;[0,4);stores;[0,4)
    ->;section;init_complex_grid_loop_j;;;;10124
    us;0;loads;;stores;[800,880)
    us;1;loads;;stores;[800,880)
    us;23;loads;[0,8);stores;
    us;24;loads;[0,4);stores;
    us;25;loads;[0,4);stores;
    us;26;loads;;stores;[0,4)
    <-;section;init_complex_grid_loop_j;;;;11119
  us;25;loads;[0,4);stores;[0,4)
    ->;section;init_complex_grid_loop_j;;;;11127
    us;0;loads;;stores;[880,960)
    us;1;loads;;stores;[880,960)
    us;23;loads;[0,8);stores;
    us;24;loads;[0,4);stores;
    us;25;loads;[0,4);stores;
    us;26;loads;;stores;[0,4)
    <-;section;init_complex_grid_loop_j;;;;12122
  us;25;loads;[0,4);stores;[0,4)
    ->;section;init_complex_grid_loop_j;;;;12130
    us;0;loads;;stores;[960,1040)
    us;1;loads;;stores;[960,1040)
    us;23;loads;[0,8);stores;
    us;24;loads;[0,4);stores;
    us;25;loads;[0,4);stores;
    us;26;loads;;stores;[0,4)
    <-;section;init_complex_grid_loop_j;;;;13125
  us;25;loads;[0,4);stores;[0,4)
    ->;section;init_complex_grid_loop_j;;;;13133
    us;0;loads;;stores;[1040,1120)
    us;1;loads;;stores;[1040,1120)
    us;23;loads;[0,8);stores;
    us;24;loads;[0,4);stores;
    us;25;loads;[0,4);stores;
    us;26;loads;;stores;[0,4)
    <-;section;init_complex_grid_loop_j;;;;14128
  us;25;loads;[0,4);stores;[0,4)
    ->;section;init_complex_grid_loop_j;;;;14136
    us;0;loads;;stores;[1120,1200)
    us;1;loads;;stores;[1120,1200)
    us;23;loads;[0,8);stores;
    us;24;loads;[0,4);stores;
    us;25;loads;[0,4);stores;
    us;26;loads;;stores;[0,4)
    <-;section;init_complex_grid_loop_j;;;;15131
  us;25;loads;[0,4);stores;[0,4)
    ->;section;init_complex_grid_loop_j;;;;15139
    us;0;loads;;stores;[1200,1280)
    us;1;loads;;stores;[1200,1280)
    us;23;loads;[0,8);stores;
    us;24;loads;[0,4);stores;
    us;25;loads;[0,4);stores;
    us;26;loads;;stores;[0,4)
    <-;section;init_complex_grid_loop_j;;;;16134
  us;25;loads;[0,4);stores;[0,4)
    ->;section;init_complex_grid_loop_j;;;;16142
    us;0;loads;;stores;[1280,1360)
    us;1;loads;;stores;[1280,1360)
    us;23;loads;[0,8);stores;
    us;24;loads;[0,4);stores;
    us;25;loads;[0,4);stores;
    us;26;loads;;stores;[0,4)
    <-;section;init_complex_grid_loop_j;;;;17137
  us;25;loads;[0,4);stores;[0,4)
    ->;section;init_complex_grid_loop_j;;;;17145
    us;0;loads;;stores;[1360,1440)
    us;1;loads;;stores;[1360,1440)
    us;23;loads;[0,8);stores;
    us;24;loads;[0,4);stores;
    us;25;loads;[0,4);stores;
    us;26;loads;;stores;[0,4)
    <-;section;init_complex_grid_loop_j;;;;18140
  us;25;loads;[0,4);stores;[0,4)
    ->;section;init_complex_grid_loop_j;;;;18148
    us;0;loads;;stores;[1440,1520)
    us;1;loads;;stores;[1440,1520)
    us;23;loads;[0,8);stores;
    us;24;loads;[0,4);stores;
    us;25;loads;[0,4);stores;
    us;26;loads;;stores;[0,4)
    <-;section;init_complex_grid_loop_j;;;;19143
  us;25;loads;[0,4);stores;[0,4)
    ->;section;init_complex_grid_loop_j;;;;19151
    us;0;loads;;stores;[1520,1600)
    us;1;loads;;stores;[1520,1600)
    us;23;loads;[0,8);stores;
    us;24;loads;[0,4);stores;
    us;25;loads;[0,4);stores;
    us;26;loads;;stores;[0,4)
    <-;section;init_complex_grid_loop_j;;;;20146
  us;24;loads;[0,4);stores;[0,4)
  us;25;loads;[0,4);stores;[0,4)
    ->;section;init_complex_grid_loop_j;;;;20167
    us;0;loads;;stores;[1600,1680)
    us;1;loads;;stores;[1600,1680)
    us;23;loads;[0,8);stores;
    us;24;loads;[0,4);stores;
    us;25;loads;[0,4);stores;
    us;26;loads;;stores;[0,4)
    <-;section;init_complex_grid_loop_j;;;;21162
  us;25;loads;[0,4);stores;[0,4)
    ->;section;init_complex_grid_loop_j;;;;21170
    us;0;loads;;stores;[1680,1760)
    us;1;loads;;stores;[1680,1760)
    us;23;loads;[0,8);stores;
    us;24;loads;[0,4);stores;
    us;25;loads;[0,4);stores;
    us;26;loads;;stores;[0,4)
    <-;section;init_complex_grid_loop_j;;;;22165
  us;25;loads;[0,4);stores;[0,4)
    ->;section;init_complex_grid_loop_j;;;;22173
    us;0;loads;;stores;[1760,1840)
    us;1;loads;;stores;[1760,1840)
    us;23;loads;[0,8);stores;
    us;24;loads;[0,4);stores;
    us;25;loads;[0,4);stores;
    us;26;loads;;stores;[0,4)
    <-;section;init_complex_grid_loop_j;;;;23168
  us;25;loads;[0,4);stores;[0,4)
    ->;section;init_complex_grid_loop_j;;;;23176
    us;0;loads;;stores;[1840,1920)
    us;1;loads;;stores;[1840,1920)
    us;23;loads;[0,8);stores;
    us;24;loads;[0,4);stores;
    us;25;loads;[0,4);stores;
    us;26;loads;;stores;[0,4)
    <-;section;init_complex_grid_loop_j;;;;24171
  us;25;loads;[0,4);stores;[0,4)
    ->;section;init_complex_grid_loop_j;;;;24179
    us;0;loads;;stores;[1920,2000)
    us;1;loads;;stores;[1920,2000)
    us;23;loads;[0,8);stores;
    us;24;loads;[0,4);stores;
    us;25;loads;[0,4);stores;
    us;26;loads;;stores;[0,4)
    <-;section;init_complex_grid_loop_j;;;;25174
  us;25;loads;[0,4);stores;[0,4)
    ->;section;init_complex_grid_loop_j;;;;25182
    us;0;loads;;stores;[2000,2080)
    us;1;loads;;stores;[2000,2080)
    us;23;loads;[0,8);stores;
    us;24;loads;[0,4);stores;
    us;25;loads;[0,4);stores;
    us;26;loads;;stores;[0,4)
    <-;section;init_complex_grid_loop_j;;;;26177
  us;25;loads;[0,4);stores;[0,4)
    ->;section;init_complex_grid_loop_j;;;;26185
    us;0;loads;;stores;[2080,2160)
    us;1;loads;;stores;[2080,2160)
    us;23;loads;[0,8);stores;
    us;24;loads;[0,4);stores;
    us;25;loads;[0,4);stores;
    us;26;loads;;stores;[0,4)
    <-;section;init_complex_grid_loop_j;;;;27180
  us;25;loads;[0,4);stores;[0,4)
    ->;section;init_complex_grid_loop_j;;;;27188
    us;0;loads;;stores;[2160,2240)
    us;1;loads;;stores;[2160,2240)
    us;23;loads;[0,8);stores;
    us;24;loads;[0,4);stores;
    us;25;loads;[0,4);stores;
    us;26;loads;;stores;[0,4)
    <-;section;init_complex_grid_loop_j;;;;28183
  us;25;loads;[0,4);stores;[0,4)
    ->;section;init_complex_grid_loop_j;;;;28191
    us;0;loads;;stores;[2240,2320)
    us;1;loads;;stores;[2240,2320)
    us;23;loads;[0,8);stores;
    us;24;loads;[0,4);stores;
    us;25;loads;[0,4);stores;
    us;26;loads;;stores;[0,4)
    <-;section;init_complex_grid_loop_j;;;;29186
  us;25;loads;[0,4);stores;[0,4)
    ->;section;init_complex_grid_loop_j;;;;29194
    us;0;loads;;stores;[2320,2400)
    us;1;loads;;stores;[2320,2400)
    us;23;loads;[0,8);stores;
    us;24;loads;[0,4);stores;
    us;25;loads;[0,4);stores;
    us;26;loads;;stores;[0,4)
    <-;section;init_complex_grid_loop_j;;;;30189
  us;24;loads;[0,4);stores;[0,4)
  us;25;loads;[0,4);stores;[0,4)
    ->;section;init_complex_grid_loop_j;;;;30210
    us;0;loads;;stores;[2400,2480)
    us;1;loads;;stores;[2400,2480)
    us;23;loads;[0,8);stores;
    us;24;loads;[0,4);stores;
    us;25;loads;[0,4);stores;
    us;26;loads;;stores;[0,4)
    <-;section;init_complex_grid_loop_j;;;;31205
  us;25;loads;[0,4);stores;[0,4)
    ->;section;init_complex_grid_loop_j;;;;31213
    us;0;loads;;stores;[2480,2560)
    us;1;loads;;stores;[2480,2560)
    us;23;loads;[0,8);stores;
    us;24;loads;[0,4);stores;
    us;25;loads;[0,4);stores;
    us;26;loads;;stores;[0,4)
    <-;section;init_complex_grid_loop_j;;;;32208
  us;25;loads;[0,4);stores;[0,4)
    ->;section;init_complex_grid_loop_j;;;;32216
    us;0;loads;;stores;[2560,2640)
    us;1;loads;;stores;[2560,2640)
    us;23;loads;[0,8);stores;
    us;24;loads;[0,4);stores;
    us;25;loads;[0,4);stores;
    us;26;loads;;stores;[0,4)
    <-;section;init_complex_grid_loop_j;;;;33211
  us;25;loads;[0,4);stores;[0,4)
    ->;section;init_complex_grid_loop_j;;;;33219
    us;0;loads;;stores;[2640,2720)
    us;1;loads;;stores;[2640,2720)
    us;23;loads;[0,8);stores;
    us;24;loads;[0,4);stores;
    us;25;loads;[0,4);stores;
    us;26;loads;;stores;[0,4)
    <-;section;init_complex_grid_loop_j;;;;34214
  us;25;loads;[0,4);stores;[0,4)
    ->;section;init_complex_grid_loop_j;;;;34222
    us;0;loads;;stores;[2720,2800)
    us;1;loads;;stores;[2720,2800)
    us;23;loads;[0,8);stores;
    us;24;loads;[0,4);stores;
    us;25;loads;[0,4);stores;
    us;26;loads;;stores;[0,4)
    <-;section;init_complex_grid_loop_j;;;;35217
  us;25;loads;[0,4);stores;[0,4)
    ->;section;init_complex_grid_loop_j;;;;35225
    us;0;loads;;stores;[2800,2880)
    us;1;loads;;stores;[2800,2880)
    us;23;loads;[0,8);stores;
    us;24;loads;[0,4);stores;
    us;25;loads;[0,4);stores;
    us;26;loads;;stores;[0,4)
    <-;section;init_complex_grid_loop_j;;;;36220
  us;25;loads;[0,4);stores;[0,4)
    ->;section;init_complex_grid_loop_j;;;;36228
    us;0;loads;;stores;[2880,2960)
    us;1;loads;;stores;[2880,2960)
    us;23;loads;[0,8);stores;
    us;24;loads;[0,4);stores;
    us;25;loads;[0,4);stores;
    us;26;loads;;stores;[0,4)
    <-;section;init_complex_grid_loop_j;;;;37223
  us;25;loads;[0,4);stores;[0,4)
    ->;section;init_complex_grid_loop_j;;;;37231
    us;0;loads;;stores;[2960,3040)
    us;1;loads;;stores;[2960,3040)
    us;23;loads;[0,8);stores;
    us;24;loads;[0,4);stores;
    us;25;loads;[0,4);stores;
    us;26;loads;;stores;[0,4)
    <-;section;init_complex_grid_loop_j;;;;38226
  us;25;loads;[0,4);stores;[0,4)
    ->;section;init_complex_grid_loop_j;;;;38234
    us;0;loads;;stores;[3040,3120)
    us;1;loads;;stores;[3040,3120)
    us;23;loads;[0,8);stores;
    us;24;loads;[0,4);stores;
    us;25;loads;[0,4);stores;
    us;26;loads;;stores;[0,4)
    <-;section;init_complex_grid_loop_j;;;;39229
  us;25;loads;[0,4);stores;[0,4)
    ->;section;init_complex_grid_loop_j;;;;39237
    us;0;loads;;stores;[3120,3200)
    us;1;loads;;stores;[3120,3200)
    us;23;loads;[0,8);stores;
    us;24;loads;[0,4);stores;
    us;25;loads;[0,4);stores;
    us;26;loads;;stores;[0,4)
    <-;section;init_complex_grid_loop_j;;;;40232
  us;24;loads;[0,4);stores;[0,4)
  us;25;loads;[0,4);stores;[0,4)
    ->;section;init_complex_grid_loop_j;;;;40253
    us;0;loads;;stores;[3200,3280)
    us;1;loads;;stores;[3200,3280)
    us;23;loads;[0,8);stores;
    us;24;loads;[0,4);stores;
    us;25;loads;[0,4);stores;
    us;26;loads;;stores;[0,4)
    <-;section;init_complex_grid_loop_j;;;;41248
  us;25;loads;[0,4);stores;[0,4)
    ->;section;init_complex_grid_loop_j;;;;41256
    us;0;loads;;stores;[3280,3360)
    us;1;loads;;stores;[3280,3360)
    us;23;loads;[0,8);stores;
    us;24;loads;[0,4);stores;
    us;25;loads;[0,4);stores;
    us;26;loads;;stores;[0,4)
    <-;section;init_complex_grid_loop_j;;;;42251
  us;25;loads;[0,4);stores;[0,4)
    ->;section;init_complex_grid_loop_j;;;;42259
    us;0;loads;;stores;[3360,3440)
    us;1;loads;;stores;[3360,3440)
    us;23;loads;[0,8);stores;
    us;24;loads;[0,4);stores;
    us;25;loads;[0,4);stores;
    us;26;loads;;stores;[0,4)
    <-;section;init_complex_grid_loop_j;;;;43254
  us;25;loads;[0,4);stores;[0,4)
    ->;section;init_complex_grid_loop_j;;;;43262
    us;0;loads;;stores;[3440,3520)
    us;1;loads;;stores;[3440,3520)
    us;23;loads;[0,8);stores;
    us;24;loads;[0,4);stores;
    us;25;loads;[0,4);stores;
    us;26;loads;;stores;[0,4)
    <-;section;init_complex_grid_loop_j;;;;44257
  us;25;loads;[0,4);stores;[0,4)
    ->;section;init_complex_grid_loop_j;;;;44265
    us;0;loads;;stores;[3520,3600)
    us;1;loads;;stores;[3520,3600)
    us;23;loads;[0,8);stores;
    us;24;loads;[0,4);stores;
    us;25;loads;[0,4);stores;
    us;26;loads;;stores;[0,4)
    <-;section;init_complex_grid_loop_j;;;;45260
  us;25;loads;[0,4);stores;[0,4)
    ->;section;init_complex_grid_loop_j;;;;45268
    us;0;loads;;stores;[3600,3680)
    us;1;loads;;stores;[3600,3680)
    us;23;loads;[0,8);stores;
    us;24;loads;[0,4);stores;
    us;25;loads;[0,4);stores;
    us;26;loads;;stores;[0,4)
    <-;section;init_complex_grid_loop_j;;;;46263
  us;25;loads;[0,4);stores;[0,4)
    ->;section;init_complex_grid_loop_j;;;;46271
    us;0;loads;;stores;[3680,3760)
    us;1;loads;;stores;[3680,3760)
    us;23;loads;[0,8);stores;
    us;24;loads;[0,4);stores;
    us;25;loads;[0,4);stores;
    us;26;loads;;stores;[0,4)
    <-;section;init_complex_grid_loop_j;;;;47266
  us;25;loads;[0,4);stores;[0,4)
    ->;section;init_complex_grid_loop_j;;;;47274
    us;0;loads;;stores;[3760,3840)
    us;1;loads;;stores;[3760,3840)
    us;23;loads;[0,8);stores;
    us;24;loads;[0,4);stores;
    us;25;loads;[0,4);stores;
    us;26;loads;;stores;[0,4)
    <-;section;init_complex_grid_loop_j;;;;48269
  us;25;loads;[0,4);stores;[0,4)
    ->;section;init_complex_grid_loop_j;;;;48277
    us;0;loads;;stores;[3840,3920)
    us;1;loads;;stores;[3840,3920)
    us;23;loads;[0,8);stores;
    us;24;loads;[0,4);stores;
    us;25;loads;[0,4);stores;
    us;26;loads;;stores;[0,4)
    <-;section;init_complex_grid_loop_j;;;;49272
  us;25;loads;[0,4);stores;[0,4)
    ->;section;init_complex_grid_loop_j;;;;49280
    us;0;loads;;stores;[3920,4000)
    us;1;loads;;stores;[3920,4000)
    us;23;loads;[0,8);stores;
    us;24;loads;[0,4);stores;
    us;25;loads;[0,4);stores;
    us;26;loads;;stores;[0,4)
    <-;section;init_complex_grid_loop_j;;;;50275
  us;24;loads;[0,4);stores;[0,4)
  us;25;loads;[0,4);stores;[0,4)
    ->;section;init_complex_grid_loop_j;;;;50296
    us;0;loads;;stores;[4000,4080)
    us;1;loads;;stores;[4000,4080)
    us;23;loads;[0,8);stores;
    us;24;loads;[0,4);stores;
    us;25;loads;[0,4);stores;
    us;26;loads;;stores;[0,4)
    <-;section;init_complex_grid_loop_j;;;;51291
  us;25;loads;[0,4);stores;[0,4)
    ->;section;init_complex_grid_loop_j;;;;51299
    us;0;loads;;stores;[4080,4160)
    us;1;loads;;stores;[4080,4160)
    us;23;loads;[0,8);stores;
    us;24;loads;[0,4);stores;
    us;25;loads;[0,4);stores;
    us;26;loads;;stores;[0,4)
    <-;section;init_complex_grid_loop_j;;;;52294
  us;25;loads;[0,4);stores;[0,4)
    ->;section;init_complex_grid_loop_j;;;;52302
    us;0;loads;;stores;[4160,4240)
    us;1;loads;;stores;[4160,4240)
    us;23;loads;[0,8);stores;
    us;24;loads;[0,4);stores;
    us;25;loads;[0,4);stores;
    us;26;loads;;stores;[0,4)
    <-;section;init_complex_grid_loop_j;;;;53297
  us;25;loads;[0,4);stores;[0,4)
    ->;section;init_complex_grid_loop_j;;;;53305
    us;0;loads;;stores;[4240,4320)
    us;1;loads;;stores;[4240,4320)
    us;23;loads;[0,8);stores;
    us;24;loads;[0,4);stores;
    us;25;loads;[0,4);stores;
    us;26;loads;;stores;[0,4)
    <-;section;init_complex_grid_loop_j;;;;54300
  us;25;loads;[0,4);stores;[0,4)
    ->;section;init_complex_grid_loop_j;;;;54308
    us;0;loads;;stores;[4320,4400)
    us;1;loads;;stores;[4320,4400)
    us;23;loads;[0,8);stores;
    us;24;loads;[0,4);stores;
    us;25;loads;[0,4);stores;
    us;26;loads;;stores;[0,4)
    <-;section;init_complex_grid_loop_j;;;;55303
  us;25;loads;[0,4);stores;[0,4)
    ->;section;init_complex_grid_loop_j;;;;55311
    us;0;loads;;stores;[4400,4480)
    us;1;loads;;stores;[4400,4480)
    us;23;loads;[0,8);stores;
    us;24;loads;[0,4);stores;
    us;25;loads;[0,4);stores;
    us;26;loads;;stores;[0,4)
    <-;section;init_complex_grid_loop_j;;;;56306
  us;25;loads;[0,4);stores;[0,4)
    ->;section;init_complex_grid_loop_j;;;;56314
    us;0;loads;;stores;[4480,4560)
    us;1;loads;;stores;[4480,4560)
    us;23;loads;[0,8);stores;
    us;24;loads;[0,4);stores;
    us;25;loads;[0,4);stores;
    us;26;loads;;stores;[0,4)
    <-;section;init_complex_grid_loop_j;;;;57309
  us;25;loads;[0,4);stores;[0,4)
    ->;section;init_complex_grid_loop_j;;;;57317
    us;0;loads;;stores;[4560,4640)
    us;1;loads;;stores;[4560,4640)
    us;23;loads;[0,8);stores;
    us;24;loads;[0,4);stores;
    us;25;loads;[0,4);stores;
    us;26;loads;;stores;[0,4)
    <-;section;init_complex_grid_loop_j;;;;58312
  us;25;loads;[0,4);stores;[0,4)
    ->;section;init_complex_grid_loop_j;;;;58320
    us;0;loads;;stores;[4640,4720)
    us;1;loads;;stores;[4640,4720)
    us;23;loads;[0,8);stores;
    us;24;loads;[0,4);stores;
    us;25;loads;[0,4);stores;
    us;26;loads;;stores;[0,4)
    <-;section;init_complex_grid_loop_j;;;;59315
  us;25;loads;[0,4);stores;[0,4)
    ->;section;init_complex_grid_loop_j;;;;59323
    us;0;loads;;stores;[4720,4800)
    us;1;loads;;stores;[4720,4800)
    us;23;loads;[0,8);stores;
    us;24;loads;[0,4);stores;
    us;25;loads;[0,4);stores;
    us;26;loads;;stores;[0,4)
    <-;section;init_complex_grid_loop_j;;;;60318
  us;24;loads;[0,4);stores;[0,4)
  us;25;loads;[0,4);stores;[0,4)
    ->;section;init_complex_grid_loop_j;;;;60339
    us;0;loads;;stores;[4800,4880)
    us;1;loads;;stores;[4800,4880)
    us;23;loads;[0,8);stores;
    us;24;loads;[0,4);stores;
    us;25;loads;[0,4);stores;
    us;26;loads;;stores;[0,4)
    <-;section;init_complex_grid_loop_j;;;;61334
  us;25;loads;[0,4);stores;[0,4)
    ->;section;init_complex_grid_loop_j;;;;61342
    us;0;loads;;stores;[4880,4960)
    us;1;loads;;stores;[4880,4960)
    us;23;loads;[0,8);stores;
    us;24;loads;[0,4);stores;
    us;25;loads;[0,4);stores;
    us;26;loads;;stores;[0,4)
    <-;section;init_complex_grid_loop_j;;;;62337
  us;25;loads;[0,4);stores;[0,4)
    ->;section;init_complex_grid_loop_j;;;;62345
    us;0;loads;;stores;[4960,5040)
    us;1;loads;;stores;[4960,5040)
    us;23;loads;[0,8);stores;
    us;24;loads;[0,4);stores;
    us;25;loads;[0,4);stores;
    us;26;loads;;stores;[0,4)
    <-;section;init_complex_grid_loop_j;;;;63340
  us;25;loads;[0,4);stores;[0,4)
    ->;section;init_complex_grid_loop_j;;;;63348
    us;0;loads;;stores;[5040,5120)
    us;1;loads;;stores;[5040,5120)
    us;23;loads;[0,8);stores;
    us;24;loads;[0,4);stores;
    us;25;loads;[0,4);stores;
    us;26;loads;;stores;[0,4)
    <-;section;init_complex_grid_loop_j;;;;64343
  us;25;loads;[0,4);stores;[0,4)
    ->;section;init_complex_grid_loop_j;;;;64351
    us;0;loads;;stores;[5120,5200)
    us;1;loads;;stores;[5120,5200)
    us;23;loads;[0,8);stores;
    us;24;loads;[0,4);stores;
    us;25;loads;[0,4);stores;
    us;26;loads;;stores;[0,4)
    <-;section;init_complex_grid_loop_j;;;;65346
  us;25;loads;[0,4);stores;[0,4)
    ->;section;init_complex_grid_loop_j;;;;65354
    us;0;loads;;stores;[5200,5280)
    us;1;loads;;stores;[5200,5280)
    us;23;loads;[0,8);stores;
    us;24;loads;[0,4);stores;
    us;25;loads;[0,4);stores;
    us;26;loads;;stores;[0,4)
    <-;section;init_complex_grid_loop_j;;;;66349
  us;25;loads;[0,4);stores;[0,4)
    ->;section;init_complex_grid_loop_j;;;;66357
    us;0;loads;;stores;[5280,5360)
    us;1;loads;;stores;[5280,5360)
    us;23;loads;[0,8);stores;
    us;24;loads;[0,4);stores;
    us;25;loads;[0,4);stores;
    us;26;loads;;stores;[0,4)
    <-;section;init_complex_grid_loop_j;;;;67352
  us;25;loads;[0,4);stores;[0,4)
    ->;section;init_complex_grid_loop_j;;;;67360
    us;0;loads;;stores;[5360,5440)
    us;1;loads;;stores;[5360,5440)
    us;23;loads;[0,8);stores;
    us;24;loads;[0,4);stores;
    us;25;loads;[0,4);stores;
    us;26;loads;;stores;[0,4)
    <-;section;init_complex_grid_loop_j;;;;68355
  us;25;loads;[0,4);stores;[0,4)
    ->;section;init_complex_grid_loop_j;;;;68363
    us;0;loads;;stores;[5440,5520)
    us;1;loads;;stores;[5440,5520)
    us;23;loads;[0,8);stores;
    us;24;loads;[0,4);stores;
    us;25;loads;[0,4);stores;
    us;26;loads;;stores;[0,4)
    <-;section;init_complex_grid_loop_j;;;;69358
  us;25;loads;[0,4);stores;[0,4)
    ->;section;init_complex_grid_loop_j;;;;69366
    us;0;loads;;stores;[5520,5600)
    us;1;loads;;stores;[5520,5600)
    us;23;loads;[0,8);stores;
    us;24;loads;[0,4);stores;
    us;25;loads;[0,4);stores;
    us;26;loads;;stores;[0,4)
    <-;section;init_complex_grid_loop_j;;;;70361
  us;24;loads;[0,4);stores;[0,4)
  us;25;loads;[0,4);stores;[0,4)
    ->;section;init_complex_grid_loop_j;;;;70382
    us;0;loads;;stores;[5600,5680)
    us;1;loads;;stores;[5600,5680)
    us;23;loads;[0,8);stores;
    us;24;loads;[0,4);stores;
    us;25;loads;[0,4);stores;
    us;26;loads;;stores;[0,4)
    <-;section;init_complex_grid_loop_j;;;;71377
  us;25;loads;[0,4);stores;[0,4)
    ->;section;init_complex_grid_loop_j;;;;71385
    us;0;loads;;stores;[5680,5760)
    us;1;loads;;stores;[5680,5760)
    us;23;loads;[0,8);stores;
    us;24;loads;[0,4);stores;
    us;25;loads;[0,4);stores;
    us;26;loads;;stores;[0,4)
    <-;section;init_complex_grid_loop_j;;;;72380
  us;25;loads;[0,4);stores;[0,4)
    ->;section;init_complex_grid_loop_j;;;;72388
    us;0;loads;;stores;[5760,5840)
    us;1;loads;;stores;[5760,5840)
    us;23;loads;[0,8);stores;
    us;24;loads;[0,4);stores;
    us;25;loads;[0,4);stores;
    us;26;loads;;stores;[0,4)
    <-;section;init_complex_grid_loop_j;;;;73383
  us;25;loads;[0,4);stores;[0,4)
    ->;section;init_complex_grid_loop_j;;;;73391
    us;0;loads;;stores;[5840,5920)
    us;1;loads;;stores;[5840,5920)
    us;23;loads;[0,8);stores;
    us;24;loads;[0,4);stores;
    us;25;loads;[0,4);stores;
    us;26;loads;;stores;[0,4)
    <-;section;init_complex_grid_loop_j;;;;74386
  us;25;loads;[0,4);stores;[0,4)
    ->;section;init_complex_grid_loop_j;;;;74394
    us;0;loads;;stores;[5920,6000)
    us;1;loads;;stores;[5920,6000)
    us;23;loads;[0,8);stores;
    us;24;loads;[0,4);stores;
    us;25;loads;[0,4);stores;
    us;26;loads;;stores;[0,4)
    <-;section;init_complex_grid_loop_j;;;;75389
  us;25;loads;[0,4);stores;[0,4)
    ->;section;init_complex_grid_loop_j;;;;75397
    us;0;loads;;stores;[6000,6080)
    us;1;loads;;stores;[6000,6080)
    us;23;loads;[0,8);stores;
    us;24;loads;[0,4);stores;
    us;25;loads;[0,4);stores;
    us;26;loads;;stores;[0,4)
    <-;section;init_complex_grid_loop_j;;;;76392
  us;25;loads;[0,4);stores;[0,4)
    ->;section;init_complex_grid_loop_j;;;;76400
    us;0;loads;;stores;[6080,6160)
    us;1;loads;;stores;[6080,6160)
    us;23;loads;[0,8);stores;
    us;24;loads;[0,4);stores;
    us;25;loads;[0,4);stores;
    us;26;loads;;stores;[0,4)
    <-;section;init_complex_grid_loop_j;;;;77395
  us;25;loads;[0,4);stores;[0,4)
    ->;section;init_complex_grid_loop_j;;;;77403
    us;0;loads;;stores;[6160,6240)
    us;1;loads;;stores;[6160,6240)
    us;23;loads;[0,8);stores;
    us;24;loads;[0,4);stores;
    us;25;loads;[0,4);stores;
    us;26;loads;;stores;[0,4)
    <-;section;init_complex_grid_loop_j;;;;78398
  us;25;loads;[0,4);stores;[0,4)
    ->;section;init_complex_grid_loop_j;;;;78406
    us;0;loads;;stores;[6240,6320)
    us;1;loads;;stores;[6240,6320)
    us;23;loads;[0,8);stores;
    us;24;loads;[0,4);stores;
    us;25;loads;[0,4);stores;
    us;26;loads;;stores;[0,4)
    <-;section;init_complex_grid_loop_j;;;;79401
  us;25;loads;[0,4);stores;[0,4)
    ->;section;init_complex_grid_loop_j;;;;79409
    us;0;loads;;stores;[6320,6400)
    us;1;loads;;stores;[6320,6400)
    us;23;loads;[0,8);stores;
    us;24;loads;[0,4);stores;
    us;25;loads;[0,4);stores;
    us;26;loads;;stores;[0,4)
    <-;section;init_complex_grid_loop_j;;;;80404
  us;24;loads;[0,4);stores;[0,4)
  us;25;loads;[0,4);stores;[0,4)
    ->;section;init_complex_grid_loop_j;;;;80425
    us;0;loads;;stores;[6400,6480)
    us;1;loads;;stores;[6400,6480)
    us;23;loads;[0,8);stores;
    us;24;loads;[0,4);stores;
    us;25;loads;[0,4);stores;
    us;26;loads;;stores;[0,4)
    <-;section;init_complex_grid_loop_j;;;;81420
  us;25;loads;[0,4);stores;[0,4)
    ->;section;init_complex_grid_loop_j;;;;81428
    us;0;loads;;stores;[6480,6560)
    us;1;loads;;stores;[6480,6560)
    us;23;loads;[0,8);stores;
    us;24;loads;[0,4);stores;
    us;25;loads;[0,4);stores;
    us;26;loads;;stores;[0,4)
    <-;section;init_complex_grid_loop_j;;;;82423
  us;25;loads;[0,4);stores;[0,4)
    ->;section;init_complex_grid_loop_j;;;;82431
    us;0;loads;;stores;[6560,6640)
    us;1;loads;;stores;[6560,6640)
    us;23;loads;[0,8);stores;
    us;24;loads;[0,4);stores;
    us;25;loads;[0,4);stores;
    us;26;loads;;stores;[0,4)
    <-;section;init_complex_grid_loop_j;;;;83426
  us;25;loads;[0,4);stores;[0,4)
    ->;section;init_complex_grid_loop_j;;;;83434
    us;0;loads;;stores;[6640,6720)
    us;1;loads;;stores;[6640,6720)
    us;23;loads;[0,8);stores;
    us;24;loads;[0,4);stores;
    us;25;loads;[0,4);stores;
    us;26;loads;;stores;[0,4)
    <-;section;init_complex_grid_loop_j;;;;84429
  us;25;loads;[0,4);stores;[0,4)
    ->;section;init_complex_grid_loop_j;;;;84437
    us;0;loads;;stores;[6720,6800)
    us;1;loads;;stores;[6720,6800)
    us;23;loads;[0,8);stores;
    us;24;loads;[0,4);stores;
    us;25;loads;[0,4);stores;
    us;26;loads;;stores;[0,4)
    <-;section;init_complex_grid_loop_j;;;;85432
  us;25;loads;[0,4);stores;[0,4)
    ->;section;init_complex_grid_loop_j;;;;85440
    us;0;loads;;stores;[6800,6880)
    us;1;loads;;stores;[6800,6880)
    us;23;loads;[0,8);stores;
    us;24;loads;[0,4);stores;
    us;25;loads;[0,4);stores;
    us;26;loads;;stores;[0,4)
    <-;section;init_complex_grid_loop_j;;;;86435
  us;25;loads;[0,4);stores;[0,4)
    ->;section;init_complex_grid_loop_j;;;;86443
    us;0;loads;;stores;[6880,6960)
    us;1;loads;;stores;[6880,6960)
    us;23;loads;[0,8);stores;
    us;24;loads;[0,4);stores;
    us;25;loads;[0,4);stores;
    us;26;loads;;stores;[0,4)
    <-;section;init_complex_grid_loop_j;;;;87438
  us;25;loads;[0,4);stores;[0,4)
    ->;section;init_complex_grid_loop_j;;;;87446
    us;0;loads;;stores;[6960,7040)
    us;1;loads;;stores;[6960,7040)
    us;23;loads;[0,8);stores;
    us;24;loads;[0,4);stores;
    us;25;loads;[0,4);stores;
    us;26;loads;;stores;[0,4)
    <-;section;init_complex_grid_loop_j;;;;88441
  us;25;loads;[0,4);stores;[0,4)
    ->;section;init_complex_grid_loop_j;;;;88449
    us;0;loads;;stores;[7040,7120)
    us;1;loads;;stores;[7040,7120)
    us;23;loads;[0,8);stores;
    us;24;loads;[0,4);stores;
    us;25;loads;[0,4);stores;
    us;26;loads;;stores;[0,4)
    <-;section;init_complex_grid_loop_j;;;;89444
  us;25;loads;[0,4);stores;[0,4)
    ->;section;init_complex_grid_loop_j;;;;89452
    us;0;loads;;stores;[7120,7200)
    us;1;loads;;stores;[7120,7200)
    us;23;loads;[0,8);stores;
    us;24;loads;[0,4);stores;
    us;25;loads;[0,4);stores;
    us;26;loads;;stores;[0,4)
    <-;section;init_complex_grid_loop_j;;;;90447
  us;24;loads;[0,4);stores;[0,4)
  us;25;loads;[0,4);stores;[0,4)
    ->;section;init_complex_grid_loop_j;;;;90468
    us;0;loads;;stores;[7200,7280)
    us;1;loads;;stores;[7200,7280)
    us;23;loads;[0,8);stores;
    us;24;loads;[0,4);stores;
    us;25;loads;[0,4);stores;
    us;26;loads;;stores;[0,4)
    <-;section;init_complex_grid_loop_j;;;;91463
  us;25;loads;[0,4);stores;[0,4)
    ->;section;init_complex_grid_loop_j;;;;91471
    us;0;loads;;stores;[7280,7360)
    us;1;loads;;stores;[7280,7360)
    us;23;loads;[0,8);stores;
    us;24;loads;[0,4);stores;
    us;25;loads;[0,4);stores;
    us;26;loads;;stores;[0,4)
    <-;section;init_complex_grid_loop_j;;;;92466
  us;25;loads;[0,4);stores;[0,4)
    ->;section;init_complex_grid_loop_j;;;;92474
    us;0;loads;;stores;[7360,7440)
    us;1;loads;;stores;[7360,7440)
    us;23;loads;[0,8);stores;
    us;24;loads;[0,4);stores;
    us;25;loads;[0,4);stores;
    us;26;loads;;stores;[0,4)
    <-;section;init_complex_grid_loop_j;;;;93469
  us;25;loads;[0,4);stores;[0,4)
    ->;section;init_complex_grid_loop_j;;;;93477
    us;0;loads;;stores;[7440,7520)
    us;1;loads;;stores;[7440,7520)
    us;23;loads;[0,8);stores;
    us;24;loads;[0,4);stores;
    us;25;loads;[0,4);stores;
    us;26;loads;;stores;[0,4)
    <-;section;init_complex_grid_loop_j;;;;94472
  us;25;loads;[0,4);stores;[0,4)
    ->;section;init_complex_grid_loop_j;;;;94480
    us;0;loads;;stores;[7520,7600)
    us;1;loads;;stores;[7520,7600)
    us;23;loads;[0,8);stores;
    us;24;loads;[0,4);stores;
    us;25;loads;[0,4);stores;
    us;26;loads;;stores;[0,4)
    <-;section;init_complex_grid_loop_j;;;;95475
  us;25;loads;[0,4);stores;[0,4)
    ->;section;init_complex_grid_loop_j;;;;95483
    us;0;loads;;stores;[7600,7680)
    us;1;loads;;stores;[7600,7680)
    us;23;loads;[0,8);stores;
    us;24;loads;[0,4);stores;
    us;25;loads;[0,4);stores;
    us;26;loads;;stores;[0,4)
    <-;section;init_complex_grid_loop_j;;;;96478
  us;25;loads;[0,4);stores;[0,4)
    ->;section;init_complex_grid_loop_j;;;;96486
    us;0;loads;;stores;[7680,7760)
    us;1;loads;;stores;[7680,7760)
    us;23;loads;[0,8);stores;
    us;24;loads;[0,4);stores;
    us;25;loads;[0,4);stores;
    us;26;loads;;stores;[0,4)
    <-;section;init_complex_grid_loop_j;;;;97481
  us;25;loads;[0,4);stores;[0,4)
    ->;section;init_complex_grid_loop_j;;;;97489
    us;0;loads;;stores;[7760,7840)
    us;1;loads;;stores;[7760,7840)
    us;23;loads;[0,8);stores;
    us;24;loads;[0,4);stores;
    us;25;loads;[0,4);stores;
    us;26;loads;;stores;[0,4)
    <-;section;init_complex_grid_loop_j;;;;98484
  us;25;loads;[0,4);stores;[0,4)
    ->;section;init_complex_grid_loop_j;;;;98492
    us;0;loads;;stores;[7840,7920)
    us;1;loads;;stores;[7840,7920)
    us;23;loads;[0,8);stores;
    us;24;loads;[0,4);stores;
    us;25;loads;[0,4);stores;
    us;26;loads;;stores;[0,4)
    <-;section;init_complex_grid_loop_j;;;;99487
  us;25;loads;[0,4);stores;[0,4)
    ->;section;init_complex_grid_loop_j;;;;99495
    us;0;loads;;stores;[7920,8000)
    us;1;loads;;stores;[7920,8000)
    us;23;loads;[0,8);stores;
    us;24;loads;[0,4);stores;
    us;25;loads;[0,4);stores;
    us;26;loads;;stores;[0,4)
    <-;section;init_complex_grid_loop_j;;;;100490
  nw;31;[0x7ffea54c9f88,+8);stack;p1d;-|
  nw;32;[0x7ffea54c9f80,+8);stack;in_fftw;-|
  nw;33;[0x7ffea54c9f7c,+4);stack;k;-|
  nw;34;[0x7ffea54c9f78,+4);stack;j;-|
  us;2;loads;[0,8);stores;
  us;13;loads;[0,8);stores;[0,8)
  us;24;loads;[0,4);stores;[0,4)
  us;25;loads;[0,4);stores;[0,4)
  us;31;loads;;stores;[0,8)
  us;32;loads;;stores;[0,8)
  us;33;loads;;stores;[0,4)
  dl;23;[0x7ffea54c9f88,+8);stack;in_fftw;-|
  dl;24;[0x7ffea54c9f84,+4);stack;k;-|
  dl;25;[0x7ffea54c9f80,+4);stack;j;-|
  dl;26;[0x7ffea54c9f7c,+4);stack;i;-|
    ->;section;ffts1_planes_loop_k;;;;100540
    us;0;loads;[0,800);stores;[0,800)
    us;31;loads;[0,8);stores;
    us;32;loads;[0,8);stores;
    us;33;loads;[0,4);stores;
    us;34;loads;;stores;[0,4)
    <-;section;ffts1_planes_loop_k;;;;110845
  us;33;loads;[0,4);stores;[0,4)
    ->;section;ffts1_planes_loop_k;;;;110853
    us;0;loads;[800,1600);stores;[800,1600)
    us;31;loads;[0,8);stores;
    us;32;loads;[0,8);stores;
    us;33;loads;[0,4);stores;
    us;34;loads;;stores;[0,4)
    <-;section;ffts1_planes_loop_k;;;;121158
  us;33;loads;[0,4);stores;[0,4)
    ->;section;ffts1_planes_loop_k;;;;121166
    us;0;loads;[1600,2400);stores;[1600,2400)
    us;31;loads;[0,8);stores;
    us;32;loads;[0,8);stores;
    us;33;loads;[0,4);stores;
    us;34;loads;;stores;[0,4)
    <-;section;ffts1_planes_loop_k;;;;131471
  us;33;loads;[0,4);stores;[0,4)
    ->;section;ffts1_planes_loop_k;;;;131479
    us;0;loads;[2400,3200);stores;[2400,3200)
    us;31;loads;[0,8);stores;
    us;32;loads;[0,8);stores;
    us;33;loads;[0,4);stores;
    us;34;loads;;stores;[0,4)
    <-;section;ffts1_planes_loop_k;;;;141784
  us;33;loads;[0,4);stores;[0,4)
    ->;section;ffts1_planes_loop_k;;;;141792
    us;0;loads;[3200,4000);stores;[3200,4000)
    us;31;loads;[0,8);stores;
    us;32;loads;[0,8);stores;
    us;33;loads;[0,4);stores;
    us;34;loads;;stores;[0,4)
    <-;section;ffts1_planes_loop_k;;;;152097
  us;33;loads;[0,4);stores;[0,4)
    ->;section;ffts1_planes_loop_k;;;;152105
    us;0;loads;[4000,4800);stores;[4000,4800)
    us;31;loads;[0,8);stores;
    us;32;loads;[0,8);stores;
    us;33;loads;[0,4);stores;
    us;34;loads;;stores;[0,4)
    <-;section;ffts1_planes_loop_k;;;;162410
  us;33;loads;[0,4);stores;[0,4)
    ->;section;ffts1_planes_loop_k;;;;162418
    us;0;loads;[4800,5600);stores;[4800,5600)
    us;31;loads;[0,8);stores;
    us;32;loads;[0,8);stores;
    us;33;loads;[0,4);stores;
    us;34;loads;;stores;[0,4)
    <-;section;ffts1_planes_loop_k;;;;172723
  us;33;loads;[0,4);stores;[0,4)
    ->;section;ffts1_planes_loop_k;;;;172731
    us;0;loads;[5600,6400);stores;[5600,6400)
    us;31;loads;[0,8);stores;
    us;32;loads;[0,8);stores;
    us;33;loads;[0,4);stores;
    us;34;loads;;stores;[0,4)
    <-;section;ffts1_planes_loop_k;;;;183036
  us;33;loads;[0,4);stores;[0,4)
    ->;section;ffts1_planes_loop_k;;;;183044
    us;0;loads;[6400,7200);stores;[6400,7200)
    us;31;loads;[0,8);stores;
    us;32;loads;[0,8);stores;
    us;33;loads;[0,4);stores;
    us;34;loads;;stores;[0,4)
    <-;section;ffts1_planes_loop_k;;;;193349
  us;33;loads;[0,4);stores;[0,4)
    ->;section;ffts1_planes_loop_k;;;;193357
    us;0;loads;[7200,8000);stores;[7200,8000)
    us;31;loads;[0,8);stores;
    us;32;loads;[0,8);stores;
    us;33;loads;[0,4);stores;
    us;34;loads;;stores;[0,4)
    <-;section;ffts1_planes_loop_k;;;;203662
  nw;35;[0x7ffea54c9f88,+8);stack;tmp_fftw;-|
  nw;36;[0x7ffea54c9f80,+8);stack;in_fftw;-|
  nw;37;[0x7ffea54c9f7c,+4);stack;k;-|
  nw;38;[0x7ffea54c9f78,+4);stack;j;-|
  nw;39;[0x7ffea54c9f74,+4);stack;i;-|
  us;33;loads;[0,4);stores;[0,4)
  us;35;loads;;stores;[0,8)
  us;36;loads;;stores;[0,8)
  us;37;loads;;stores;[0,4)
  dl;31;[0x7ffea54c9f88,+8);stack;p1d;-|
  dl;32;[0x7ffea54c9f80,+8);stack;in_fftw;-|
  dl;33;[0x7ffea54c9f7c,+4);stack;k;-|
  dl;34;[0x7ffea54c9f78,+4);stack;j;-|
    ->;section;Transpose_xy_loop_k;;;;203683
    us;0;loads;[0,800);stores;
    us;5;loads;;stores;[0,800)
    us;35;loads;[0,8);stores;
    us;36;loads;[0,8);stores;
    us;37;loads;[0,4);stores;
    us;38;loads;;stores;[0,4)
    us;39;loads;;stores;[0,4)
    <-;section;Transpose_xy_loop_k;;;;209418
  us;37;loads;[0,4);stores;[0,4)
    ->;section;Transpose_xy_loop_k;;;;209426
    us;0;loads;[800,1600);stores;
    us;5;loads;;stores;[800,1600)
    us;35;loads;[0,8);stores;
    us;36;loads;[0,8);stores;
    us;37;loads;[0,4);stores;
    us;38;loads;;stores;[0,4)
    us;39;loads;;stores;[0,4)
    <-;section;Transpose_xy_loop_k;;;;215161
  us;37;loads;[0,4);stores;[0,4)
    ->;section;Transpose_xy_loop_k;;;;215169
    us;0;loads;[1600,2400);stores;
    us;5;loads;;stores;[1600,2400)
    us;35;loads;[0,8);stores;
    us;36;loads;[0,8);stores;
    us;37;loads;[0,4);stores;
    us;38;loads;;stores;[0,4)
    us;39;loads;;stores;[0,4)
    <-;section;Transpose_xy_loop_k;;;;220904
  us;37;loads;[0,4);stores;[0,4)
    ->;section;Transpose_xy_loop_k;;;;220912
    us;0;loads;[2400,3200);stores;
    us;5;loads;;stores;[2400,3200)
    us;35;loads;[0,8);stores;
    us;36;loads;[0,8);stores;
    us;37;loads;[0,4);stores;
    us;38;loads;;stores;[0,4)
    us;39;loads;;stores;[0,4)
    <-;section;Transpose_xy_loop_k;;;;226647
  us;37;loads;[0,4);stores;[0,4)
    ->;section;Transpose_xy_loop_k;;;;226655
    us;0;loads;[3200,4000);stores;
    us;5;loads;;stores;[3200,4000)
    us;35;loads;[0,8);stores;
    us;36;loads;[0,8);stores;
    us;37;loads;[0,4);stores;
    us;38;loads;;stores;[0,4)
    us;39;loads;;stores;[0,4)
    <-;section;Transpose_xy_loop_k;;;;232390
  us;37;loads;[0,4);stores;[0,4)
    ->;section;Transpose_xy_loop_k;;;;232398
    us;0;loads;[4000,4800);stores;
    us;5;loads;;stores;[4000,4800)
    us;35;loads;[0,8);stores;
    us;36;loads;[0,8);stores;
    us;37;loads;[0,4);stores;
    us;38;loads;;stores;[0,4)
    us;39;loads;;stores;[0,4)
    <-;section;Transpose_xy_loop_k;;;;238133
  us;37;loads;[0,4);stores;[0,4)
    ->;section;Transpose_xy_loop_k;;;;238141
    us;0;loads;[4800,5600);stores;
    us;5;loads;;stores;[4800,5600)
    us;35;loads;[0,8);stores;
    us;36;loads;[0,8);stores;
    us;37;loads;[0,4);stores;
    us;38;loads;;stores;[0,4)
    us;39;loads;;stores;[0,4)
    <-;section;Transpose_xy_loop_k;;;;243876
  us;37;loads;[0,4);stores;[0,4)
    ->;section;Transpose_xy_loop_k;;;;243884
    us;0;loads;[5600,6400);stores;
    us;5;loads;;stores;[5600,6400)
    us;35;loads;[0,8);stores;
    us;36;loads;[0,8);stores;
    us;37;loads;[0,4);stores;
    us;38;loads;;stores;[0,4)
    us;39;loads;;stores;[0,4)
    <-;section;Transpose_xy_loop_k;;;;249619
  us;37;loads;[0,4);stores;[0,4)
    ->;section;Transpose_xy_loop_k;;;;249627
    us;0;loads;[6400,7200);stores;
    us;5;loads;;stores;[6400,7200)
    us;35;loads;[0,8);stores;
    us;36;loads;[0,8);stores;
    us;37;loads;[0,4);stores;
    us;38;loads;;stores;[0,4)
    us;39;loads;;stores;[0,4)
    <-;section;Transpose_xy_loop_k;;;;255362
  us;37;loads;[0,4);stores;[0,4)
    ->;section;Transpose_xy_loop_k;;;;255370
    us;0;loads;[7200,8000);stores;
    us;5;loads;;stores;[7200,8000)
    us;35;loads;[0,8);stores;
    us;36;loads;[0,8);stores;
    us;37;loads;[0,4);stores;
    us;38;loads;;stores;[0,4)
    us;39;loads;;stores;[0,4)
    <-;section;Transpose_xy_loop_k;;;;261105
  nw;40;[0x7ffea54c9f88,+8);stack;p1d;-|
  nw;41;[0x7ffea54c9f80,+8);stack;in_fftw;-|
  nw;42;[0x7ffea54c9f7c,+4);stack;k;-|
  nw;43;[0x7ffea54c9f78,+4);stack;j;-|
  us;2;loads;[0,8);stores;
  us;37;loads;[0,4);stores;[0,4)
  us;40;loads;;stores;[0,8)
  us;41;loads;;stores;[0,8)
  us;42;loads;;stores;[0,4)
  dl;35;[0x7ffea54c9f88,+8);stack;tmp_fftw;-|
  dl;36;[0x7ffea54c9f80,+8);stack;in_fftw;-|
  dl;37;[0x7ffea54c9f7c,+4);stack;k;-|
  dl;38;[0x7ffea54c9f78,+4);stack;j;-|
  dl;39;[0x7ffea54c9f74,+4);stack;i;-|
    ->;section;ffts1_planes_loop_k;;;;261125
    us;5;loads;[0,800);stores;[0,800)
    us;40;loads;[0,8);stores;
    us;41;loads;[0,8);stores;
    us;42;loads;[0,4);stores;
    us;43;loads;;stores;[0,4)
    <-;section;ffts1_planes_loop_k;;;;271430
  us;42;loads;[0,4);stores;[0,4)
    ->;section;ffts1_planes_loop_k;;;;271438
    us;5;loads;[800,1600);stores;[800,1600)
    us;40;loads;[0,8);stores;
    us;41;loads;[0,8);stores;
    us;42;loads;[0,4);stores;
    us;43;loads;;stores;[0,4)
    <-;section;ffts1_planes_loop_k;;;;281743
  us;42;loads;[0,4);stores;[0,4)
    ->;section;ffts1_planes_loop_k;;;;281751
    us;5;loads;[1600,2400);stores;[1600,2400)
    us;40;loads;[0,8);stores;
    us;41;loads;[0,8);stores;
    us;42;loads;[0,4);stores;
    us;43;loads;;stores;[0,4)
    <-;section;ffts1_planes_loop_k;;;;292056
  us;42;loads;[0,4);stores;[0,4)
    ->;section;ffts1_planes_loop_k;;;;292064
    us;5;loads;[2400,3200);stores;[2400,3200)
    us;40;loads;[0,8);stores;
    us;41;loads;[0,8);stores;
    us;42;loads;[0,4);stores;
    us;43;loads;;stores;[0,4)
    <-;section;ffts1_planes_loop_k;;;;302369
  us;42;loads;[0,4);stores;[0,4)
    ->;section;ffts1_planes_loop_k;;;;302377
    us;5;loads;[3200,4000);stores;[3200,4000)
    us;40;loads;[0,8);stores;
    us;41;loads;[0,8);stores;
    us;42;loads;[0,4);stores;
    us;43;loads;;stores;[0,4)
    <-;section;ffts1_planes_loop_k;;;;312682
  us;42;loads;[0,4);stores;[0,4)
    ->;section;ffts1_planes_loop_k;;;;312690
    us;5;loads;[4000,4800);stores;[4000,4800)
    us;40;loads;[0,8);stores;
    us;41;loads;[0,8);stores;
    us;42;loads;[0,4);stores;
    us;43;loads;;stores;[0,4)
    <-;section;ffts1_planes_loop_k;;;;322995
  us;42;loads;[0,4);stores;[0,4)
    ->;section;ffts1_planes_loop_k;;;;323003
    us;5;loads;[4800,5600);stores;[4800,5600)
    us;40;loads;[0,8);stores;
    us;41;loads;[0,8);stores;
    us;42;loads;[0,4);stores;
    us;43;loads;;stores;[0,4)
    <-;section;ffts1_planes_loop_k;;;;333308
  us;42;loads;[0,4);stores;[0,4)
    ->;section;ffts1_planes_loop_k;;;;333316
    us;5;loads;[5600,6400);stores;[5600,6400)
    us;40;loads;[0,8);stores;
    us;41;loads;[0,8);stores;
    us;42;loads;[0,4);stores;
    us;43;loads;;stores;[0,4)
    <-;section;ffts1_planes_loop_k;;;;343621
  us;42;loads;[0,4);stores;[0,4)
    ->;section;ffts1_planes_loop_k;;;;343629
    us;5;loads;[6400,7200);stores;[6400,7200)
    us;40;loads;[0,8);stores;
    us;41;loads;[0,8);stores;
    us;42;loads;[0,4);stores;
    us;43;loads;;stores;[0,4)
    <-;section;ffts1_planes_loop_k;;;;353934
  us;42;loads;[0,4);stores;[0,4)
    ->;section;ffts1_planes_loop_k;;;;353942
    us;5;loads;[7200,8000);stores;[7200,8000)
    us;40;loads;[0,8);stores;
    us;41;loads;[0,8);stores;
    us;42;loads;[0,4);stores;
    us;43;loads;;stores;[0,4)
    <-;section;ffts1_planes_loop_k;;;;364247
  nw;44;[0x7ffea54c9f88,+8);stack;in_fftw;-|
  nw;45;[0x7ffea54c9f80,+8);stack;tmp_fftw;-|
  nw;46;[0x7ffea54c9f7c,+4);stack;k;-|
  nw;47;[0x7ffea54c9f78,+4);stack;j;-|
  nw;48;[0x7ffea54c9f74,+4);stack;i;-|
  us;42;loads;[0,4);stores;[0,4)
  us;44;loads;;stores;[0,8)
  us;45;loads;;stores;[0,8)
  us;46;loads;;stores;[0,4)
  dl;40;[0x7ffea54c9f88,+8);stack;p1d;-|
  dl;41;[0x7ffea54c9f80,+8);stack;in_fftw;-|
  dl;42;[0x7ffea54c9f7c,+4);stack;k;-|
  dl;43;[0x7ffea54c9f78,+4);stack;j;-|
    ->;section;Transpose_zx_loop_k;;;;364268
    us;0;loads;;stores;[0,8)[80,88)[160,168)[240,248)[320,328)[400,408)[480,488)[560,568)[640,648)[720,728)[800,808)[880,888)[960,968)[1040,1048)[1120,1128)[1200,1208)[1280,1288)[1360,1368)[1440,1448)[1520,1528)[1600,1608)[1680,1688)[1760,1768)[1840,1848)[1920,1928)[2000,2008)[2080,2088)[2160,2168)[2240,2248)[2320,2328)[2400,2408)[2480,2488)[2560,2568)[2640,2648)[2720,2728)[2800,2808)[2880,2888)[2960,2968)[3040,3048)[3120,3128)[3200,3208)[3280,3288)[3360,3368)[3440,3448)[3520,3528)[3600,3608)[3680,3688)[3760,3768)[3840,3848)[3920,3928)[4000,4008)[4080,4088)[4160,4168)[4240,4248)[4320,4328)[4400,4408)[4480,4488)[4560,4568)[4640,4648)[4720,4728)[4800,4808)[4880,4888)[4960,4968)[5040,5048)[5120,5128)[5200,5208)[5280,5288)[5360,5368)[5440,5448)[5520,5528)[5600,5608)[5680,5688)[5760,5768)[5840,5848)[5920,5928)[6000,6008)[6080,6088)[6160,6168)[6240,6248)[6320,6328)[6400,6408)[6480,6488)[6560,6568)[6640,6648)[6720,6728)[6800,6808)[6880,6888)[6960,6968)[7040,7048)[7120,7128)[7200,7208)[7280,7288)[7360,7368)[7440,7448)[7520,7528)[7600,7608)[7680,7688)[7760,7768)[7840,7848)[7920,7928)
    us;5;loads;[0,800);stores;
    us;44;loads;[0,8);stores;
    us;45;loads;[0,8);stores;
    us;46;loads;[0,4);stores;
    us;47;loads;;stores;[0,4)
    us;48;loads;;stores;[0,4)
    <-;section;Transpose_zx_loop_k;;;;370003
  us;46;loads;[0,4);stores;[0,4)
    ->;section;Transpose_zx_loop_k;;;;370011
    us;0;loads;;stores;[8,16)[88,96)[168,176)[248,256)[328,336)[408,416)[488,496)[568,576)[648,656)[728,736)[808,816)[888,896)[968,976)[1048,1056)[1128,1136)[1208,1216)[1288,1296)[1368,1376)[1448,1456)[1528,1536)[1608,1616)[1688,1696)[1768,1776)[1848,1856)[1928,1936)[2008,2016)[2088,2096)[2168,2176)[2248,2256)[2328,2336)[2408,2416)[2488,2496)[2568,2576)[2648,2656)[2728,2736)[2808,2816)[2888,2896)[2968,2976)[3048,3056)[3128,3136)[3208,3216)[3288,3296)[3368,3376)[3448,3456)[3528,3536)[3608,3616)[3688,3696)[3768,3776)[3848,3856)[3928,3936)[4008,4016)[4088,4096)[4168,4176)[4248,4256)[4328,4336)[4408,4416)[4488,4496)[4568,4576)[4648,4656)[4728,4736)[4808,4816)[4888,4896)[4968,4976)[5048,5056)[5128,5136)[5208,5216)[5288,5296)[5368,5376)[5448,5456)[5528,5536)[5608,5616)[5688,5696)[5768,5776)[5848,5856)[5928,5936)[6008,6016)[6088,6096)[6168,6176)[6248,6256)[6328,6336)[6408,6416)[6488,6496)[6568,6576)[6648,6656)[6728,6736)[6808,6816)[6888,6896)[6968,6976)[7048,7056)[7128,7136)[7208,7216)[7288,7296)[7368,7376)[7448,7456)[7528,7536)[7608,7616)[7688,7696)[7768,7776)[7848,7856)[7928,7936)
    us;5;loads;[800,1600);stores;
    us;44;loads;[0,8);stores;
    us;45;loads;[0,8);stores;
    us;46;loads;[0,4);stores;
    us;47;loads;;stores;[0,4)
    us;48;loads;;stores;[0,4)
    <-;section;Transpose_zx_loop_k;;;;375746
  us;46;loads;[0,4);stores;[0,4)
    ->;section;Transpose_zx_loop_k;;;;375754
    us;0;loads;;stores;[16,24)[96,104)[176,184)[256,264)[336,344)[416,424)[496,504)[576,584)[656,664)[736,744)[816,824)[896,904)[976,984)[1056,1064)[1136,1144)[1216,1224)[1296,1304)[1376,1384)[1456,1464)[1536,1544)[1616,1624)[1696,1704)[1776,1784)[1856,1864)[1936,1944)[2016,2024)[2096,2104)[2176,2184)[2256,2264)[2336,2344)[2416,2424)[2496,2504)[2576,2584)[2656,2664)[2736,2744)[2816,2824)[2896,2904)[2976,2984)[3056,3064)[3136,3144)[3216,3224)[3296,3304)[3376,3384)[3456,3464)[3536,3544)[3616,3624)[3696,3704)[3776,3784)[3856,3864)[3936,3944)[4016,4024)[4096,4104)[4176,4184)[4256,4264)[4336,4344)[4416,4424)[4496,4504)[4576,4584)[4656,4664)[4736,4744)[4816,4824)[4896,4904)[4976,4984)[5056,5064)[5136,5144)[5216,5224)[5296,5304)[5376,5384)[5456,5464)[5536,5544)[5616,5624)[5696,5704)[5776,5784)[5856,5864)[5936,5944)[6016,6024)[6096,6104)[6176,6184)[6256,6264)[6336,6344)[6416,6424)[6496,6504)[6576,6584)[6656,6664)[6736,6744)[6816,6824)[6896,6904)[6976,6984)[7056,7064)[7136,7144)[7216,7224)[7296,7304)[7376,7384)[7456,7464)[7536,7544)[7616,7624)[7696,7704)[7776,7784)[7856,7864)[7936,7944)
    us;5;loads;[1600,2400);stores;
    us;44;loads;[0,8);stores;
    us;45;loads;[0,8);stores;
    us;46;loads;[0,4);stores;
    us;47;loads;;stores;[0,4)
    us;48;loads;;stores;[0,4)
    <-;section;Transpose_zx_loop_k;;;;381489
  us;46;loads;[0,4);stores;[0,4)
    ->;section;Transpose_zx_loop_k;;;;381497
    us;0;loads;;stores;[24,32)[104,112)[184,192)[264,272)[344,352)[424,432)[504,512)[584,592)[664,672)[744,752)[824,832)[904,912)[984,992)[1064,1072)[1144,1152)[1224,1232)[1304,1312)[1384,1392)[1464,1472)[1544,1552)[1624,1632)[1704,1712)[1784,1792)[1864,1872)[1944,1952)[2024,2032)[2104,2112)[2184,2192)[2264,2272)[2344,2352)[2424,2432)[2504,2512)[2584,2592)[2664,2672)[2744,2752)[2824,2832)[2904,2912)[2984,2992)[3064,3072)[3144,3152)[3224,3232)[3304,3312)[3384,3392)[3464,3472)[3544,3552)[3624,3632)[3704,3712)[3784,3792)[3864,3872)[3944,3952)[4024,4032)[4104,4112)[4184,4192)[4264,4272)[4344,4352)[4424,4432)[4504,4512)[4584,4592)[4664,4672)[4744,4752)[4824,4832)[4904,4912)[4984,4992)[5064,5072)[5144,5152)[5224,5232)[5304,5312)[5384,5392)[5464,5472)[5544,5552)[5624,5632)[5704,5712)[5784,5792)[5864,5872)[5944,5952)[6024,6032)[6104,6112)[6184,6192)[6264,6272)[6344,6352)[6424,6432)[6504,6512)[6584,6592)[6664,6672)[6744,6752)[6824,6832)[6904,6912)[6984,6992)[7064,7072)[7144,7152)[7224,7232)[7304,7312)[7384,7392)[7464,7472)[7544,7552)[7624,7632)[7704,7712)[7784,7792)[7864,7872)[7944,7952)
    us;5;loads;[2400,3200);stores;
    us;44;loads;[0,8);stores;
    us;45;loads;[0,8);stores;
    us;46;loads;[0,4);stores;
    us;47;loads;;stores;[0,4)
    us;48;loads;;stores;[0,4)
    <-;section;Transpose_zx_loop_k;;;;387232
  us;46;loads;[0,4);stores;[0,4)
    ->;section;Transpose_zx_loop_k;;;;387240
    us;0;loads;;stores;[32,40)[112,120)[192,200)[272,280)[352,360)[432,440)[512,520)[592,600)[672,680)[752,760)[832,840)[912,920)[992,1000)[1072,1080)[1152,1160)[1232,1240)[1312,1320)[1392,1400)[1472,1480)[1552,1560)[1632,1640)[1712,1720)[1792,1800)[1872,1880)[1952,1960)[2032,2040)[2112,2120)[2192,2200)[2272,2280)[2352,2360)[2432,2440)[2512,2520)[2592,2600)[2672,2680)[2752,2760)[2832,2840)[2912,2920)[2992,3000)[3072,3080)[3152,3160)[3232,3240)[3312,3320)[3392,3400)[3472,3480)[3552,3560)[3632,3640)[3712,3720)[3792,3800)[3872,3880)[3952,3960)[4032,4040)[4112,4120)[4192,4200)[4272,4280)[4352,4360)[4432,4440)[4512,4520)[4592,4600)[4672,4680)[4752,4760)[4832,4840)[4912,4920)[4992,5000)[5072,5080)[5152,5160)[5232,5240)[5312,5320)[5392,5400)[5472,5480)[5552,5560)[5632,5640)[5712,5720)[5792,5800)[5872,5880)[5952,5960)[6032,6040)[6112,6120)[6192,6200)[6272,6280)[6352,6360)[6432,6440)[6512,6520)[6592,6600)[6672,6680)[6752,6760)[6832,6840)[6912,6920)[6992,7000)[7072,7080)[7152,7160)[7232,7240)[7312,7320)[7392,7400)[7472,7480)[7552,7560)[7632,7640)[7712,7720)[7792,7800)[7872,7880)[7952,7960)
    us;5;loads;[3200,4000);stores;
    us;44;loads;[0,8);stores;
    us;45;loads;[0,8);stores;
    us;46;loads;[0,4);stores;
    us;47;loads;;stores;[0,4)
    us;48;loads;;stores;[0,4)
    <-;section;Transpose_zx_loop_k;;;;392975
  us;46;loads;[0,4);stores;[0,4)
    ->;section;Transpose_zx_loop_k;;;;392983
    us;0;loads;;stores;[40,48)[120,128)[200,208)[280,288)[360,368)[440,448)[520,528)[600,608)[680,688)[760,768)[840,848)[920,928)[1000,1008)[1080,1088)[1160,1168)[1240,1248)[1320,1328)[1400,1408)[1480,1488)[1560,1568)[1640,1648)[1720,1728)[1800,1808)[1880,1888)[1960,1968)[2040,2048)[2120,2128)[2200,2208)[2280,2288)[2360,2368)[2440,2448)[2520,2528)[2600,2608)[2680,2688)[2760,2768)[2840,2848)[2920,2928)[3000,3008)[3080,3088)[3160,3168)[3240,3248)[3320,3328)[3400,3408)[3480,3488)[3560,3568)[3640,3648)[3720,3728)[3800,3808)[3880,3888)[3960,3968)[4040,4048)[4120,4128)[4200,4208)[4280,4288)[4360,4368)[4440,4448)[4520,4528)[4600,4608)[4680,4688)[4760,4768)[4840,4848)[4920,4928)[5000,5008)[5080,5088)[5160,5168)[5240,5248)[5320,5328)[5400,5408)[5480,5488)[5560,5568)[5640,5648)[5720,5728)[5800,5808)[5880,5888)[5960,5968)[6040,6048)[6120,6128)[6200,6208)[6280,6288)[6360,6368)[6440,6448)[6520,6528)[6600,6608)[6680,6688)[6760,6768)[6840,6848)[6920,6928)[7000,7008)[7080,7088)[7160,7168)[7240,7248)[7320,7328)[7400,7408)[7480,7488)[7560,7568)[7640,7648)[7720,7728)[7800,7808)[7880,7888)[7960,7968)
    us;5;loads;[4000,4800);stores;
    us;44;loads;[0,8);stores;
    us;45;loads;[0,8);stores;
    us;46;loads;[0,4);stores;
    us;47;loads;;stores;[0,4)
    us;48;loads;;stores;[0,4)
    <-;section;Transpose_zx_loop_k;;;;398718
  us;46;loads;[0,4);stores;[0,4)
    ->;section;Transpose_zx_loop_k;;;;398726
    us;0;loads;;stores;[48,56)[128,136)[208,216)[288,296)[368,376)[448,456)[528,536)[608,616)[688,696)[768,776)[848,856)[928,936)[1008,1016)[1088,1096)[1168,1176)[1248,1256)[1328,1336)[1408,1416)[1488,1496)[1568,1576)[1648,1656)[1728,1736)[1808,1816)[1888,1896)[1968,1976)[2048,2056)[2128,2136)[2208,2216)[2288,2296)[2368,2376)[2448,2456)[2528,2536)[2608,2616)[2688,2696)[2768,2776)[2848,2856)[2928,2936)[3008,3016)[3088,3096)[3168,3176)[3248,3256)[3328,3336)[3408,3416)[3488,3496)[3568,3576)[3648,3656)[3728,3736)[3808,3816)[3888,3896)[3968,3976)[4048,4056)[4128,4136)[4208,4216)[4288,4296)[4368,4376)[4448,4456)[4528,4536)[4608,4616)[4688,4696)[4768,4776)[4848,4856)[4928,4936)[5008,5016)[5088,5096)[5168,5176)[5248,5256)[5328,5336)[5408,5416)[5488,5496)[5568,5576)[5648,5656)[5728,5736)[5808,5816)[5888,5896)[5968,5976)[6048,6056)[6128,6136)[6208,6216)[6288,6296)[6368,6376)[6448,6456)[6528,6536)[6608,6616)[6688,6696)[6768,6776)[6848,6856)[6928,6936)[7008,7016)[7088,7096)[7168,7176)[7248,7256)[7328,7336)[7408,7416)[7488,7496)[7568,7576)[7648,7656)[7728,7736)[7808,7816)[7888,7896)[7968,7976)
    us;5;loads;[4800,5600);stores;
    us;44;loads;[0,8);stores;
    us;45;loads;[0,8);stores;
    us;46;loads;[0,4);stores;
    us;47;loads;;stores;[0,4)
    us;48;loads;;stores;[0,4)
    <-;section;Transpose_zx_loop_k;;;;404461
  us;46;loads;[0,4);stores;[0,4)
    ->;section;Transpose_zx_loop_k;;;;404469
    us;0;loads;;stores;[56,64)[136,144)[216,224)[296,304)[376,384)[456,464)[536,544)[616,624)[696,704)[776,784)[856,864)[936,944)[1016,1024)[1096,1104)[1176,1184)[1256,1264)[1336,1344)[1416,1424)[1496,1504)[1576,1584)[1656,1664)[1736,1744)[1816,1824)[1896,1904)[1976,1984)[2056,2064)[2136,2144)[2216,2224)[2296,2304)[2376,2384)[2456,2464)[2536,2544)[2616,2624)[2696,2704)[2776,2784)[2856,2864)[2936,2944)[3016,3024)[3096,3104)[3176,3184)[3256,3264)[3336,3344)[3416,3424)[3496,3504)[3576,3584)[3656,3664)[3736,3744)[3816,3824)[3896,3904)[3976,3984)[4056,4064)[4136,4144)[4216,4224)[4296,4304)[4376,4384)[4456,4464)[4536,4544)[4616,4624)[4696,4704)[4776,4784)[4856,4864)[4936,4944)[5016,5024)[5096,5104)[5176,5184)[5256,5264)[5336,5344)[5416,5424)[5496,5504)[5576,5584)[5656,5664)[5736,5744)[5816,5824)[5896,5904)[5976,5984)[6056,6064)[6136,6144)[6216,6224)[6296,6304)[6376,6384)[6456,6464)[6536,6544)[6616,6624)[6696,6704)[6776,6784)[6856,6864)[6936,6944)[7016,7024)[7096,7104)[7176,7184)[7256,7264)[7336,7344)[7416,7424)[7496,7504)[7576,7584)[7656,7664)[7736,7744)[7816,7824)[7896,7904)[7976,7984)
    us;5;loads;[5600,6400);stores;
    us;44;loads;[0,8);stores;
    us;45;loads;[0,8);stores;
    us;46;loads;[0,4);stores;
    us;47;loads;;stores;[0,4)
    us;48;loads;;stores;[0,4)
    <-;section;Transpose_zx_loop_k;;;;410204
  us;46;loads;[0,4);stores;[0,4)
    ->;section;Transpose_zx_loop_k;;;;410212
    us;0;loads;;stores;[64,72)[144,152)[224,232)[304,312)[384,392)[464,472)[544,552)[624,632)[704,712)[784,792)[864,872)[944,952)[1024,1032)[1104,1112)[1184,1192)[1264,1272)[1344,1352)[1424,1432)[1504,1512)[1584,1592)[1664,1672)[1744,1752)[1824,1832)[1904,1912)[1984,1992)[2064,2072)[2144,2152)[2224,2232)[2304,2312)[2384,2392)[2464,2472)[2544,2552)[2624,2632)[2704,2712)[2784,2792)[2864,2872)[2944,2952)[3024,3032)[3104,3112)[3184,3192)[3264,3272)[3344,3352)[3424,3432)[3504,3512)[3584,3592)[3664,3672)[3744,3752)[3824,3832)[3904,3912)[3984,3992)[4064,4072)[4144,4152)[4224,4232)[4304,4312)[4384,4392)[4464,4472)[4544,4552)[4624,4632)[4704,4712)[4784,4792)[4864,4872)[4944,4952)[5024,5032)[5104,5112)[5184,5192)[5264,5272)[5344,5352)[5424,5432)[5504,5512)[5584,5592)[5664,5672)[5744,5752)[5824,5832)[5904,5912)[5984,5992)[6064,6072)[6144,6152)[6224,6232)[6304,6312)[6384,6392)[6464,6472)[6544,6552)[6624,6632)[6704,6712)[6784,6792)[6864,6872)[6944,6952)[7024,7032)[7104,7112)[7184,7192)[7264,7272)[7344,7352)[7424,7432)[7504,7512)[7584,7592)[7664,7672)[7744,7752)[7824,7832)[7904,7912)[7984,7992)
    us;5;loads;[6400,7200);stores;
    us;44;loads;[0,8);stores;
    us;45;loads;[0,8);stores;
    us;46;loads;[0,4);stores;
    us;47;loads;;stores;[0,4)
    us;48;loads;;stores;[0,4)
    <-;section;Transpose_zx_loop_k;;;;415947
  us;46;loads;[0,4);stores;[0,4)
    ->;section;Transpose_zx_loop_k;;;;415955
    us;0;loads;;stores;[72,80)[152,160)[232,240)[312,320)[392,400)[472,480)[552,560)[632,640)[712,720)[792,800)[872,880)[952,960)[1032,1040)[1112,1120)[1192,1200)[1272,1280)[1352,1360)[1432,1440)[1512,1520)[1592,1600)[1672,1680)[1752,1760)[1832,1840)[1912,1920)[1992,2000)[2072,2080)[2152,2160)[2232,2240)[2312,2320)[2392,2400)[2472,2480)[2552,2560)[2632,2640)[2712,2720)[2792,2800)[2872,2880)[2952,2960)[3032,3040)[3112,3120)[3192,3200)[3272,3280)[3352,3360)[3432,3440)[3512,3520)[3592,3600)[3672,3680)[3752,3760)[3832,3840)[3912,3920)[3992,4000)[4072,4080)[4152,4160)[4232,4240)[4312,4320)[4392,4400)[4472,4480)[4552,4560)[4632,4640)[4712,4720)[4792,4800)[4872,4880)[4952,4960)[5032,5040)[5112,5120)[5192,5200)[5272,5280)[5352,5360)[5432,5440)[5512,5520)[5592,5600)[5672,5680)[5752,5760)[5832,5840)[5912,5920)[5992,6000)[6072,6080)[6152,6160)[6232,6240)[6312,6320)[6392,6400)[6472,6480)[6552,6560)[6632,6640)[6712,6720)[6792,6800)[6872,6880)[6952,6960)[7032,7040)[7112,7120)[7192,7200)[7272,7280)[7352,7360)[7432,7440)[7512,7520)[7592,7600)[7672,7680)[7752,7760)[7832,7840)[7912,7920)[7992,8000)
    us;5;loads;[7200,8000);stores;
    us;44;loads;[0,8);stores;
    us;45;loads;[0,8);stores;
    us;46;loads;[0,4);stores;
    us;47;loads;;stores;[0,4)
    us;48;loads;;stores;[0,4)
    <-;section;Transpose_zx_loop_k;;;;421690
  nw;49;[0x7ffea54c9f88,+8);stack;p1d;-|
  nw;50;[0x7ffea54c9f80,+8);stack;in_fftw;-|
  nw;51;[0x7ffea54c9f7c,+4);stack;k;-|
  nw;52;[0x7ffea54c9f78,+4);stack;j;-|
  us;2;loads;[0,8);stores;
  us;46;loads;[0,4);stores;[0,4)
  us;49;loads;;stores;[0,8)
  us;50;loads;;stores;[0,8)
  us;51;loads;;stores;[0,4)
  dl;44;[0x7ffea54c9f88,+8);stack;in_fftw;-|
  dl;45;[0x7ffea54c9f80,+8);stack;tmp_fftw;-|
  dl;46;[0x7ffea54c9f7c,+4);stack;k;-|
  dl;47;[0x7ffea54c9f78,+4);stack;j;-|
  dl;48;[0x7ffea54c9f74,+4);stack;i;-|
    ->;section;ffts1_planes_loop_k;;;;421710
    us;0;loads;[0,800);stores;[0,800)
    us;49;loads;[0,8);stores;
    us;50;loads;[0,8);stores;
    us;51;loads;[0,4);stores;
    us;52;loads;;stores;[0,4)
    <-;section;ffts1_planes_loop_k;;;;432015
  us;51;loads;[0,4);stores;[0,4)
    ->;section;ffts1_planes_loop_k;;;;432023
    us;0;loads;[800,1600);stores;[800,1600)
    us;49;loads;[0,8);stores;
    us;50;loads;[0,8);stores;
    us;51;loads;[0,4);stores;
    us;52;loads;;stores;[0,4)
    <-;section;ffts1_planes_loop_k;;;;442328
  us;51;loads;[0,4);stores;[0,4)
    ->;section;ffts1_planes_loop_k;;;;442336
    us;0;loads;[1600,2400);stores;[1600,2400)
    us;49;loads;[0,8);stores;
    us;50;loads;[0,8);stores;
    us;51;loads;[0,4);stores;
    us;52;loads;;stores;[0,4)
    <-;section;ffts1_planes_loop_k;;;;452641
  us;51;loads;[0,4);stores;[0,4)
    ->;section;ffts1_planes_loop_k;;;;452649
    us;0;loads;[2400,3200);stores;[2400,3200)
    us;49;loads;[0,8);stores;
    us;50;loads;[0,8);stores;
    us;51;loads;[0,4);stores;
    us;52;loads;;stores;[0,4)
    <-;section;ffts1_planes_loop_k;;;;462954
  us;51;loads;[0,4);stores;[0,4)
    ->;section;ffts1_planes_loop_k;;;;462962
    us;0;loads;[3200,4000);stores;[3200,4000)
    us;49;loads;[0,8);stores;
    us;50;loads;[0,8);stores;
    us;51;loads;[0,4);stores;
    us;52;loads;;stores;[0,4)
    <-;section;ffts1_planes_loop_k;;;;473267
  us;51;loads;[0,4);stores;[0,4)
    ->;section;ffts1_planes_loop_k;;;;473275
    us;0;loads;[4000,4800);stores;[4000,4800)
    us;49;loads;[0,8);stores;
    us;50;loads;[0,8);stores;
    us;51;loads;[0,4);stores;
    us;52;loads;;stores;[0,4)
    <-;section;ffts1_planes_loop_k;;;;483580
  us;51;loads;[0,4);stores;[0,4)
    ->;section;ffts1_planes_loop_k;;;;483588
    us;0;loads;[4800,5600);stores;[4800,5600)
    us;49;loads;[0,8);stores;
    us;50;loads;[0,8);stores;
    us;51;loads;[0,4);stores;
    us;52;loads;;stores;[0,4)
    <-;section;ffts1_planes_loop_k;;;;493893
  us;51;loads;[0,4);stores;[0,4)
    ->;section;ffts1_planes_loop_k;;;;493901
    us;0;loads;[5600,6400);stores;[5600,6400)
    us;49;loads;[0,8);stores;
    us;50;loads;[0,8);stores;
    us;51;loads;[0,4);stores;
    us;52;loads;;stores;[0,4)
    <-;section;ffts1_planes_loop_k;;;;504206
  us;51;loads;[0,4);stores;[0,4)
    ->;section;ffts1_planes_loop_k;;;;504214
    us;0;loads;[6400,7200);stores;[6400,7200)
    us;49;loads;[0,8);stores;
    us;50;loads;[0,8);stores;
    us;51;loads;[0,4);stores;
    us;52;loads;;stores;[0,4)
    <-;section;ffts1_planes_loop_k;;;;514519
  us;51;loads;[0,4);stores;[0,4)
    ->;section;ffts1_planes_loop_k;;;;514527
    us;0;loads;[7200,8000);stores;[7200,8000)
    us;49;loads;[0,8);stores;
    us;50;loads;[0,8);stores;
    us;51;loads;[0,4);stores;
    us;52;loads;;stores;[0,4)
    <-;section;ffts1_planes_loop_k;;;;524832
  nw;53;[0x7ffea54c9f88,+8);stack;in_fftw;-|
  nw;54;[0x7ffea54c9f80,+8);stack;tmp_fftw;-|
  nw;55;[0x7ffea54c9f7c,+4);stack;k;-|
  nw;56;[0x7ffea54c9f78,+4);stack;j;-|
  nw;57;[0x7ffea54c9f74,+4);stack;i;-|
  us;51;loads;[0,4);stores;[0,4)
  us;53;loads;;stores;[0,8)
  us;54;loads;;stores;[0,8)
  us;55;loads;;stores;[0,4)
  dl;49;[0x7ffea54c9f88,+8);stack;p1d;-|
  dl;50;[0x7ffea54c9f80,+8);stack;in_fftw;-|
  dl;51;[0x7ffea54c9f7c,+4);stack;k;-|
  dl;52;[0x7ffea54c9f78,+4);stack;j;-|
    ->;section;Transpose_zx_loop_k;;;;524853
    us;0;loads;[0,800);stores;
    us;5;loads;;stores;[0,8)[80,88)[160,168)[240,248)[320,328)[400,408)[480,488)[560,568)[640,648)[720,728)[800,808)[880,888)[960,968)[1040,1048)[1120,1128)[1200,1208)[1280,1288)[1360,1368)[1440,1448)[1520,1528)[1600,1608)[1680,1688)[1760,1768)[1840,1848)[1920,1928)[2000,2008)[2080,2088)[2160,2168)[2240,2248)[2320,2328)[2400,2408)[2480,2488)[2560,2568)[2640,2648)[2720,2728)[2800,2808)[2880,2888)[2960,2968)[3040,3048)[3120,3128)[3200,3208)[3280,3288)[3360,3368)[3440,3448)[3520,3528)[3600,3608)[3680,3688)[3760,3768)[3840,3848)[3920,3928)[4000,4008)[4080,4088)[4160,4168)[4240,4248)[4320,4328)[4400,4408)[4480,4488)[4560,4568)[4640,4648)[4720,4728)[4800,4808)[4880,4888)[4960,4968)[5040,5048)[5120,5128)[5200,5208)[5280,5288)[5360,5368)[5440,5448)[5520,5528)[5600,5608)[5680,5688)[5760,5768)[5840,5848)[5920,5928)[6000,6008)[6080,6088)[6160,6168)[6240,6248)[6320,6328)[6400,6408)[6480,6488)[6560,6568)[6640,6648)[6720,6728)[6800,6808)[6880,6888)[6960,6968)[7040,7048)[7120,7128)[7200,7208)[7280,7288)[7360,7368)[7440,7448)[7520,7528)[7600,7608)[7680,7688)[7760,7768)[7840,7848)[7920,7928)
    us;53;loads;[0,8);stores;
    us;54;loads;[0,8);stores;
    us;55;loads;[0,4);stores;
    us;56;loads;;stores;[0,4)
    us;57;loads;;stores;[0,4)
    <-;section;Transpose_zx_loop_k;;;;530588
  us;55;loads;[0,4);stores;[0,4)
    ->;section;Transpose_zx_loop_k;;;;530596
    us;0;loads;[800,1600);stores;
    us;5;loads;;stores;[8,16)[88,96)[168,176)[248,256)[328,336)[408,416)[488,496)[568,576)[648,656)[728,736)[808,816)[888,896)[968,976)[1048,1056)[1128,1136)[1208,1216)[1288,1296)[1368,1376)[1448,1456)[1528,1536)[1608,1616)[1688,1696)[1768,1776)[1848,1856)[1928,1936)[2008,2016)[2088,2096)[2168,2176)[2248,2256)[2328,2336)[2408,2416)[2488,2496)[2568,2576)[2648,2656)[2728,2736)[2808,2816)[2888,2896)[2968,2976)[3048,3056)[3128,3136)[3208,3216)[3288,3296)[3368,3376)[3448,3456)[3528,3536)[3608,3616)[3688,3696)[3768,3776)[3848,3856)[3928,3936)[4008,4016)[4088,4096)[4168,4176)[4248,4256)[4328,4336)[4408,4416)[4488,4496)[4568,4576)[4648,4656)[4728,4736)[4808,4816)[4888,4896)[4968,4976)[5048,5056)[5128,5136)[5208,5216)[5288,5296)[5368,5376)[5448,5456)[5528,5536)[5608,5616)[5688,5696)[5768,5776)[5848,5856)[5928,5936)[6008,6016)[6088,6096)[6168,6176)[6248,6256)[6328,6336)[6408,6416)[6488,6496)[6568,6576)[6648,6656)[6728,6736)[6808,6816)[6888,6896)[6968,6976)[7048,7056)[7128,7136)[7208,7216)[7288,7296)[7368,7376)[7448,7456)[7528,7536)[7608,7616)[7688,7696)[7768,7776)[7848,7856)[7928,7936)
    us;53;loads;[0,8);stores;
    us;54;loads;[0,8);stores;
    us;55;loads;[0,4);stores;
    us;56;loads;;stores;[0,4)
    us;57;loads;;stores;[0,4)
    <-;section;Transpose_zx_loop_k;;;;536331
  us;55;loads;[0,4);stores;[0,4)
    ->;section;Transpose_zx_loop_k;;;;536339
    us;0;loads;[1600,2400);stores;
    us;5;loads;;stores;[16,24)[96,104)[176,184)[256,264)[336,344)[416,424)[496,504)[576,584)[656,664)[736,744)[816,824)[896,904)[976,984)[1056,1064)[1136,1144)[1216,1224)[1296,1304)[1376,1384)[1456,1464)[1536,1544)[1616,1624)[1696,1704)[1776,1784)[1856,1864)[1936,1944)[2016,2024)[2096,2104)[2176,2184)[2256,2264)[2336,2344)[2416,2424)[2496,2504)[2576,2584)[2656,2664)[2736,2744)[2816,2824)[2896,2904)[2976,2984)[3056,3064)[3136,3144)[3216,3224)[3296,3304)[3376,3384)[3456,3464)[3536,3544)[3616,3624)[3696,3704)[3776,3784)[3856,3864)[3936,3944)[4016,4024)[4096,4104)[4176,4184)[4256,4264)[4336,4344)[4416,4424)[4496,4504)[4576,4584)[4656,4664)[4736,4744)[4816,4824)[4896,4904)[4976,4984)[5056,5064)[5136,5144)[5216,5224)[5296,5304)[5376,5384)[5456,5464)[5536,5544)[5616,5624)[5696,5704)[5776,5784)[5856,5864)[5936,5944)[6016,6024)[6096,6104)[6176,6184)[6256,6264)[6336,6344)[6416,6424)[6496,6504)[6576,6584)[6656,6664)[6736,6744)[6816,6824)[6896,6904)[6976,6984)[7056,7064)[7136,7144)[7216,7224)[7296,7304)[7376,7384)[7456,7464)[7536,7544)[7616,7624)[7696,7704)[7776,7784)[7856,7864)[7936,7944)
    us;53;loads;[0,8);stores;
    us;54;loads;[0,8);stores;
    us;55;loads;[0,4);stores;
    us;56;loads;;stores;[0,4)
    us;57;loads;;stores;[0,4)
    <-;section;Transpose_zx_loop_k;;;;542074
  us;55;loads;[0,4);stores;[0,4)
    ->;section;Transpose_zx_loop_k;;;;542082
    us;0;loads;[2400,3200);stores;
    us;5;loads;;stores;[24,32)[104,112)[184,192)[264,272)[344,352)[424,432)[504,512)[584,592)[664,672)[744,752)[824,832)[904,912)[984,992)[1064,1072)[1144,1152)[1224,1232)[1304,1312)[1384,1392)[1464,1472)[1544,1552)[1624,1632)[1704,1712)[1784,1792)[1864,1872)[1944,1952)[2024,2032)[2104,2112)[2184,2192)[2264,2272)[2344,2352)[2424,2432)[2504,2512)[2584,2592)[2664,2672)[2744,2752)[2824,2832)[2904,2912)[2984,2992)[3064,3072)[3144,3152)[3224,3232)[3304,3312)[3384,3392)[3464,3472)[3544,3552)[3624,3632)[3704,3712)[3784,3792)[3864,3872)[3944,3952)[4024,4032)[4104,4112)[4184,4192)[4264,4272)[4344,4352)[4424,4432)[4504,4512)[4584,4592)[4664,4672)[4744,4752)[4824,4832)[4904,4912)[4984,4992)[5064,5072)[5144,5152)[5224,5232)[5304,5312)[5384,5392)[5464,5472)[5544,5552)[5624,5632)[5704,5712)[5784,5792)[5864,5872)[5944,5952)[6024,6032)[6104,6112)[6184,6192)[6264,6272)[6344,6352)[6424,6432)[6504,6512)[6584,6592)[6664,6672)[6744,6752)[6824,6832)[6904,6912)[6984,6992)[7064,7072)[7144,7152)[7224,7232)[7304,7312)[7384,7392)[7464,7472)[7544,7552)[7624,7632)[7704,7712)[7784,7792)[7864,7872)[7944,7952)
    us;53;loads;[0,8);stores;
    us;54;loads;[0,8);stores;
    us;55;loads;[0,4);stores;
    us;56;loads;;stores;[0,4)
    us;57;loads;;stores;[0,4)
    <-;section;Transpose_zx_loop_k;;;;547817
  us;55;loads;[0,4);stores;[0,4)
    ->;section;Transpose_zx_loop_k;;;;547825
    us;0;loads;[3200,4000);stores;
    us;5;loads;;stores;[32,40)[112,120)[192,200)[272,280)[352,360)[432,440)[512,520)[592,600)[672,680)[752,760)[832,840)[912,920)[992,1000)[1072,1080)[1152,1160)[1232,1240)[1312,1320)[1392,1400)[1472,1480)[1552,1560)[1632,1640)[1712,1720)[1792,1800)[1872,1880)[1952,1960)[2032,2040)[2112,2120)[2192,2200)[2272,2280)[2352,2360)[2432,2440)[2512,2520)[2592,2600)[2672,2680)[2752,2760)[2832,2840)[2912,2920)[2992,3000)[3072,3080)[3152,3160)[3232,3240)[3312,3320)[3392,3400)[3472,3480)[3552,3560)[3632,3640)[3712,3720)[3792,3800)[3872,3880)[3952,3960)[4032,4040)[4112,4120)[4192,4200)[4272,4280)[4352,4360)[4432,4440)[4512,4520)[4592,4600)[4672,4680)[4752,4760)[4832,4840)[4912,4920)[4992,5000)[5072,5080)[5152,5160)[5232,5240)[5312,5320)[5392,5400)[5472,5480)[5552,5560)[5632,5640)[5712,5720)[5792,5800)[5872,5880)[5952,5960)[6032,6040)[6112,6120)[6192,6200)[6272,6280)[6352,6360)[6432,6440)[6512,6520)[6592,6600)[6672,6680)[6752,6760)[6832,6840)[6912,6920)[6992,7000)[7072,7080)[7152,7160)[7232,7240)[7312,7320)[7392,7400)[7472,7480)[7552,7560)[7632,7640)[7712,7720)[7792,7800)[7872,7880)[7952,7960)
    us;53;loads;[0,8);stores;
    us;54;loads;[0,8);stores;
    us;55;loads;[0,4);stores;
    us;56;loads;;stores;[0,4)
    us;57;loads;;stores;[0,4)
    <-;section;Transpose_zx_loop_k;;;;553560
  us;55;loads;[0,4);stores;[0,4)
    ->;section;Transpose_zx_loop_k;;;;553568
    us;0;loads;[4000,4800);stores;
    us;5;loads;;stores;[40,48)[120,128)[200,208)[280,288)[360,368)[440,448)[520,528)[600,608)[680,688)[760,768)[840,848)[920,928)[1000,1008)[1080,1088)[1160,1168)[1240,1248)[1320,1328)[1400,1408)[1480,1488)[1560,1568)[1640,1648)[1720,1728)[1800,1808)[1880,1888)[1960,1968)[2040,2048)[2120,2128)[2200,2208)[2280,2288)[2360,2368)[2440,2448)[2520,2528)[2600,2608)[2680,2688)[2760,2768)[2840,2848)[2920,2928)[3000,3008)[3080,3088)[3160,3168)[3240,3248)[3320,3328)[3400,3408)[3480,3488)[3560,3568)[3640,3648)[3720,3728)[3800,3808)[3880,3888)[3960,3968)[4040,4048)[4120,4128)[4200,4208)[4280,4288)[4360,4368)[4440,4448)[4520,4528)[4600,4608)[4680,4688)[4760,4768)[4840,4848)[4920,4928)[5000,5008)[5080,5088)[5160,5168)[5240,5248)[5320,5328)[5400,5408)[5480,5488)[5560,5568)[5640,5648)[5720,5728)[5800,5808)[5880,5888)[5960,5968)[6040,6048)[6120,6128)[6200,6208)[6280,6288)[6360,6368)[6440,6448)[6520,6528)[6600,6608)[6680,6688)[6760,6768)[6840,6848)[6920,6928)[7000,7008)[7080,7088)[7160,7168)[7240,7248)[7320,7328)[7400,7408)[7480,7488)[7560,7568)[7640,7648)[7720,7728)[7800,7808)[7880,7888)[7960,7968)
    us;53;loads;[0,8);stores;
    us;54;loads;[0,8);stores;
    us;55;loads;[0,4);stores;
    us;56;loads;;stores;[0,4)
    us;57;loads;;stores;[0,4)
    <-;section;Transpose_zx_loop_k;;;;559303
  us;55;loads;[0,4);stores;[0,4)
    ->;section;Transpose_zx_loop_k;;;;559311
    us;0;loads;[4800,5600);stores;
    us;5;loads;;stores;[48,56)[128,136)[208,216)[288,296)[368,376)[448,456)[528,536)[608,616)[688,696)[768,776)[848,856)[928,936)[1008,1016)[1088,1096)[1168,1176)[1248,1256)[1328,1336)[1408,1416)[1488,1496)[1568,1576)[1648,1656)[1728,1736)[1808,1816)[1888,1896)[1968,1976)[2048,2056)[2128,2136)[2208,2216)[2288,2296)[2368,2376)[2448,2456)[2528,2536)[2608,2616)[2688,2696)[2768,2776)[2848,2856)[2928,2936)[3008,3016)[3088,3096)[3168,3176)[3248,3256)[3328,3336)[3408,3416)[3488,3496)[3568,3576)[3648,3656)[3728,3736)[3808,3816)[3888,3896)[3968,3976)[4048,4056)[4128,4136)[4208,4216)[4288,4296)[4368,4376)[4448,4456)[4528,4536)[4608,4616)[4688,4696)[4768,4776)[4848,4856)[4928,4936)[5008,5016)[5088,5096)[5168,5176)[5248,5256)[5328,5336)[5408,5416)[5488,5496)[5568,5576)[5648,5656)[5728,5736)[5808,5816)[5888,5896)[5968,5976)[6048,6056)[6128,6136)[6208,6216)[6288,6296)[6368,6376)[6448,6456)[6528,6536)[6608,6616)[6688,6696)[6768,6776)[6848,6856)[6928,6936)[7008,7016)[7088,7096)[7168,7176)[7248,7256)[7328,7336)[7408,7416)[7488,7496)[7568,7576)[7648,7656)[7728,7736)[7808,7816)[7888,7896)[7968,7976)
    us;53;loads;[0,8);stores;
    us;54;loads;[0,8);stores;
    us;55;loads;[0,4);stores;
    us;56;loads;;stores;[0,4)
    us;57;loads;;stores;[0,4)
    <-;section;Transpose_zx_loop_k;;;;565046
  us;55;loads;[0,4);stores;[0,4)
    ->;section;Transpose_zx_loop_k;;;;565054
    us;0;loads;[5600,6400);stores;
    us;5;loads;;stores;[56,64)[136,144)[216,224)[296,304)[376,384)[456,464)[536,544)[616,624)[696,704)[776,784)[856,864)[936,944)[1016,1024)[1096,1104)[1176,1184)[1256,1264)[1336,1344)[1416,1424)[1496,1504)[1576,1584)[1656,1664)[1736,1744)[1816,1824)[1896,1904)[1976,1984)[2056,2064)[2136,2144)[2216,2224)[2296,2304)[2376,2384)[2456,2464)[2536,2544)[2616,2624)[2696,2704)[2776,2784)[2856,2864)[2936,2944)[3016,3024)[3096,3104)[3176,3184)[3256,3264)[3336,3344)[3416,3424)[3496,3504)[3576,3584)[3656,3664)[3736,3744)[3816,3824)[3896,3904)[3976,3984)[4056,4064)[4136,4144)[4216,4224)[4296,4304)[4376,4384)[4456,4464)[4536,4544)[4616,4624)[4696,4704)[4776,4784)[4856,4864)[4936,4944)[5016,5024)[5096,5104)[5176,5184)[5256,5264)[5336,5344)[5416,5424)[5496,5504)[5576,5584)[5656,5664)[5736,5744)[5816,5824)[5896,5904)[5976,5984)[6056,6064)[6136,6144)[6216,6224)[6296,6304)[6376,6384)[6456,6464)[6536,6544)[6616,6624)[6696,6704)[6776,6784)[6856,6864)[6936,6944)[7016,7024)[7096,7104)[7176,7184)[7256,7264)[7336,7344)[7416,7424)[7496,7504)[7576,7584)[7656,7664)[7736,7744)[7816,7824)[7896,7904)[7976,7984)
    us;53;loads;[0,8);stores;
    us;54;loads;[0,8);stores;
    us;55;loads;[0,4);stores;
    us;56;loads;;stores;[0,4)
    us;57;loads;;stores;[0,4)
    <-;section;Transpose_zx_loop_k;;;;570789
  us;55;loads;[0,4);stores;[0,4)
    ->;section;Transpose_zx_loop_k;;;;570797
    us;0;loads;[6400,7200);stores;
    us;5;loads;;stores;[64,72)[144,152)[224,232)[304,312)[384,392)[464,472)[544,552)[624,632)[704,712)[784,792)[864,872)[944,952)[1024,1032)[1104,1112)[1184,1192)[1264,1272)[1344,1352)[1424,1432)[1504,1512)[1584,1592)[1664,1672)[1744,1752)[1824,1832)[1904,1912)[1984,1992)[2064,2072)[2144,2152)[2224,2232)[2304,2312)[2384,2392)[2464,2472)[2544,2552)[2624,2632)[2704,2712)[2784,2792)[2864,2872)[2944,2952)[3024,3032)[3104,3112)[3184,3192)[3264,3272)[3344,3352)[3424,3432)[3504,3512)[3584,3592)[3664,3672)[3744,3752)[3824,3832)[3904,3912)[3984,3992)[4064,4072)[4144,4152)[4224,4232)[4304,4312)[4384,4392)[4464,4472)[4544,4552)[4624,4632)[4704,4712)[4784,4792)[4864,4872)[4944,4952)[5024,5032)[5104,5112)[5184,5192)[5264,5272)[5344,5352)[5424,5432)[5504,5512)[5584,5592)[5664,5672)[5744,5752)[5824,5832)[5904,5912)[5984,5992)[6064,6072)[6144,6152)[6224,6232)[6304,6312)[6384,6392)[6464,6472)[6544,6552)[6624,6632)[6704,6712)[6784,6792)[6864,6872)[6944,6952)[7024,7032)[7104,7112)[7184,7192)[7264,7272)[7344,7352)[7424,7432)[7504,7512)[7584,7592)[7664,7672)[7744,7752)[7824,7832)[7904,7912)[7984,7992)
    us;53;loads;[0,8);stores;
    us;54;loads;[0,8);stores;
    us;55;loads;[0,4);stores;
    us;56;loads;;stores;[0,4)
    us;57;loads;;stores;[0,4)
    <-;section;Transpose_zx_loop_k;;;;576532
  us;55;loads;[0,4);stores;[0,4)
    ->;section;Transpose_zx_loop_k;;;;576540
    us;0;loads;[7200,8000);stores;
    us;5;loads;;stores;[72,80)[152,160)[232,240)[312,320)[392,400)[472,480)[552,560)[632,640)[712,720)[792,800)[872,880)[952,960)[1032,1040)[1112,1120)[1192,1200)[1272,1280)[1352,1360)[1432,1440)[1512,1520)[1592,1600)[1672,1680)[1752,1760)[1832,1840)[1912,1920)[1992,2000)[2072,2080)[2152,2160)[2232,2240)[2312,2320)[2392,2400)[2472,2480)[2552,2560)[2632,2640)[2712,2720)[2792,2800)[2872,2880)[2952,2960)[3032,3040)[3112,3120)[3192,3200)[3272,3280)[3352,3360)[3432,3440)[3512,3520)[3592,3600)[3672,3680)[3752,3760)[3832,3840)[3912,3920)[3992,4000)[4072,4080)[4152,4160)[4232,4240)[4312,4320)[4392,4400)[4472,4480)[4552,4560)[4632,4640)[4712,4720)[4792,4800)[4872,4880)[4952,4960)[5032,5040)[5112,5120)[5192,5200)[5272,5280)[5352,5360)[5432,5440)[5512,5520)[5592,5600)[5672,5680)[5752,5760)[5832,5840)[5912,5920)[5992,6000)[6072,6080)[6152,6160)[6232,6240)[6312,6320)[6392,6400)[6472,6480)[6552,6560)[6632,6640)[6712,6720)[6792,6800)[6872,6880)[6952,6960)[7032,7040)[7112,7120)[7192,7200)[7272,7280)[7352,7360)[7432,7440)[7512,7520)[7592,7600)[7672,7680)[7752,7760)[7832,7840)[7912,7920)[7992,8000)
    us;53;loads;[0,8);stores;
    us;54;loads;[0,8);stores;
    us;55;loads;[0,4);stores;
    us;56;loads;;stores;[0,4)
    us;57;loads;;stores;[0,4)
    <-;section;Transpose_zx_loop_k;;;;582275
  nw;58;[0x7ffea54c9f88,+8);stack;tmp_fftw;-|
  nw;59;[0x7ffea54c9f80,+8);stack;in_fftw;-|
  nw;60;[0x7ffea54c9f7c,+4);stack;k;-|
  nw;61;[0x7ffea54c9f78,+4);stack;j;-|
  nw;62;[0x7ffea54c9f74,+4);stack;i;-|
  us;55;loads;[0,4);stores;[0,4)
  us;58;loads;;stores;[0,8)
  us;59;loads;;stores;[0,8)
  us;60;loads;;stores;[0,4)
  dl;53;[0x7ffea54c9f88,+8);stack;in_fftw;-|
  dl;54;[0x7ffea54c9f80,+8);stack;tmp_fftw;-|
  dl;55;[0x7ffea54c9f7c,+4);stack;k;-|
  dl;56;[0x7ffea54c9f78,+4);stack;j;-|
  dl;57;[0x7ffea54c9f74,+4);stack;i;-|
    ->;section;Transpose_xy_loop_k;;;;582296
    us;0;loads;;stores;[0,800)
    us;5;loads;[0,800);stores;
    us;58;loads;[0,8);stores;
    us;59;loads;[0,8);stores;
    us;60;loads;[0,4);stores;
    us;61;loads;;stores;[0,4)
    us;62;loads;;stores;[0,4)
    <-;section;Transpose_xy_loop_k;;;;588031
  us;60;loads;[0,4);stores;[0,4)
    ->;section;Transpose_xy_loop_k;;;;588039
    us;0;loads;;stores;[800,1600)
    us;5;loads;[800,1600);stores;
    us;58;loads;[0,8);stores;
    us;59;loads;[0,8);stores;
    us;60;loads;[0,4);stores;
    us;61;loads;;stores;[0,4)
    us;62;loads;;stores;[0,4)
    <-;section;Transpose_xy_loop_k;;;;593774
  us;60;loads;[0,4);stores;[0,4)
    ->;section;Transpose_xy_loop_k;;;;593782
    us;0;loads;;stores;[1600,2400)
    us;5;loads;[1600,2400);stores;
    us;58;loads;[0,8);stores;
    us;59;loads;[0,8);stores;
    us;60;loads;[0,4);stores;
    us;61;loads;;stores;[0,4)
    us;62;loads;;stores;[0,4)
    <-;section;Transpose_xy_loop_k;;;;599517
  us;60;loads;[0,4);stores;[0,4)
    ->;section;Transpose_xy_loop_k;;;;599525
    us;0;loads;;stores;[2400,3200)
    us;5;loads;[2400,3200);stores;
    us;58;loads;[0,8);stores;
    us;59;loads;[0,8);stores;
    us;60;loads;[0,4);stores;
    us;61;loads;;stores;[0,4)
    us;62;loads;;stores;[0,4)
    <-;section;Transpose_xy_loop_k;;;;605260
  us;60;loads;[0,4);stores;[0,4)
    ->;section;Transpose_xy_loop_k;;;;605268
    us;0;loads;;stores;[3200,4000)
    us;5;loads;[3200,4000);stores;
    us;58;loads;[0,8);stores;
    us;59;loads;[0,8);stores;
    us;60;loads;[0,4);stores;
    us;61;loads;;stores;[0,4)
    us;62;loads;;stores;[0,4)
    <-;section;Transpose_xy_loop_k;;;;611003
  us;60;loads;[0,4);stores;[0,4)
    ->;section;Transpose_xy_loop_k;;;;611011
    us;0;loads;;stores;[4000,4800)
    us;5;loads;[4000,4800);stores;
    us;58;loads;[0,8);stores;
    us;59;loads;[0,8);stores;
    us;60;loads;[0,4);stores;
    us;61;loads;;stores;[0,4)
    us;62;loads;;stores;[0,4)
    <-;section;Transpose_xy_loop_k;;;;616746
  us;60;loads;[0,4);stores;[0,4)
    ->;section;Transpose_xy_loop_k;;;;616754
    us;0;loads;;stores;[4800,5600)
    us;5;loads;[4800,5600);stores;
    us;58;loads;[0,8);stores;
    us;59;loads;[0,8);stores;
    us;60;loads;[0,4);stores;
    us;61;loads;;stores;[0,4)
    us;62;loads;;stores;[0,4)
    <-;section;Transpose_xy_loop_k;;;;622489
  us;60;loads;[0,4);stores;[0,4)
    ->;section;Transpose_xy_loop_k;;;;622497
    us;0;loads;;stores;[5600,6400)
    us;5;loads;[5600,6400);stores;
    us;58;loads;[0,8);stores;
    us;59;loads;[0,8);stores;
    us;60;loads;[0,4);stores;
    us;61;loads;;stores;[0,4)
    us;62;loads;;stores;[0,4)
    <-;section;Transpose_xy_loop_k;;;;628232
  us;60;loads;[0,4);stores;[0,4)
    ->;section;Transpose_xy_loop_k;;;;628240
    us;0;loads;;stores;[6400,7200)
    us;5;loads;[6400,7200);stores;
    us;58;loads;[0,8);stores;
    us;59;loads;[0,8);stores;
    us;60;loads;[0,4);stores;
    us;61;loads;;stores;[0,4)
    us;62;loads;;stores;[0,4)
    <-;section;Transpose_xy_loop_k;;;;633975
  us;60;loads;[0,4);stores;[0,4)
    ->;section;Transpose_xy_loop_k;;;;633983
    us;0;loads;;stores;[7200,8000)
    us;5;loads;[7200,8000);stores;
    us;58;loads;[0,8);stores;
    us;59;loads;[0,8);stores;
    us;60;loads;[0,4);stores;
    us;61;loads;;stores;[0,4)
    us;62;loads;;stores;[0,4)
    <-;section;Transpose_xy_loop_k;;;;639718
  us;13;loads;[0,8);stores;[0,8)
  us;60;loads;[0,4);stores;[0,4)
  dl;58;[0x7ffea54c9f88,+8);stack;tmp_fftw;-|
  dl;59;[0x7ffea54c9f80,+8);stack;in_fftw;-|
  dl;60;[0x7ffea54c9f7c,+4);stack;k;-|
  dl;61;[0x7ffea54c9f78,+4);stack;j;-|
  dl;62;[0x7ffea54c9f74,+4);stack;i;-|
  <-;section;Tareador_Main;;;;639780
dl;7;[0x7ffea54ca08c,+4);stack;unknown_name;-|
dl;8;[0x7ffea54ca088,+4);stack;argc;-|
dl;9;[0x7ffea54ca080,+8);stack;argv;-|
dl;10;[0x7ffea54ca07c,+4);stack;i;-|
dl;11;[0x7ffea54ca078,+4);stack;j;-|
dl;12;[0x7ffea54ca074,+4);stack;k;-|
dl;13;[0x7ffea54ca068,+8);stack;stamp;-|
dl;14;[0x7ffea54ca064,+4);stack;errors_count;-|
<-;section;tareador_instrumented_section;;;;639780
