Overview of whole program execution metrics:
========================================================================================
   Number of processors |          1 |          4 |          8 |         12 |         16
========================================================================================
Elapsed time (sec)      |       1.32 |       0.78 |       0.79 |       1.27 |       1.47
Speedup                 |       1.00 |       1.69 |       1.67 |       1.04 |       0.90
Efficiency              |       1.00 |       0.42 |       0.21 |       0.09 |       0.06
========================================================================================

Overview of the Efficiency metrics in parallel fraction:
=======================================================================================================
                  Number of processors |          1 |          4 |          8 |         12 |         16
=======================================================================================================
Parallel fraction                      |     82.92% | 
------------------------------------------------------
Global efficiency                      |     98.79% |     48.85% |     23.77% |      8.75% |      5.43%
-- Parallelization strategy efficiency |     98.79% |     89.12% |     87.08% |     70.19% |     55.12%
   -- Load balancing                   |    100.00% |     97.95% |     97.96% |     97.35% |     97.32%
   -- In execution efficiency          |     98.79% |     90.99% |     88.90% |     72.10% |     56.64%
-- Scalability for computation tasks   |    100.00% |     54.81% |     27.29% |     12.47% |      9.86%
   -- IPC scalability                  |    100.00% |     68.70% |     50.71% |     38.04% |     39.31%
   -- Instruction scalability          |    100.00% |     98.33% |     96.18% |     94.12% |     92.18%
   -- Frequency scalability            |    100.00% |     81.15% |     55.96% |     34.83% |     27.21%
=======================================================================================================

Statistics about explicit tasks in parallel fraction
==========================================================================================================================================
                            Number of processors |               1 |               4 |               8 |              12 |              16
==========================================================================================================================================
Number of explicit tasks executed (total)        |         17920.0 |         71680.0 |        143360.0 |        215040.0 |        286720.0
LB (number of explicit tasks executed)           |             1.0 |            0.85 |            0.88 |             0.7 |            0.69
LB (time executing explicit tasks)               |             1.0 |            0.99 |            0.98 |            0.98 |            0.98
Time per explicit task (average)                 |           60.32 |           27.52 |           27.64 |           40.34 |           38.26
Overhead per explicit task (synch %)             |            0.16 |           10.66 |           12.83 |           38.26 |           75.48
Overhead per explicit task (sched %)             |            1.07 |            1.53 |            1.98 |            4.18 |            5.93
Number of taskwait/taskgroup (total)             |          1792.0 |          1792.0 |          1792.0 |          1792.0 |          1792.0
==========================================================================================================================================

