Overview of whole program execution metrics:
===========================================================================
   Number of processors |          1 |          4 |          8 |         16
===========================================================================
Elapsed time (sec)      |       2.82 |       2.15 |       2.05 |       2.10
Speedup                 |       1.00 |       1.31 |       1.37 |       1.34
Efficiency              |       1.00 |       0.33 |       0.17 |       0.08
===========================================================================

Overview of the Efficiency metrics in parallel fraction:
==========================================================================================
                  Number of processors |          1 |          4 |          8 |         16
==========================================================================================
Parallel fraction                      |     64.91% | 
------------------------------------------------------
Global efficiency                      |     99.64% |     72.45% |     59.49% |     33.17%
-- Parallelization strategy efficiency |     99.64% |     82.81% |     98.23% |     97.89%
   -- Load balancing                   |    100.00% |     86.24% |     99.90% |     99.86%
   -- In execution efficiency          |     99.64% |     96.02% |     98.33% |     98.03%
-- Scalability for computation tasks   |    100.00% |     87.50% |     60.56% |     33.88%
   -- IPC scalability                  |    100.00% |     87.95% |     70.17% |     45.62%
   -- Instruction scalability          |    100.00% |     99.97% |     93.60% |     82.95%
   -- Frequency scalability            |    100.00% |     99.51% |     92.20% |     89.54%
==========================================================================================

Overheads in executing implicit tasks
========================================================================================================================
                            Number of processors |               1 |               4 |               8 |              16
========================================================================================================================
Number of implicit tasks per thread (average)    |          1000.0 |          1000.0 |          1000.0 |          1000.0
Useful duration for implicit tasks (average)     |         1824.28 |          521.24 |          376.57 |           336.5
Load balancing for implicit tasks                |             1.0 |            0.86 |             1.0 |             1.0
Time in synchronization implicit tasks (average) |               0 |               0 |               0 |               0
Time in fork/join implicit tasks (average)       |            6.63 |          179.77 |            6.82 |            7.38
========================================================================================================================

