Overview of whole program execution metrics:
===========================================================================
   Number of processors |          1 |          4 |          8 |         16
===========================================================================
Elapsed time (sec)      |       2.83 |       4.05 |       3.46 |       3.48
Speedup                 |       1.00 |       0.70 |       0.82 |       0.81
Efficiency              |       1.00 |       0.70 |       0.82 |       0.81
===========================================================================

Overview of the Efficiency metrics in parallel fraction:
==========================================================================================
                  Number of processors |          1 |          4 |          8 |         16
==========================================================================================
Parallel fraction                      |     98.69% | 
------------------------------------------------------
Global efficiency                      |     99.65% |     69.45% |     81.36% |     80.93%
-- Parallelization strategy efficiency |     99.65% |     77.10% |     80.94% |     83.03%
   -- Load balancing                   |    100.00% |     86.72% |     83.14% |     85.68%
   -- In execution efficiency          |     99.65% |     88.91% |     97.35% |     96.91%
-- Scalability for computation tasks   |    100.00% |     90.07% |    100.53% |     97.46%
   -- IPC scalability                  |    100.00% |     25.49% |     17.77% |     11.10%
   -- Instruction scalability          |    100.00% |    357.65% |    611.01% |    970.82%
   -- Frequency scalability            |    100.00% |     98.80% |     92.57% |     90.48%
==========================================================================================

Overheads in executing implicit tasks
========================================================================================================================
                            Number of processors |               1 |               4 |               8 |              16
========================================================================================================================
Number of implicit tasks per thread (average)    |          2000.0 |          2000.0 |          2000.0 |          2000.0
Useful duration for implicit tasks (average)     |         1392.39 |         1545.82 |         1385.12 |         1428.69
Load balancing for implicit tasks                |             1.0 |            0.87 |            0.83 |            0.86
Time in synchronization implicit tasks (average) |               0 |               0 |               0 |               0
Time in fork/join implicit tasks (average)       |            4.85 |          630.93 |          148.69 |          144.75
========================================================================================================================

