Overview of whole program execution metrics:
============================================================================================================================================
   Number of processors |          1 |          2 |          4 |          6 |          8 |         10 |         12 |         14 |         16
============================================================================================================================================
Elapsed time (sec)      |       0.21 |       0.24 |       0.19 |       0.20 |       0.21 |       0.22 |       0.24 |       0.24 |       0.25
Speedup                 |       1.00 |       0.88 |       1.09 |       1.03 |       1.03 |       0.95 |       0.89 |       0.88 |       0.85
Efficiency              |       1.00 |       0.44 |       0.27 |       0.17 |       0.13 |       0.10 |       0.07 |       0.06 |       0.05
============================================================================================================================================

Overview of the Efficiency metrics in parallel fraction:
===========================================================================================================================================================
                  Number of processors |          1 |          2 |          4 |          6 |          8 |         10 |         12 |         14 |         16
===========================================================================================================================================================
Parallel fraction                      |     89.21% | 
------------------------------------------------------
Global efficiency                      |     92.04% |     40.08% |     25.47% |     16.05% |     11.95% |      8.79% |      6.80% |      5.77% |      4.82%
-- Parallelization strategy efficiency |     92.04% |     52.82% |     40.03% |     27.71% |     21.13% |     16.71% |     13.61% |     11.68% |      9.56%
   -- Load balancing                   |    100.00% |     96.88% |     92.12% |     62.32% |     40.87% |     28.66% |     21.75% |     18.43% |     16.02%
   -- In execution efficiency          |     92.04% |     54.52% |     43.45% |     44.47% |     51.71% |     58.32% |     62.59% |     63.36% |     59.66%
-- Scalability for computation tasks   |    100.00% |     75.89% |     63.62% |     57.91% |     56.57% |     52.61% |     49.97% |     49.44% |     50.46%
   -- IPC scalability                  |    100.00% |     68.58% |     57.29% |     54.21% |     53.52% |     51.16% |     48.96% |     48.55% |     48.78%
   -- Instruction scalability          |    100.00% |    112.03% |    113.31% |    113.04% |    112.26% |    111.52% |    110.83% |    110.82% |    111.47%
   -- Frequency scalability            |    100.00% |     98.77% |     98.01% |     94.50% |     94.15% |     92.21% |     92.09% |     91.90% |     92.79%
===========================================================================================================================================================

Statistics about explicit tasks in parallel fraction
==================================================================================================================================================================================================================
                            Number of processors |               1 |               2 |               4 |               6 |               8 |              10 |              12 |              14 |              16
==================================================================================================================================================================================================================
Number of explicit tasks executed (total)        |         53248.0 |         53248.0 |         53248.0 |         53248.0 |         53248.0 |         53248.0 |         53248.0 |         53248.0 |         53248.0
LB (number of explicit tasks executed)           |             1.0 |            0.71 |            0.74 |            0.77 |            0.79 |            0.79 |            0.79 |             0.8 |            0.83
LB (time executing explicit tasks)               |             1.0 |            0.79 |             0.8 |            0.77 |            0.79 |            0.79 |             0.8 |            0.79 |            0.85
Time per explicit task (average)                 |            2.74 |            3.51 |            4.07 |            4.18 |            4.05 |            4.08 |            4.09 |             4.1 |             4.0
Overhead per explicit task (synch %)             |            0.87 |           70.01 |          149.48 |          318.33 |          501.86 |          729.63 |           987.6 |          1191.7 |         1495.36
Overhead per explicit task (sched %)             |            9.38 |           38.89 |           38.71 |           32.53 |           27.69 |           24.61 |           23.48 |            22.8 |           28.95
Number of taskwait/taskgroup (total)             |          2730.0 |          2730.0 |          2730.0 |          2730.0 |          2730.0 |          2730.0 |          2730.0 |          2730.0 |          2730.0
==================================================================================================================================================================================================================

