Overview of whole program execution metrics:
========================================================================================
   Number of processors |          1 |          4 |          8 |         12 |         16
========================================================================================
Elapsed time (sec)      |       0.58 |       0.37 |       0.32 |       0.36 |       0.35
Speedup                 |       1.00 |       1.58 |       1.82 |       1.61 |       1.66
Efficiency              |       1.00 |       0.39 |       0.23 |       0.13 |       0.10
========================================================================================

Overview of the Efficiency metrics in parallel fraction:
=======================================================================================================
                  Number of processors |          1 |          4 |          8 |         12 |         16
=======================================================================================================
Parallel fraction                      |     99.91% | 
------------------------------------------------------
Global efficiency                      |     95.30% |     37.63% |     21.72% |     12.78% |      9.88%
-- Parallelization strategy efficiency |     95.30% |     45.23% |     29.78% |     18.76% |     15.00%
   -- Load balancing                   |    100.00% |     92.30% |     53.66% |     32.69% |     24.20%
   -- In execution efficiency          |     95.30% |     49.01% |     55.50% |     57.38% |     61.98%
-- Scalability for computation tasks   |    100.00% |     83.20% |     72.93% |     68.11% |     65.91%
   -- IPC scalability                  |    100.00% |     79.86% |     73.70% |     70.11% |     68.24%
   -- Instruction scalability          |    100.00% |    104.01% |    104.26% |    104.26% |    104.14%
   -- Frequency scalability            |    100.00% |    100.16% |     94.91% |     93.18% |     92.75%
=======================================================================================================

Statistics about explicit tasks in parallel fraction
==========================================================================================================================================
                            Number of processors |               1 |               4 |               8 |              12 |              16
==========================================================================================================================================
Number of explicit tasks executed (total)        |        102400.0 |        102400.0 |        102400.0 |        102400.0 |        102400.0
LB (number of explicit tasks executed)           |             1.0 |            0.83 |            0.83 |            0.87 |            0.85
LB (time executing explicit tasks)               |             1.0 |            0.89 |            0.89 |            0.91 |             0.9
Time per explicit task (average)                 |             4.9 |            5.63 |            5.96 |            5.95 |            6.04
Overhead per explicit task (synch %)             |             0.0 |          106.44 |          268.28 |          548.15 |          742.93
Overhead per explicit task (sched %)             |             5.4 |           32.29 |           23.08 |           25.07 |           21.39
Number of taskwait/taskgroup (total)             |             0.0 |             0.0 |             0.0 |             0.0 |             0.0
==========================================================================================================================================

