[{'dep_offset': 0,
  'name': 'MAIN_TAREADOR',
  'parent_ending_section': None,
  'parent_starting_section': None,
  'potential_children_tasks': [2,
                               4,
                               6,
                               8,
                               10,
                               12,
                               14,
                               16,
                               18,
                               20,
                               22,
                               24,
                               26,
                               28,
                               30,
                               32,
                               34,
                               36,
                               38,
                               40,
                               42,
                               44,
                               46,
                               48,
                               50,
                               52,
                               54,
                               56,
                               58,
                               60,
                               62,
                               64,
                               66,
                               68,
                               70,
                               72,
                               74,
                               76,
                               78,
                               80,
                               82,
                               84,
                               86,
                               88,
                               90,
                               92,
                               94,
                               96,
                               98,
                               100,
                               102,
                               104,
                               106,
                               108,
                               110,
                               112,
                               114,
                               116,
                               118,
                               120,
                               122,
                               124,
                               126,
                               128,
                               130,
                               132,
                               134,
                               136,
                               138,
                               140,
                               142,
                               144,
                               146,
                               148,
                               150,
                               152,
                               154,
                               156,
                               158,
                               160,
                               162,
                               164,
                               166,
                               168,
                               170,
                               172,
                               174,
                               176,
                               178,
                               180,
                               182,
                               184,
                               186,
                               188,
                               190,
                               192,
                               194,
                               196,
                               198,
                               200,
                               202,
                               204,
                               206,
                               208,
                               210,
                               212,
                               214,
                               216,
                               218,
                               220,
                               222,
                               224,
                               226,
                               228,
                               230,
                               232,
                               234,
                               236,
                               238,
                               240,
                               242,
                               244,
                               246,
                               248,
                               250,
                               252,
                               254,
                               256,
                               258,
                               260,
                               262,
                               264,
                               266,
                               268,
                               270,
                               272,
                               274,
                               276,
                               278,
                               280,
                               282,
                               284,
                               286,
                               288,
                               290,
                               292,
                               294,
                               296,
                               298,
                               300,
                               302,
                               304,
                               306,
                               308,
                               310,
                               312,
                               314,
                               316,
                               318,
                               320,
                               322,
                               324,
                               326,
                               328,
                               330,
                               332,
                               334,
                               336,
                               338,
                               340,
                               342],
  'starting_section': 1,
  'task_id': 0,
  'task_sections_cnt': 5,
  'usage_offset': 0},
 {'dep_offset': 15214,
  'name': 'start_plan_forward',
  'parent_ending_section': 343,
  'parent_starting_section': 1,
  'potential_children_tasks': [],
  'starting_section': 2,
  'task_id': 1,
  'task_sections_cnt': 1,
  'usage_offset': 2058},
 {'dep_offset': 15496,
  'name': 'init_complex_grid_loop_j',
  'parent_ending_section': 343,
  'parent_starting_section': 1,
  'potential_children_tasks': [],
  'starting_section': 4,
  'task_id': 2,
  'task_sections_cnt': 1,
  'usage_offset': 2177},
 {'dep_offset': 15725,
  'name': 'init_complex_grid_loop_j',
  'parent_ending_section': 343,
  'parent_starting_section': 1,
  'potential_children_tasks': [],
  'starting_section': 6,
  'task_id': 3,
  'task_sections_cnt': 1,
  'usage_offset': 2500},
 {'dep_offset': 15956,
  'name': 'init_complex_grid_loop_j',
  'parent_ending_section': 343,
  'parent_starting_section': 1,
  'potential_children_tasks': [],
  'starting_section': 8,
  'task_id': 4,
  'task_sections_cnt': 1,
  'usage_offset': 2831},
 {'dep_offset': 16188,
  'name': 'init_complex_grid_loop_j',
  'parent_ending_section': 343,
  'parent_starting_section': 1,
  'potential_children_tasks': [],
  'starting_section': 10,
  'task_id': 5,
  'task_sections_cnt': 1,
  'usage_offset': 3164},
 {'dep_offset': 16420,
  'name': 'init_complex_grid_loop_j',
  'parent_ending_section': 343,
  'parent_starting_section': 1,
  'potential_children_tasks': [],
  'starting_section': 12,
  'task_id': 6,
  'task_sections_cnt': 1,
  'usage_offset': 3501},
 {'dep_offset': 16652,
  'name': 'init_complex_grid_loop_j',
  'parent_ending_section': 343,
  'parent_starting_section': 1,
  'potential_children_tasks': [],
  'starting_section': 14,
  'task_id': 7,
  'task_sections_cnt': 1,
  'usage_offset': 3838},
 {'dep_offset': 16885,
  'name': 'init_complex_grid_loop_j',
  'parent_ending_section': 343,
  'parent_starting_section': 1,
  'potential_children_tasks': [],
  'starting_section': 16,
  'task_id': 8,
  'task_sections_cnt': 1,
  'usage_offset': 4175},
 {'dep_offset': 17118,
  'name': 'init_complex_grid_loop_j',
  'parent_ending_section': 343,
  'parent_starting_section': 1,
  'potential_children_tasks': [],
  'starting_section': 18,
  'task_id': 9,
  'task_sections_cnt': 1,
  'usage_offset': 4512},
 {'dep_offset': 17351,
  'name': 'init_complex_grid_loop_j',
  'parent_ending_section': 343,
  'parent_starting_section': 1,
  'potential_children_tasks': [],
  'starting_section': 20,
  'task_id': 10,
  'task_sections_cnt': 1,
  'usage_offset': 4849},
 {'dep_offset': 17587,
  'name': 'init_complex_grid_loop_j',
  'parent_ending_section': 343,
  'parent_starting_section': 1,
  'potential_children_tasks': [],
  'starting_section': 22,
  'task_id': 11,
  'task_sections_cnt': 1,
  'usage_offset': 5188},
 {'dep_offset': 17823,
  'name': 'init_complex_grid_loop_j',
  'parent_ending_section': 343,
  'parent_starting_section': 1,
  'potential_children_tasks': [],
  'starting_section': 24,
  'task_id': 12,
  'task_sections_cnt': 1,
  'usage_offset': 5529},
 {'dep_offset': 18059,
  'name': 'init_complex_grid_loop_j',
  'parent_ending_section': 343,
  'parent_starting_section': 1,
  'potential_children_tasks': [],
  'starting_section': 26,
  'task_id': 13,
  'task_sections_cnt': 1,
  'usage_offset': 5872},
 {'dep_offset': 18295,
  'name': 'init_complex_grid_loop_j',
  'parent_ending_section': 343,
  'parent_starting_section': 1,
  'potential_children_tasks': [],
  'starting_section': 28,
  'task_id': 14,
  'task_sections_cnt': 1,
  'usage_offset': 6215},
 {'dep_offset': 18532,
  'name': 'init_complex_grid_loop_j',
  'parent_ending_section': 343,
  'parent_starting_section': 1,
  'potential_children_tasks': [],
  'starting_section': 30,
  'task_id': 15,
  'task_sections_cnt': 1,
  'usage_offset': 6560},
 {'dep_offset': 18770,
  'name': 'init_complex_grid_loop_j',
  'parent_ending_section': 343,
  'parent_starting_section': 1,
  'potential_children_tasks': [],
  'starting_section': 32,
  'task_id': 16,
  'task_sections_cnt': 1,
  'usage_offset': 6907},
 {'dep_offset': 19008,
  'name': 'init_complex_grid_loop_j',
  'parent_ending_section': 343,
  'parent_starting_section': 1,
  'potential_children_tasks': [],
  'starting_section': 34,
  'task_id': 17,
  'task_sections_cnt': 1,
  'usage_offset': 7254},
 {'dep_offset': 19246,
  'name': 'init_complex_grid_loop_j',
  'parent_ending_section': 343,
  'parent_starting_section': 1,
  'potential_children_tasks': [],
  'starting_section': 36,
  'task_id': 18,
  'task_sections_cnt': 1,
  'usage_offset': 7601},
 {'dep_offset': 19484,
  'name': 'init_complex_grid_loop_j',
  'parent_ending_section': 343,
  'parent_starting_section': 1,
  'potential_children_tasks': [],
  'starting_section': 38,
  'task_id': 19,
  'task_sections_cnt': 1,
  'usage_offset': 7948},
 {'dep_offset': 19722,
  'name': 'init_complex_grid_loop_j',
  'parent_ending_section': 343,
  'parent_starting_section': 1,
  'potential_children_tasks': [],
  'starting_section': 40,
  'task_id': 20,
  'task_sections_cnt': 1,
  'usage_offset': 8295},
 {'dep_offset': 19960,
  'name': 'init_complex_grid_loop_j',
  'parent_ending_section': 343,
  'parent_starting_section': 1,
  'potential_children_tasks': [],
  'starting_section': 42,
  'task_id': 21,
  'task_sections_cnt': 1,
  'usage_offset': 8642},
 {'dep_offset': 20198,
  'name': 'init_complex_grid_loop_j',
  'parent_ending_section': 343,
  'parent_starting_section': 1,
  'potential_children_tasks': [],
  'starting_section': 44,
  'task_id': 22,
  'task_sections_cnt': 1,
  'usage_offset': 8989},
 {'dep_offset': 20436,
  'name': 'init_complex_grid_loop_j',
  'parent_ending_section': 343,
  'parent_starting_section': 1,
  'potential_children_tasks': [],
  'starting_section': 46,
  'task_id': 23,
  'task_sections_cnt': 1,
  'usage_offset': 9336},
 {'dep_offset': 20674,
  'name': 'init_complex_grid_loop_j',
  'parent_ending_section': 343,
  'parent_starting_section': 1,
  'potential_children_tasks': [],
  'starting_section': 48,
  'task_id': 24,
  'task_sections_cnt': 1,
  'usage_offset': 9683},
 {'dep_offset': 20912,
  'name': 'init_complex_grid_loop_j',
  'parent_ending_section': 343,
  'parent_starting_section': 1,
  'potential_children_tasks': [],
  'starting_section': 50,
  'task_id': 25,
  'task_sections_cnt': 1,
  'usage_offset': 10030},
 {'dep_offset': 21150,
  'name': 'init_complex_grid_loop_j',
  'parent_ending_section': 343,
  'parent_starting_section': 1,
  'potential_children_tasks': [],
  'starting_section': 52,
  'task_id': 26,
  'task_sections_cnt': 1,
  'usage_offset': 10377},
 {'dep_offset': 21388,
  'name': 'init_complex_grid_loop_j',
  'parent_ending_section': 343,
  'parent_starting_section': 1,
  'potential_children_tasks': [],
  'starting_section': 54,
  'task_id': 27,
  'task_sections_cnt': 1,
  'usage_offset': 10724},
 {'dep_offset': 21626,
  'name': 'init_complex_grid_loop_j',
  'parent_ending_section': 343,
  'parent_starting_section': 1,
  'potential_children_tasks': [],
  'starting_section': 56,
  'task_id': 28,
  'task_sections_cnt': 1,
  'usage_offset': 11071},
 {'dep_offset': 21864,
  'name': 'init_complex_grid_loop_j',
  'parent_ending_section': 343,
  'parent_starting_section': 1,
  'potential_children_tasks': [],
  'starting_section': 58,
  'task_id': 29,
  'task_sections_cnt': 1,
  'usage_offset': 11418},
 {'dep_offset': 22102,
  'name': 'init_complex_grid_loop_j',
  'parent_ending_section': 343,
  'parent_starting_section': 1,
  'potential_children_tasks': [],
  'starting_section': 60,
  'task_id': 30,
  'task_sections_cnt': 1,
  'usage_offset': 11765},
 {'dep_offset': 22340,
  'name': 'init_complex_grid_loop_j',
  'parent_ending_section': 343,
  'parent_starting_section': 1,
  'potential_children_tasks': [],
  'starting_section': 62,
  'task_id': 31,
  'task_sections_cnt': 1,
  'usage_offset': 12112},
 {'dep_offset': 22578,
  'name': 'init_complex_grid_loop_j',
  'parent_ending_section': 343,
  'parent_starting_section': 1,
  'potential_children_tasks': [],
  'starting_section': 64,
  'task_id': 32,
  'task_sections_cnt': 1,
  'usage_offset': 12459},
 {'dep_offset': 22816,
  'name': 'init_complex_grid_loop_j',
  'parent_ending_section': 343,
  'parent_starting_section': 1,
  'potential_children_tasks': [],
  'starting_section': 66,
  'task_id': 33,
  'task_sections_cnt': 1,
  'usage_offset': 12806},
 {'dep_offset': 23054,
  'name': 'init_complex_grid_loop_j',
  'parent_ending_section': 343,
  'parent_starting_section': 1,
  'potential_children_tasks': [],
  'starting_section': 68,
  'task_id': 34,
  'task_sections_cnt': 1,
  'usage_offset': 13153},
 {'dep_offset': 23292,
  'name': 'init_complex_grid_loop_j',
  'parent_ending_section': 343,
  'parent_starting_section': 1,
  'potential_children_tasks': [],
  'starting_section': 70,
  'task_id': 35,
  'task_sections_cnt': 1,
  'usage_offset': 13500},
 {'dep_offset': 23530,
  'name': 'init_complex_grid_loop_j',
  'parent_ending_section': 343,
  'parent_starting_section': 1,
  'potential_children_tasks': [],
  'starting_section': 72,
  'task_id': 36,
  'task_sections_cnt': 1,
  'usage_offset': 13847},
 {'dep_offset': 23768,
  'name': 'init_complex_grid_loop_j',
  'parent_ending_section': 343,
  'parent_starting_section': 1,
  'potential_children_tasks': [],
  'starting_section': 74,
  'task_id': 37,
  'task_sections_cnt': 1,
  'usage_offset': 14194},
 {'dep_offset': 24006,
  'name': 'init_complex_grid_loop_j',
  'parent_ending_section': 343,
  'parent_starting_section': 1,
  'potential_children_tasks': [],
  'starting_section': 76,
  'task_id': 38,
  'task_sections_cnt': 1,
  'usage_offset': 14541},
 {'dep_offset': 24244,
  'name': 'init_complex_grid_loop_j',
  'parent_ending_section': 343,
  'parent_starting_section': 1,
  'potential_children_tasks': [],
  'starting_section': 78,
  'task_id': 39,
  'task_sections_cnt': 1,
  'usage_offset': 14888},
 {'dep_offset': 24482,
  'name': 'init_complex_grid_loop_j',
  'parent_ending_section': 343,
  'parent_starting_section': 1,
  'potential_children_tasks': [],
  'starting_section': 80,
  'task_id': 40,
  'task_sections_cnt': 1,
  'usage_offset': 15235},
 {'dep_offset': 24720,
  'name': 'init_complex_grid_loop_j',
  'parent_ending_section': 343,
  'parent_starting_section': 1,
  'potential_children_tasks': [],
  'starting_section': 82,
  'task_id': 41,
  'task_sections_cnt': 1,
  'usage_offset': 15582},
 {'dep_offset': 24958,
  'name': 'init_complex_grid_loop_j',
  'parent_ending_section': 343,
  'parent_starting_section': 1,
  'potential_children_tasks': [],
  'starting_section': 84,
  'task_id': 42,
  'task_sections_cnt': 1,
  'usage_offset': 15929},
 {'dep_offset': 25196,
  'name': 'init_complex_grid_loop_j',
  'parent_ending_section': 343,
  'parent_starting_section': 1,
  'potential_children_tasks': [],
  'starting_section': 86,
  'task_id': 43,
  'task_sections_cnt': 1,
  'usage_offset': 16276},
 {'dep_offset': 25434,
  'name': 'init_complex_grid_loop_j',
  'parent_ending_section': 343,
  'parent_starting_section': 1,
  'potential_children_tasks': [],
  'starting_section': 88,
  'task_id': 44,
  'task_sections_cnt': 1,
  'usage_offset': 16623},
 {'dep_offset': 25672,
  'name': 'init_complex_grid_loop_j',
  'parent_ending_section': 343,
  'parent_starting_section': 1,
  'potential_children_tasks': [],
  'starting_section': 90,
  'task_id': 45,
  'task_sections_cnt': 1,
  'usage_offset': 16970},
 {'dep_offset': 25910,
  'name': 'init_complex_grid_loop_j',
  'parent_ending_section': 343,
  'parent_starting_section': 1,
  'potential_children_tasks': [],
  'starting_section': 92,
  'task_id': 46,
  'task_sections_cnt': 1,
  'usage_offset': 17317},
 {'dep_offset': 26148,
  'name': 'init_complex_grid_loop_j',
  'parent_ending_section': 343,
  'parent_starting_section': 1,
  'potential_children_tasks': [],
  'starting_section': 94,
  'task_id': 47,
  'task_sections_cnt': 1,
  'usage_offset': 17664},
 {'dep_offset': 26386,
  'name': 'init_complex_grid_loop_j',
  'parent_ending_section': 343,
  'parent_starting_section': 1,
  'potential_children_tasks': [],
  'starting_section': 96,
  'task_id': 48,
  'task_sections_cnt': 1,
  'usage_offset': 18011},
 {'dep_offset': 26624,
  'name': 'init_complex_grid_loop_j',
  'parent_ending_section': 343,
  'parent_starting_section': 1,
  'potential_children_tasks': [],
  'starting_section': 98,
  'task_id': 49,
  'task_sections_cnt': 1,
  'usage_offset': 18358},
 {'dep_offset': 26862,
  'name': 'init_complex_grid_loop_j',
  'parent_ending_section': 343,
  'parent_starting_section': 1,
  'potential_children_tasks': [],
  'starting_section': 100,
  'task_id': 50,
  'task_sections_cnt': 1,
  'usage_offset': 18705},
 {'dep_offset': 27100,
  'name': 'init_complex_grid_loop_j',
  'parent_ending_section': 343,
  'parent_starting_section': 1,
  'potential_children_tasks': [],
  'starting_section': 102,
  'task_id': 51,
  'task_sections_cnt': 1,
  'usage_offset': 19056},
 {'dep_offset': 27338,
  'name': 'init_complex_grid_loop_j',
  'parent_ending_section': 343,
  'parent_starting_section': 1,
  'potential_children_tasks': [],
  'starting_section': 104,
  'task_id': 52,
  'task_sections_cnt': 1,
  'usage_offset': 19407},
 {'dep_offset': 27576,
  'name': 'init_complex_grid_loop_j',
  'parent_ending_section': 343,
  'parent_starting_section': 1,
  'potential_children_tasks': [],
  'starting_section': 106,
  'task_id': 53,
  'task_sections_cnt': 1,
  'usage_offset': 19758},
 {'dep_offset': 27814,
  'name': 'init_complex_grid_loop_j',
  'parent_ending_section': 343,
  'parent_starting_section': 1,
  'potential_children_tasks': [],
  'starting_section': 108,
  'task_id': 54,
  'task_sections_cnt': 1,
  'usage_offset': 20109},
 {'dep_offset': 28052,
  'name': 'init_complex_grid_loop_j',
  'parent_ending_section': 343,
  'parent_starting_section': 1,
  'potential_children_tasks': [],
  'starting_section': 110,
  'task_id': 55,
  'task_sections_cnt': 1,
  'usage_offset': 20460},
 {'dep_offset': 28290,
  'name': 'init_complex_grid_loop_j',
  'parent_ending_section': 343,
  'parent_starting_section': 1,
  'potential_children_tasks': [],
  'starting_section': 112,
  'task_id': 56,
  'task_sections_cnt': 1,
  'usage_offset': 20811},
 {'dep_offset': 28528,
  'name': 'init_complex_grid_loop_j',
  'parent_ending_section': 343,
  'parent_starting_section': 1,
  'potential_children_tasks': [],
  'starting_section': 114,
  'task_id': 57,
  'task_sections_cnt': 1,
  'usage_offset': 21162},
 {'dep_offset': 28766,
  'name': 'init_complex_grid_loop_j',
  'parent_ending_section': 343,
  'parent_starting_section': 1,
  'potential_children_tasks': [],
  'starting_section': 116,
  'task_id': 58,
  'task_sections_cnt': 1,
  'usage_offset': 21513},
 {'dep_offset': 29004,
  'name': 'init_complex_grid_loop_j',
  'parent_ending_section': 343,
  'parent_starting_section': 1,
  'potential_children_tasks': [],
  'starting_section': 118,
  'task_id': 59,
  'task_sections_cnt': 1,
  'usage_offset': 21864},
 {'dep_offset': 29242,
  'name': 'init_complex_grid_loop_j',
  'parent_ending_section': 343,
  'parent_starting_section': 1,
  'potential_children_tasks': [],
  'starting_section': 120,
  'task_id': 60,
  'task_sections_cnt': 1,
  'usage_offset': 22215},
 {'dep_offset': 29480,
  'name': 'init_complex_grid_loop_j',
  'parent_ending_section': 343,
  'parent_starting_section': 1,
  'potential_children_tasks': [],
  'starting_section': 122,
  'task_id': 61,
  'task_sections_cnt': 1,
  'usage_offset': 22566},
 {'dep_offset': 29718,
  'name': 'init_complex_grid_loop_j',
  'parent_ending_section': 343,
  'parent_starting_section': 1,
  'potential_children_tasks': [],
  'starting_section': 124,
  'task_id': 62,
  'task_sections_cnt': 1,
  'usage_offset': 22917},
 {'dep_offset': 29956,
  'name': 'init_complex_grid_loop_j',
  'parent_ending_section': 343,
  'parent_starting_section': 1,
  'potential_children_tasks': [],
  'starting_section': 126,
  'task_id': 63,
  'task_sections_cnt': 1,
  'usage_offset': 23268},
 {'dep_offset': 30194,
  'name': 'init_complex_grid_loop_j',
  'parent_ending_section': 343,
  'parent_starting_section': 1,
  'potential_children_tasks': [],
  'starting_section': 128,
  'task_id': 64,
  'task_sections_cnt': 1,
  'usage_offset': 23619},
 {'dep_offset': 30432,
  'name': 'init_complex_grid_loop_j',
  'parent_ending_section': 343,
  'parent_starting_section': 1,
  'potential_children_tasks': [],
  'starting_section': 130,
  'task_id': 65,
  'task_sections_cnt': 1,
  'usage_offset': 23970},
 {'dep_offset': 30670,
  'name': 'init_complex_grid_loop_j',
  'parent_ending_section': 343,
  'parent_starting_section': 1,
  'potential_children_tasks': [],
  'starting_section': 132,
  'task_id': 66,
  'task_sections_cnt': 1,
  'usage_offset': 24321},
 {'dep_offset': 30908,
  'name': 'init_complex_grid_loop_j',
  'parent_ending_section': 343,
  'parent_starting_section': 1,
  'potential_children_tasks': [],
  'starting_section': 134,
  'task_id': 67,
  'task_sections_cnt': 1,
  'usage_offset': 24672},
 {'dep_offset': 31146,
  'name': 'init_complex_grid_loop_j',
  'parent_ending_section': 343,
  'parent_starting_section': 1,
  'potential_children_tasks': [],
  'starting_section': 136,
  'task_id': 68,
  'task_sections_cnt': 1,
  'usage_offset': 25023},
 {'dep_offset': 31384,
  'name': 'init_complex_grid_loop_j',
  'parent_ending_section': 343,
  'parent_starting_section': 1,
  'potential_children_tasks': [],
  'starting_section': 138,
  'task_id': 69,
  'task_sections_cnt': 1,
  'usage_offset': 25374},
 {'dep_offset': 31622,
  'name': 'init_complex_grid_loop_j',
  'parent_ending_section': 343,
  'parent_starting_section': 1,
  'potential_children_tasks': [],
  'starting_section': 140,
  'task_id': 70,
  'task_sections_cnt': 1,
  'usage_offset': 25725},
 {'dep_offset': 31860,
  'name': 'init_complex_grid_loop_j',
  'parent_ending_section': 343,
  'parent_starting_section': 1,
  'potential_children_tasks': [],
  'starting_section': 142,
  'task_id': 71,
  'task_sections_cnt': 1,
  'usage_offset': 26076},
 {'dep_offset': 32098,
  'name': 'init_complex_grid_loop_j',
  'parent_ending_section': 343,
  'parent_starting_section': 1,
  'potential_children_tasks': [],
  'starting_section': 144,
  'task_id': 72,
  'task_sections_cnt': 1,
  'usage_offset': 26427},
 {'dep_offset': 32336,
  'name': 'init_complex_grid_loop_j',
  'parent_ending_section': 343,
  'parent_starting_section': 1,
  'potential_children_tasks': [],
  'starting_section': 146,
  'task_id': 73,
  'task_sections_cnt': 1,
  'usage_offset': 26778},
 {'dep_offset': 32574,
  'name': 'init_complex_grid_loop_j',
  'parent_ending_section': 343,
  'parent_starting_section': 1,
  'potential_children_tasks': [],
  'starting_section': 148,
  'task_id': 74,
  'task_sections_cnt': 1,
  'usage_offset': 27129},
 {'dep_offset': 32812,
  'name': 'init_complex_grid_loop_j',
  'parent_ending_section': 343,
  'parent_starting_section': 1,
  'potential_children_tasks': [],
  'starting_section': 150,
  'task_id': 75,
  'task_sections_cnt': 1,
  'usage_offset': 27480},
 {'dep_offset': 33050,
  'name': 'init_complex_grid_loop_j',
  'parent_ending_section': 343,
  'parent_starting_section': 1,
  'potential_children_tasks': [],
  'starting_section': 152,
  'task_id': 76,
  'task_sections_cnt': 1,
  'usage_offset': 27831},
 {'dep_offset': 33288,
  'name': 'init_complex_grid_loop_j',
  'parent_ending_section': 343,
  'parent_starting_section': 1,
  'potential_children_tasks': [],
  'starting_section': 154,
  'task_id': 77,
  'task_sections_cnt': 1,
  'usage_offset': 28182},
 {'dep_offset': 33526,
  'name': 'init_complex_grid_loop_j',
  'parent_ending_section': 343,
  'parent_starting_section': 1,
  'potential_children_tasks': [],
  'starting_section': 156,
  'task_id': 78,
  'task_sections_cnt': 1,
  'usage_offset': 28533},
 {'dep_offset': 33764,
  'name': 'init_complex_grid_loop_j',
  'parent_ending_section': 343,
  'parent_starting_section': 1,
  'potential_children_tasks': [],
  'starting_section': 158,
  'task_id': 79,
  'task_sections_cnt': 1,
  'usage_offset': 28884},
 {'dep_offset': 34002,
  'name': 'init_complex_grid_loop_j',
  'parent_ending_section': 343,
  'parent_starting_section': 1,
  'potential_children_tasks': [],
  'starting_section': 160,
  'task_id': 80,
  'task_sections_cnt': 1,
  'usage_offset': 29235},
 {'dep_offset': 34240,
  'name': 'init_complex_grid_loop_j',
  'parent_ending_section': 343,
  'parent_starting_section': 1,
  'potential_children_tasks': [],
  'starting_section': 162,
  'task_id': 81,
  'task_sections_cnt': 1,
  'usage_offset': 29586},
 {'dep_offset': 34478,
  'name': 'init_complex_grid_loop_j',
  'parent_ending_section': 343,
  'parent_starting_section': 1,
  'potential_children_tasks': [],
  'starting_section': 164,
  'task_id': 82,
  'task_sections_cnt': 1,
  'usage_offset': 29937},
 {'dep_offset': 34716,
  'name': 'init_complex_grid_loop_j',
  'parent_ending_section': 343,
  'parent_starting_section': 1,
  'potential_children_tasks': [],
  'starting_section': 166,
  'task_id': 83,
  'task_sections_cnt': 1,
  'usage_offset': 30288},
 {'dep_offset': 34954,
  'name': 'init_complex_grid_loop_j',
  'parent_ending_section': 343,
  'parent_starting_section': 1,
  'potential_children_tasks': [],
  'starting_section': 168,
  'task_id': 84,
  'task_sections_cnt': 1,
  'usage_offset': 30639},
 {'dep_offset': 35192,
  'name': 'init_complex_grid_loop_j',
  'parent_ending_section': 343,
  'parent_starting_section': 1,
  'potential_children_tasks': [],
  'starting_section': 170,
  'task_id': 85,
  'task_sections_cnt': 1,
  'usage_offset': 30990},
 {'dep_offset': 35430,
  'name': 'init_complex_grid_loop_j',
  'parent_ending_section': 343,
  'parent_starting_section': 1,
  'potential_children_tasks': [],
  'starting_section': 172,
  'task_id': 86,
  'task_sections_cnt': 1,
  'usage_offset': 31341},
 {'dep_offset': 35668,
  'name': 'init_complex_grid_loop_j',
  'parent_ending_section': 343,
  'parent_starting_section': 1,
  'potential_children_tasks': [],
  'starting_section': 174,
  'task_id': 87,
  'task_sections_cnt': 1,
  'usage_offset': 31692},
 {'dep_offset': 35906,
  'name': 'init_complex_grid_loop_j',
  'parent_ending_section': 343,
  'parent_starting_section': 1,
  'potential_children_tasks': [],
  'starting_section': 176,
  'task_id': 88,
  'task_sections_cnt': 1,
  'usage_offset': 32043},
 {'dep_offset': 36144,
  'name': 'init_complex_grid_loop_j',
  'parent_ending_section': 343,
  'parent_starting_section': 1,
  'potential_children_tasks': [],
  'starting_section': 178,
  'task_id': 89,
  'task_sections_cnt': 1,
  'usage_offset': 32394},
 {'dep_offset': 36382,
  'name': 'init_complex_grid_loop_j',
  'parent_ending_section': 343,
  'parent_starting_section': 1,
  'potential_children_tasks': [],
  'starting_section': 180,
  'task_id': 90,
  'task_sections_cnt': 1,
  'usage_offset': 32745},
 {'dep_offset': 36620,
  'name': 'init_complex_grid_loop_j',
  'parent_ending_section': 343,
  'parent_starting_section': 1,
  'potential_children_tasks': [],
  'starting_section': 182,
  'task_id': 91,
  'task_sections_cnt': 1,
  'usage_offset': 33096},
 {'dep_offset': 36858,
  'name': 'init_complex_grid_loop_j',
  'parent_ending_section': 343,
  'parent_starting_section': 1,
  'potential_children_tasks': [],
  'starting_section': 184,
  'task_id': 92,
  'task_sections_cnt': 1,
  'usage_offset': 33447},
 {'dep_offset': 37096,
  'name': 'init_complex_grid_loop_j',
  'parent_ending_section': 343,
  'parent_starting_section': 1,
  'potential_children_tasks': [],
  'starting_section': 186,
  'task_id': 93,
  'task_sections_cnt': 1,
  'usage_offset': 33798},
 {'dep_offset': 37334,
  'name': 'init_complex_grid_loop_j',
  'parent_ending_section': 343,
  'parent_starting_section': 1,
  'potential_children_tasks': [],
  'starting_section': 188,
  'task_id': 94,
  'task_sections_cnt': 1,
  'usage_offset': 34149},
 {'dep_offset': 37572,
  'name': 'init_complex_grid_loop_j',
  'parent_ending_section': 343,
  'parent_starting_section': 1,
  'potential_children_tasks': [],
  'starting_section': 190,
  'task_id': 95,
  'task_sections_cnt': 1,
  'usage_offset': 34500},
 {'dep_offset': 37810,
  'name': 'init_complex_grid_loop_j',
  'parent_ending_section': 343,
  'parent_starting_section': 1,
  'potential_children_tasks': [],
  'starting_section': 192,
  'task_id': 96,
  'task_sections_cnt': 1,
  'usage_offset': 34851},
 {'dep_offset': 38048,
  'name': 'init_complex_grid_loop_j',
  'parent_ending_section': 343,
  'parent_starting_section': 1,
  'potential_children_tasks': [],
  'starting_section': 194,
  'task_id': 97,
  'task_sections_cnt': 1,
  'usage_offset': 35202},
 {'dep_offset': 38286,
  'name': 'init_complex_grid_loop_j',
  'parent_ending_section': 343,
  'parent_starting_section': 1,
  'potential_children_tasks': [],
  'starting_section': 196,
  'task_id': 98,
  'task_sections_cnt': 1,
  'usage_offset': 35553},
 {'dep_offset': 38524,
  'name': 'init_complex_grid_loop_j',
  'parent_ending_section': 343,
  'parent_starting_section': 1,
  'potential_children_tasks': [],
  'starting_section': 198,
  'task_id': 99,
  'task_sections_cnt': 1,
  'usage_offset': 35904},
 {'dep_offset': 38762,
  'name': 'init_complex_grid_loop_j',
  'parent_ending_section': 343,
  'parent_starting_section': 1,
  'potential_children_tasks': [],
  'starting_section': 200,
  'task_id': 100,
  'task_sections_cnt': 1,
  'usage_offset': 36255},
 {'dep_offset': 39003,
  'name': 'init_complex_grid_loop_j',
  'parent_ending_section': 343,
  'parent_starting_section': 1,
  'potential_children_tasks': [],
  'starting_section': 202,
  'task_id': 101,
  'task_sections_cnt': 1,
  'usage_offset': 36608},
 {'dep_offset': 39244,
  'name': 'ffts1_planes_loop_k',
  'parent_ending_section': 343,
  'parent_starting_section': 1,
  'potential_children_tasks': [],
  'starting_section': 204,
  'task_id': 102,
  'task_sections_cnt': 1,
  'usage_offset': 36963},
 {'dep_offset': 40090,
  'name': 'ffts1_planes_loop_k',
  'parent_ending_section': 343,
  'parent_starting_section': 1,
  'potential_children_tasks': [],
  'starting_section': 206,
  'task_id': 103,
  'task_sections_cnt': 1,
  'usage_offset': 37321},
 {'dep_offset': 40966,
  'name': 'ffts1_planes_loop_k',
  'parent_ending_section': 343,
  'parent_starting_section': 1,
  'potential_children_tasks': [],
  'starting_section': 208,
  'task_id': 104,
  'task_sections_cnt': 1,
  'usage_offset': 37691},
 {'dep_offset': 41848,
  'name': 'ffts1_planes_loop_k',
  'parent_ending_section': 343,
  'parent_starting_section': 1,
  'potential_children_tasks': [],
  'starting_section': 210,
  'task_id': 105,
  'task_sections_cnt': 1,
  'usage_offset': 38065},
 {'dep_offset': 42730,
  'name': 'ffts1_planes_loop_k',
  'parent_ending_section': 343,
  'parent_starting_section': 1,
  'potential_children_tasks': [],
  'starting_section': 212,
  'task_id': 106,
  'task_sections_cnt': 1,
  'usage_offset': 38439},
 {'dep_offset': 43612,
  'name': 'ffts1_planes_loop_k',
  'parent_ending_section': 343,
  'parent_starting_section': 1,
  'potential_children_tasks': [],
  'starting_section': 214,
  'task_id': 107,
  'task_sections_cnt': 1,
  'usage_offset': 38813},
 {'dep_offset': 44494,
  'name': 'ffts1_planes_loop_k',
  'parent_ending_section': 343,
  'parent_starting_section': 1,
  'potential_children_tasks': [],
  'starting_section': 216,
  'task_id': 108,
  'task_sections_cnt': 1,
  'usage_offset': 39187},
 {'dep_offset': 45376,
  'name': 'ffts1_planes_loop_k',
  'parent_ending_section': 343,
  'parent_starting_section': 1,
  'potential_children_tasks': [],
  'starting_section': 218,
  'task_id': 109,
  'task_sections_cnt': 1,
  'usage_offset': 39561},
 {'dep_offset': 46259,
  'name': 'ffts1_planes_loop_k',
  'parent_ending_section': 343,
  'parent_starting_section': 1,
  'potential_children_tasks': [],
  'starting_section': 220,
  'task_id': 110,
  'task_sections_cnt': 1,
  'usage_offset': 39935},
 {'dep_offset': 47142,
  'name': 'ffts1_planes_loop_k',
  'parent_ending_section': 343,
  'parent_starting_section': 1,
  'potential_children_tasks': [],
  'starting_section': 222,
  'task_id': 111,
  'task_sections_cnt': 1,
  'usage_offset': 40309},
 {'dep_offset': 48027,
  'name': 'Transpose_xy_loop_k',
  'parent_ending_section': 343,
  'parent_starting_section': 1,
  'potential_children_tasks': [],
  'starting_section': 224,
  'task_id': 112,
  'task_sections_cnt': 1,
  'usage_offset': 40683},
 {'dep_offset': 48328,
  'name': 'Transpose_xy_loop_k',
  'parent_ending_section': 343,
  'parent_starting_section': 1,
  'potential_children_tasks': [],
  'starting_section': 226,
  'task_id': 113,
  'task_sections_cnt': 1,
  'usage_offset': 41095},
 {'dep_offset': 48635,
  'name': 'Transpose_xy_loop_k',
  'parent_ending_section': 343,
  'parent_starting_section': 1,
  'potential_children_tasks': [],
  'starting_section': 228,
  'task_id': 114,
  'task_sections_cnt': 1,
  'usage_offset': 41519},
 {'dep_offset': 48944,
  'name': 'Transpose_xy_loop_k',
  'parent_ending_section': 343,
  'parent_starting_section': 1,
  'potential_children_tasks': [],
  'starting_section': 230,
  'task_id': 115,
  'task_sections_cnt': 1,
  'usage_offset': 41947},
 {'dep_offset': 49253,
  'name': 'Transpose_xy_loop_k',
  'parent_ending_section': 343,
  'parent_starting_section': 1,
  'potential_children_tasks': [],
  'starting_section': 232,
  'task_id': 116,
  'task_sections_cnt': 1,
  'usage_offset': 42375},
 {'dep_offset': 49562,
  'name': 'Transpose_xy_loop_k',
  'parent_ending_section': 343,
  'parent_starting_section': 1,
  'potential_children_tasks': [],
  'starting_section': 234,
  'task_id': 117,
  'task_sections_cnt': 1,
  'usage_offset': 42803},
 {'dep_offset': 49871,
  'name': 'Transpose_xy_loop_k',
  'parent_ending_section': 343,
  'parent_starting_section': 1,
  'potential_children_tasks': [],
  'starting_section': 236,
  'task_id': 118,
  'task_sections_cnt': 1,
  'usage_offset': 43231},
 {'dep_offset': 50180,
  'name': 'Transpose_xy_loop_k',
  'parent_ending_section': 343,
  'parent_starting_section': 1,
  'potential_children_tasks': [],
  'starting_section': 238,
  'task_id': 119,
  'task_sections_cnt': 1,
  'usage_offset': 43659},
 {'dep_offset': 50489,
  'name': 'Transpose_xy_loop_k',
  'parent_ending_section': 343,
  'parent_starting_section': 1,
  'potential_children_tasks': [],
  'starting_section': 240,
  'task_id': 120,
  'task_sections_cnt': 1,
  'usage_offset': 44087},
 {'dep_offset': 50798,
  'name': 'Transpose_xy_loop_k',
  'parent_ending_section': 343,
  'parent_starting_section': 1,
  'potential_children_tasks': [],
  'starting_section': 242,
  'task_id': 121,
  'task_sections_cnt': 1,
  'usage_offset': 44515},
 {'dep_offset': 51107,
  'name': 'ffts1_planes_loop_k',
  'parent_ending_section': 343,
  'parent_starting_section': 1,
  'potential_children_tasks': [],
  'starting_section': 244,
  'task_id': 122,
  'task_sections_cnt': 1,
  'usage_offset': 44943},
 {'dep_offset': 51407,
  'name': 'ffts1_planes_loop_k',
  'parent_ending_section': 343,
  'parent_starting_section': 1,
  'potential_children_tasks': [],
  'starting_section': 246,
  'task_id': 123,
  'task_sections_cnt': 1,
  'usage_offset': 45301},
 {'dep_offset': 51713,
  'name': 'ffts1_planes_loop_k',
  'parent_ending_section': 343,
  'parent_starting_section': 1,
  'potential_children_tasks': [],
  'starting_section': 248,
  'task_id': 124,
  'task_sections_cnt': 1,
  'usage_offset': 45671},
 {'dep_offset': 52021,
  'name': 'ffts1_planes_loop_k',
  'parent_ending_section': 343,
  'parent_starting_section': 1,
  'potential_children_tasks': [],
  'starting_section': 250,
  'task_id': 125,
  'task_sections_cnt': 1,
  'usage_offset': 46045},
 {'dep_offset': 52329,
  'name': 'ffts1_planes_loop_k',
  'parent_ending_section': 343,
  'parent_starting_section': 1,
  'potential_children_tasks': [],
  'starting_section': 252,
  'task_id': 126,
  'task_sections_cnt': 1,
  'usage_offset': 46419},
 {'dep_offset': 52637,
  'name': 'ffts1_planes_loop_k',
  'parent_ending_section': 343,
  'parent_starting_section': 1,
  'potential_children_tasks': [],
  'starting_section': 254,
  'task_id': 127,
  'task_sections_cnt': 1,
  'usage_offset': 46793},
 {'dep_offset': 52945,
  'name': 'ffts1_planes_loop_k',
  'parent_ending_section': 343,
  'parent_starting_section': 1,
  'potential_children_tasks': [],
  'starting_section': 256,
  'task_id': 128,
  'task_sections_cnt': 1,
  'usage_offset': 47167},
 {'dep_offset': 53253,
  'name': 'ffts1_planes_loop_k',
  'parent_ending_section': 343,
  'parent_starting_section': 1,
  'potential_children_tasks': [],
  'starting_section': 258,
  'task_id': 129,
  'task_sections_cnt': 1,
  'usage_offset': 47541},
 {'dep_offset': 53561,
  'name': 'ffts1_planes_loop_k',
  'parent_ending_section': 343,
  'parent_starting_section': 1,
  'potential_children_tasks': [],
  'starting_section': 260,
  'task_id': 130,
  'task_sections_cnt': 1,
  'usage_offset': 47915},
 {'dep_offset': 53869,
  'name': 'ffts1_planes_loop_k',
  'parent_ending_section': 343,
  'parent_starting_section': 1,
  'potential_children_tasks': [],
  'starting_section': 262,
  'task_id': 131,
  'task_sections_cnt': 1,
  'usage_offset': 48289},
 {'dep_offset': 54177,
  'name': 'Transpose_zx_loop_k',
  'parent_ending_section': 343,
  'parent_starting_section': 1,
  'potential_children_tasks': [],
  'starting_section': 264,
  'task_id': 132,
  'task_sections_cnt': 1,
  'usage_offset': 48663},
 {'dep_offset': 56034,
  'name': 'Transpose_zx_loop_k',
  'parent_ending_section': 343,
  'parent_starting_section': 1,
  'potential_children_tasks': [],
  'starting_section': 266,
  'task_id': 133,
  'task_sections_cnt': 1,
  'usage_offset': 51197},
 {'dep_offset': 57895,
  'name': 'Transpose_zx_loop_k',
  'parent_ending_section': 343,
  'parent_starting_section': 1,
  'potential_children_tasks': [],
  'starting_section': 268,
  'task_id': 134,
  'task_sections_cnt': 1,
  'usage_offset': 53739},
 {'dep_offset': 59759,
  'name': 'Transpose_zx_loop_k',
  'parent_ending_section': 343,
  'parent_starting_section': 1,
  'potential_children_tasks': [],
  'starting_section': 270,
  'task_id': 135,
  'task_sections_cnt': 1,
  'usage_offset': 56287},
 {'dep_offset': 61624,
  'name': 'Transpose_zx_loop_k',
  'parent_ending_section': 343,
  'parent_starting_section': 1,
  'potential_children_tasks': [],
  'starting_section': 272,
  'task_id': 136,
  'task_sections_cnt': 1,
  'usage_offset': 58837},
 {'dep_offset': 63490,
  'name': 'Transpose_zx_loop_k',
  'parent_ending_section': 343,
  'parent_starting_section': 1,
  'potential_children_tasks': [],
  'starting_section': 274,
  'task_id': 137,
  'task_sections_cnt': 1,
  'usage_offset': 61389},
 {'dep_offset': 65357,
  'name': 'Transpose_zx_loop_k',
  'parent_ending_section': 343,
  'parent_starting_section': 1,
  'potential_children_tasks': [],
  'starting_section': 276,
  'task_id': 138,
  'task_sections_cnt': 1,
  'usage_offset': 63943},
 {'dep_offset': 67224,
  'name': 'Transpose_zx_loop_k',
  'parent_ending_section': 343,
  'parent_starting_section': 1,
  'potential_children_tasks': [],
  'starting_section': 278,
  'task_id': 139,
  'task_sections_cnt': 1,
  'usage_offset': 66497},
 {'dep_offset': 69091,
  'name': 'Transpose_zx_loop_k',
  'parent_ending_section': 343,
  'parent_starting_section': 1,
  'potential_children_tasks': [],
  'starting_section': 280,
  'task_id': 140,
  'task_sections_cnt': 1,
  'usage_offset': 69051},
 {'dep_offset': 70958,
  'name': 'Transpose_zx_loop_k',
  'parent_ending_section': 343,
  'parent_starting_section': 1,
  'potential_children_tasks': [],
  'starting_section': 282,
  'task_id': 141,
  'task_sections_cnt': 1,
  'usage_offset': 71605},
 {'dep_offset': 72825,
  'name': 'ffts1_planes_loop_k',
  'parent_ending_section': 343,
  'parent_starting_section': 1,
  'potential_children_tasks': [],
  'starting_section': 284,
  'task_id': 142,
  'task_sections_cnt': 1,
  'usage_offset': 74159},
 {'dep_offset': 74485,
  'name': 'ffts1_planes_loop_k',
  'parent_ending_section': 343,
  'parent_starting_section': 1,
  'potential_children_tasks': [],
  'starting_section': 286,
  'task_id': 143,
  'task_sections_cnt': 1,
  'usage_offset': 74517},
 {'dep_offset': 76327,
  'name': 'ffts1_planes_loop_k',
  'parent_ending_section': 343,
  'parent_starting_section': 1,
  'potential_children_tasks': [],
  'starting_section': 288,
  'task_id': 144,
  'task_sections_cnt': 1,
  'usage_offset': 74887},
 {'dep_offset': 78219,
  'name': 'ffts1_planes_loop_k',
  'parent_ending_section': 343,
  'parent_starting_section': 1,
  'potential_children_tasks': [],
  'starting_section': 290,
  'task_id': 145,
  'task_sections_cnt': 1,
  'usage_offset': 75261},
 {'dep_offset': 80111,
  'name': 'ffts1_planes_loop_k',
  'parent_ending_section': 343,
  'parent_starting_section': 1,
  'potential_children_tasks': [],
  'starting_section': 292,
  'task_id': 146,
  'task_sections_cnt': 1,
  'usage_offset': 75635},
 {'dep_offset': 82003,
  'name': 'ffts1_planes_loop_k',
  'parent_ending_section': 343,
  'parent_starting_section': 1,
  'potential_children_tasks': [],
  'starting_section': 294,
  'task_id': 147,
  'task_sections_cnt': 1,
  'usage_offset': 76009},
 {'dep_offset': 83895,
  'name': 'ffts1_planes_loop_k',
  'parent_ending_section': 343,
  'parent_starting_section': 1,
  'potential_children_tasks': [],
  'starting_section': 296,
  'task_id': 148,
  'task_sections_cnt': 1,
  'usage_offset': 76383},
 {'dep_offset': 85787,
  'name': 'ffts1_planes_loop_k',
  'parent_ending_section': 343,
  'parent_starting_section': 1,
  'potential_children_tasks': [],
  'starting_section': 298,
  'task_id': 149,
  'task_sections_cnt': 1,
  'usage_offset': 76757},
 {'dep_offset': 87679,
  'name': 'ffts1_planes_loop_k',
  'parent_ending_section': 343,
  'parent_starting_section': 1,
  'potential_children_tasks': [],
  'starting_section': 300,
  'task_id': 150,
  'task_sections_cnt': 1,
  'usage_offset': 77131},
 {'dep_offset': 89571,
  'name': 'ffts1_planes_loop_k',
  'parent_ending_section': 343,
  'parent_starting_section': 1,
  'potential_children_tasks': [],
  'starting_section': 302,
  'task_id': 151,
  'task_sections_cnt': 1,
  'usage_offset': 77505},
 {'dep_offset': 91463,
  'name': 'Transpose_zx_loop_k',
  'parent_ending_section': 343,
  'parent_starting_section': 1,
  'potential_children_tasks': [],
  'starting_section': 304,
  'task_id': 152,
  'task_sections_cnt': 1,
  'usage_offset': 77879},
 {'dep_offset': 93320,
  'name': 'Transpose_zx_loop_k',
  'parent_ending_section': 343,
  'parent_starting_section': 1,
  'potential_children_tasks': [],
  'starting_section': 306,
  'task_id': 153,
  'task_sections_cnt': 1,
  'usage_offset': 80413},
 {'dep_offset': 95181,
  'name': 'Transpose_zx_loop_k',
  'parent_ending_section': 343,
  'parent_starting_section': 1,
  'potential_children_tasks': [],
  'starting_section': 308,
  'task_id': 154,
  'task_sections_cnt': 1,
  'usage_offset': 82955},
 {'dep_offset': 97045,
  'name': 'Transpose_zx_loop_k',
  'parent_ending_section': 343,
  'parent_starting_section': 1,
  'potential_children_tasks': [],
  'starting_section': 310,
  'task_id': 155,
  'task_sections_cnt': 1,
  'usage_offset': 85503},
 {'dep_offset': 98910,
  'name': 'Transpose_zx_loop_k',
  'parent_ending_section': 343,
  'parent_starting_section': 1,
  'potential_children_tasks': [],
  'starting_section': 312,
  'task_id': 156,
  'task_sections_cnt': 1,
  'usage_offset': 88053},
 {'dep_offset': 100776,
  'name': 'Transpose_zx_loop_k',
  'parent_ending_section': 343,
  'parent_starting_section': 1,
  'potential_children_tasks': [],
  'starting_section': 314,
  'task_id': 157,
  'task_sections_cnt': 1,
  'usage_offset': 90605},
 {'dep_offset': 102643,
  'name': 'Transpose_zx_loop_k',
  'parent_ending_section': 343,
  'parent_starting_section': 1,
  'potential_children_tasks': [],
  'starting_section': 316,
  'task_id': 158,
  'task_sections_cnt': 1,
  'usage_offset': 93159},
 {'dep_offset': 104510,
  'name': 'Transpose_zx_loop_k',
  'parent_ending_section': 343,
  'parent_starting_section': 1,
  'potential_children_tasks': [],
  'starting_section': 318,
  'task_id': 159,
  'task_sections_cnt': 1,
  'usage_offset': 95713},
 {'dep_offset': 106377,
  'name': 'Transpose_zx_loop_k',
  'parent_ending_section': 343,
  'parent_starting_section': 1,
  'potential_children_tasks': [],
  'starting_section': 320,
  'task_id': 160,
  'task_sections_cnt': 1,
  'usage_offset': 98267},
 {'dep_offset': 108244,
  'name': 'Transpose_zx_loop_k',
  'parent_ending_section': 343,
  'parent_starting_section': 1,
  'potential_children_tasks': [],
  'starting_section': 322,
  'task_id': 161,
  'task_sections_cnt': 1,
  'usage_offset': 100821},
 {'dep_offset': 110111,
  'name': 'Transpose_xy_loop_k',
  'parent_ending_section': 343,
  'parent_starting_section': 1,
  'potential_children_tasks': [],
  'starting_section': 324,
  'task_id': 162,
  'task_sections_cnt': 1,
  'usage_offset': 103375},
 {'dep_offset': 111752,
  'name': 'Transpose_xy_loop_k',
  'parent_ending_section': 343,
  'parent_starting_section': 1,
  'potential_children_tasks': [],
  'starting_section': 326,
  'task_id': 163,
  'task_sections_cnt': 1,
  'usage_offset': 103787},
 {'dep_offset': 113572,
  'name': 'Transpose_xy_loop_k',
  'parent_ending_section': 343,
  'parent_starting_section': 1,
  'potential_children_tasks': [],
  'starting_section': 328,
  'task_id': 164,
  'task_sections_cnt': 1,
  'usage_offset': 104211},
 {'dep_offset': 115441,
  'name': 'Transpose_xy_loop_k',
  'parent_ending_section': 343,
  'parent_starting_section': 1,
  'potential_children_tasks': [],
  'starting_section': 330,
  'task_id': 165,
  'task_sections_cnt': 1,
  'usage_offset': 104639},
 {'dep_offset': 117310,
  'name': 'Transpose_xy_loop_k',
  'parent_ending_section': 343,
  'parent_starting_section': 1,
  'potential_children_tasks': [],
  'starting_section': 332,
  'task_id': 166,
  'task_sections_cnt': 1,
  'usage_offset': 105067},
 {'dep_offset': 119179,
  'name': 'Transpose_xy_loop_k',
  'parent_ending_section': 343,
  'parent_starting_section': 1,
  'potential_children_tasks': [],
  'starting_section': 334,
  'task_id': 167,
  'task_sections_cnt': 1,
  'usage_offset': 105495},
 {'dep_offset': 121048,
  'name': 'Transpose_xy_loop_k',
  'parent_ending_section': 343,
  'parent_starting_section': 1,
  'potential_children_tasks': [],
  'starting_section': 336,
  'task_id': 168,
  'task_sections_cnt': 1,
  'usage_offset': 105923},
 {'dep_offset': 122917,
  'name': 'Transpose_xy_loop_k',
  'parent_ending_section': 343,
  'parent_starting_section': 1,
  'potential_children_tasks': [],
  'starting_section': 338,
  'task_id': 169,
  'task_sections_cnt': 1,
  'usage_offset': 106351},
 {'dep_offset': 124786,
  'name': 'Transpose_xy_loop_k',
  'parent_ending_section': 343,
  'parent_starting_section': 1,
  'potential_children_tasks': [],
  'starting_section': 340,
  'task_id': 170,
  'task_sections_cnt': 1,
  'usage_offset': 106779},
 {'dep_offset': 126655,
  'name': 'Transpose_xy_loop_k',
  'parent_ending_section': 343,
  'parent_starting_section': 1,
  'potential_children_tasks': [],
  'starting_section': 342,
  'task_id': 171,
  'task_sections_cnt': 1,
  'usage_offset': 107207}]
