Overview of whole program execution metrics:
========================================================================================
   Number of processors |          1 |          4 |          8 |         12 |         16
========================================================================================
Elapsed time (sec)      |       0.46 |       0.13 |       0.07 |       0.05 |       0.04
Speedup                 |       1.00 |       3.55 |       6.63 |       9.47 |      12.28
Efficiency              |       1.00 |       0.89 |       0.83 |       0.79 |       0.77
========================================================================================

Overview of the Efficiency metrics in parallel fraction:
=======================================================================================================
                  Number of processors |          1 |          4 |          8 |         12 |         16
=======================================================================================================
Parallel fraction                      |     99.94% | 
------------------------------------------------------
Global efficiency                      |     99.98% |     88.85% |     83.21% |     79.35% |     77.31%
-- Parallelization strategy efficiency |     99.98% |     90.53% |     92.73% |     90.69% |     88.94%
   -- Load balancing                   |    100.00% |     90.61% |     92.92% |     90.93% |     89.29%
   -- In execution efficiency          |     99.98% |     99.91% |     99.80% |     99.74% |     99.61%
-- Scalability for computation tasks   |    100.00% |     98.14% |     89.73% |     87.50% |     86.92%
   -- IPC scalability                  |    100.00% |     98.68% |     97.32% |     96.56% |     95.98%
   -- Instruction scalability          |    100.00% |    100.00% |     99.99% |     99.99% |     99.99%
   -- Frequency scalability            |    100.00% |     99.46% |     92.20% |     90.62% |     90.57%
=======================================================================================================

Statistics about explicit tasks in parallel fraction
==========================================================================================================================================
                            Number of processors |               1 |               4 |               8 |              12 |              16
==========================================================================================================================================
Number of explicit tasks executed (total)        |            10.0 |            40.0 |            80.0 |           120.0 |           160.0
LB (number of explicit tasks executed)           |             1.0 |            0.59 |            0.32 |            0.19 |            0.17
LB (time executing explicit tasks)               |             1.0 |            0.91 |            0.93 |            0.91 |            0.89
Time per explicit task (average)                 |        45727.03 |        11647.18 |         6369.46 |         4354.34 |         3286.75
Overhead per explicit task (synch %)             |             0.0 |           10.43 |            7.78 |           10.19 |           12.33
Overhead per explicit task (sched %)             |            0.01 |            0.03 |            0.04 |            0.06 |            0.08
Number of taskwait/taskgroup (total)             |             1.0 |             1.0 |             1.0 |             1.0 |             1.0
==========================================================================================================================================

