[{'dep_offset': 0,
  'name': 'MAIN_TAREADOR',
  'parent_ending_section': None,
  'parent_starting_section': None,
  'potential_children_tasks': [2,
                               4,
                               6,
                               8,
                               10,
                               12,
                               14,
                               16,
                               18,
                               20,
                               22,
                               24,
                               26,
                               28,
                               30,
                               32,
                               34,
                               36,
                               38,
                               40,
                               42,
                               44,
                               46,
                               48,
                               50,
                               52,
                               54,
                               56,
                               58,
                               60,
                               62,
                               64,
                               66,
                               68,
                               70,
                               72,
                               74,
                               76,
                               78,
                               80,
                               82,
                               84,
                               86,
                               88,
                               90,
                               92,
                               94,
                               96,
                               98,
                               100,
                               102,
                               104,
                               106,
                               108,
                               110,
                               112,
                               114,
                               116,
                               118,
                               120,
                               122,
                               124,
                               126,
                               128,
                               130,
                               132,
                               134,
                               136,
                               138,
                               140,
                               142,
                               144,
                               146,
                               148,
                               150,
                               152,
                               154,
                               156,
                               158,
                               160],
  'starting_section': 1,
  'task_id': 0,
  'task_sections_cnt': 2,
  'usage_offset': 0},
 {'dep_offset': 10668,
  'name': 'basicsort',
  'parent_ending_section': 161,
  'parent_starting_section': 1,
  'potential_children_tasks': [],
  'starting_section': 2,
  'task_id': 1,
  'task_sections_cnt': 1,
  'usage_offset': 26382},
 {'dep_offset': 10995,
  'name': 'basicsort',
  'parent_ending_section': 161,
  'parent_starting_section': 1,
  'potential_children_tasks': [],
  'starting_section': 4,
  'task_id': 2,
  'task_sections_cnt': 1,
  'usage_offset': 26664},
 {'dep_offset': 11360,
  'name': 'basicsort',
  'parent_ending_section': 161,
  'parent_starting_section': 1,
  'potential_children_tasks': [],
  'starting_section': 6,
  'task_id': 3,
  'task_sections_cnt': 1,
  'usage_offset': 26976},
 {'dep_offset': 11687,
  'name': 'basicsort',
  'parent_ending_section': 161,
  'parent_starting_section': 1,
  'potential_children_tasks': [],
  'starting_section': 8,
  'task_id': 4,
  'task_sections_cnt': 1,
  'usage_offset': 27294},
 {'dep_offset': 12066,
  'name': 'basicmerge',
  'parent_ending_section': 161,
  'parent_starting_section': 1,
  'potential_children_tasks': [],
  'starting_section': 10,
  'task_id': 5,
  'task_sections_cnt': 1,
  'usage_offset': 27612},
 {'dep_offset': 12561,
  'name': 'basicmerge',
  'parent_ending_section': 161,
  'parent_starting_section': 1,
  'potential_children_tasks': [],
  'starting_section': 12,
  'task_id': 6,
  'task_sections_cnt': 1,
  'usage_offset': 28249},
 {'dep_offset': 13336,
  'name': 'basicmerge',
  'parent_ending_section': 161,
  'parent_starting_section': 1,
  'potential_children_tasks': [],
  'starting_section': 14,
  'task_id': 7,
  'task_sections_cnt': 1,
  'usage_offset': 29104},
 {'dep_offset': 14078,
  'name': 'basicmerge',
  'parent_ending_section': 161,
  'parent_starting_section': 1,
  'potential_children_tasks': [],
  'starting_section': 16,
  'task_id': 8,
  'task_sections_cnt': 1,
  'usage_offset': 29775},
 {'dep_offset': 14725,
  'name': 'basicmerge',
  'parent_ending_section': 161,
  'parent_starting_section': 1,
  'potential_children_tasks': [],
  'starting_section': 18,
  'task_id': 9,
  'task_sections_cnt': 1,
  'usage_offset': 30654},
 {'dep_offset': 15222,
  'name': 'basicmerge',
  'parent_ending_section': 161,
  'parent_starting_section': 1,
  'potential_children_tasks': [],
  'starting_section': 20,
  'task_id': 10,
  'task_sections_cnt': 1,
  'usage_offset': 31305},
 {'dep_offset': 15999,
  'name': 'basicmerge',
  'parent_ending_section': 161,
  'parent_starting_section': 1,
  'potential_children_tasks': [],
  'starting_section': 22,
  'task_id': 11,
  'task_sections_cnt': 1,
  'usage_offset': 32176},
 {'dep_offset': 16871,
  'name': 'basicmerge',
  'parent_ending_section': 161,
  'parent_starting_section': 1,
  'potential_children_tasks': [],
  'starting_section': 24,
  'task_id': 12,
  'task_sections_cnt': 1,
  'usage_offset': 33095},
 {'dep_offset': 17725,
  'name': 'basicsort',
  'parent_ending_section': 161,
  'parent_starting_section': 1,
  'potential_children_tasks': [],
  'starting_section': 26,
  'task_id': 13,
  'task_sections_cnt': 1,
  'usage_offset': 33976},
 {'dep_offset': 18113,
  'name': 'basicsort',
  'parent_ending_section': 161,
  'parent_starting_section': 1,
  'potential_children_tasks': [],
  'starting_section': 28,
  'task_id': 14,
  'task_sections_cnt': 1,
  'usage_offset': 34304},
 {'dep_offset': 18449,
  'name': 'basicsort',
  'parent_ending_section': 161,
  'parent_starting_section': 1,
  'potential_children_tasks': [],
  'starting_section': 30,
  'task_id': 15,
  'task_sections_cnt': 1,
  'usage_offset': 34632},
 {'dep_offset': 18811,
  'name': 'basicsort',
  'parent_ending_section': 161,
  'parent_starting_section': 1,
  'potential_children_tasks': [],
  'starting_section': 32,
  'task_id': 16,
  'task_sections_cnt': 1,
  'usage_offset': 34960},
 {'dep_offset': 19147,
  'name': 'basicmerge',
  'parent_ending_section': 161,
  'parent_starting_section': 1,
  'potential_children_tasks': [],
  'starting_section': 34,
  'task_id': 17,
  'task_sections_cnt': 1,
  'usage_offset': 35288},
 {'dep_offset': 19899,
  'name': 'basicmerge',
  'parent_ending_section': 161,
  'parent_starting_section': 1,
  'potential_children_tasks': [],
  'starting_section': 36,
  'task_id': 18,
  'task_sections_cnt': 1,
  'usage_offset': 35961},
 {'dep_offset': 20593,
  'name': 'basicmerge',
  'parent_ending_section': 161,
  'parent_starting_section': 1,
  'potential_children_tasks': [],
  'starting_section': 38,
  'task_id': 19,
  'task_sections_cnt': 1,
  'usage_offset': 36842},
 {'dep_offset': 21131,
  'name': 'basicmerge',
  'parent_ending_section': 161,
  'parent_starting_section': 1,
  'potential_children_tasks': [],
  'starting_section': 40,
  'task_id': 20,
  'task_sections_cnt': 1,
  'usage_offset': 37515},
 {'dep_offset': 21844,
  'name': 'basicmerge',
  'parent_ending_section': 161,
  'parent_starting_section': 1,
  'potential_children_tasks': [],
  'starting_section': 42,
  'task_id': 21,
  'task_sections_cnt': 1,
  'usage_offset': 38344},
 {'dep_offset': 22674,
  'name': 'basicmerge',
  'parent_ending_section': 161,
  'parent_starting_section': 1,
  'potential_children_tasks': [],
  'starting_section': 44,
  'task_id': 22,
  'task_sections_cnt': 1,
  'usage_offset': 39017},
 {'dep_offset': 23666,
  'name': 'basicmerge',
  'parent_ending_section': 161,
  'parent_starting_section': 1,
  'potential_children_tasks': [],
  'starting_section': 46,
  'task_id': 23,
  'task_sections_cnt': 1,
  'usage_offset': 39898},
 {'dep_offset': 24587,
  'name': 'basicmerge',
  'parent_ending_section': 161,
  'parent_starting_section': 1,
  'potential_children_tasks': [],
  'starting_section': 48,
  'task_id': 24,
  'task_sections_cnt': 1,
  'usage_offset': 40805},
 {'dep_offset': 25249,
  'name': 'basicsort',
  'parent_ending_section': 161,
  'parent_starting_section': 1,
  'potential_children_tasks': [],
  'starting_section': 50,
  'task_id': 25,
  'task_sections_cnt': 1,
  'usage_offset': 41686},
 {'dep_offset': 25586,
  'name': 'basicsort',
  'parent_ending_section': 161,
  'parent_starting_section': 1,
  'potential_children_tasks': [],
  'starting_section': 52,
  'task_id': 26,
  'task_sections_cnt': 1,
  'usage_offset': 42014},
 {'dep_offset': 25975,
  'name': 'basicsort',
  'parent_ending_section': 161,
  'parent_starting_section': 1,
  'potential_children_tasks': [],
  'starting_section': 54,
  'task_id': 27,
  'task_sections_cnt': 1,
  'usage_offset': 42342},
 {'dep_offset': 26312,
  'name': 'basicsort',
  'parent_ending_section': 161,
  'parent_starting_section': 1,
  'potential_children_tasks': [],
  'starting_section': 56,
  'task_id': 28,
  'task_sections_cnt': 1,
  'usage_offset': 42670},
 {'dep_offset': 26701,
  'name': 'basicmerge',
  'parent_ending_section': 161,
  'parent_starting_section': 1,
  'potential_children_tasks': [],
  'starting_section': 58,
  'task_id': 29,
  'task_sections_cnt': 1,
  'usage_offset': 42998},
 {'dep_offset': 27214,
  'name': 'basicmerge',
  'parent_ending_section': 161,
  'parent_starting_section': 1,
  'potential_children_tasks': [],
  'starting_section': 60,
  'task_id': 30,
  'task_sections_cnt': 1,
  'usage_offset': 43671},
 {'dep_offset': 27967,
  'name': 'basicmerge',
  'parent_ending_section': 161,
  'parent_starting_section': 1,
  'potential_children_tasks': [],
  'starting_section': 62,
  'task_id': 31,
  'task_sections_cnt': 1,
  'usage_offset': 44552},
 {'dep_offset': 28733,
  'name': 'basicmerge',
  'parent_ending_section': 161,
  'parent_starting_section': 1,
  'potential_children_tasks': [],
  'starting_section': 64,
  'task_id': 32,
  'task_sections_cnt': 1,
  'usage_offset': 45225},
 {'dep_offset': 29428,
  'name': 'basicmerge',
  'parent_ending_section': 161,
  'parent_starting_section': 1,
  'potential_children_tasks': [],
  'starting_section': 66,
  'task_id': 33,
  'task_sections_cnt': 1,
  'usage_offset': 46106},
 {'dep_offset': 30233,
  'name': 'basicmerge',
  'parent_ending_section': 161,
  'parent_starting_section': 1,
  'potential_children_tasks': [],
  'starting_section': 68,
  'task_id': 34,
  'task_sections_cnt': 1,
  'usage_offset': 46779},
 {'dep_offset': 31239,
  'name': 'basicmerge',
  'parent_ending_section': 161,
  'parent_starting_section': 1,
  'potential_children_tasks': [],
  'starting_section': 70,
  'task_id': 35,
  'task_sections_cnt': 1,
  'usage_offset': 47660},
 {'dep_offset': 32025,
  'name': 'basicmerge',
  'parent_ending_section': 161,
  'parent_starting_section': 1,
  'potential_children_tasks': [],
  'starting_section': 72,
  'task_id': 36,
  'task_sections_cnt': 1,
  'usage_offset': 48567},
 {'dep_offset': 32765,
  'name': 'basicsort',
  'parent_ending_section': 161,
  'parent_starting_section': 1,
  'potential_children_tasks': [],
  'starting_section': 74,
  'task_id': 37,
  'task_sections_cnt': 1,
  'usage_offset': 49460},
 {'dep_offset': 33186,
  'name': 'basicsort',
  'parent_ending_section': 161,
  'parent_starting_section': 1,
  'potential_children_tasks': [],
  'starting_section': 76,
  'task_id': 38,
  'task_sections_cnt': 1,
  'usage_offset': 49798},
 {'dep_offset': 33518,
  'name': 'basicsort',
  'parent_ending_section': 161,
  'parent_starting_section': 1,
  'potential_children_tasks': [],
  'starting_section': 78,
  'task_id': 39,
  'task_sections_cnt': 1,
  'usage_offset': 50142},
 {'dep_offset': 33880,
  'name': 'basicsort',
  'parent_ending_section': 161,
  'parent_starting_section': 1,
  'potential_children_tasks': [],
  'starting_section': 80,
  'task_id': 40,
  'task_sections_cnt': 1,
  'usage_offset': 50486},
 {'dep_offset': 34272,
  'name': 'basicmerge',
  'parent_ending_section': 161,
  'parent_starting_section': 1,
  'potential_children_tasks': [],
  'starting_section': 82,
  'task_id': 41,
  'task_sections_cnt': 1,
  'usage_offset': 50830},
 {'dep_offset': 35065,
  'name': 'basicmerge',
  'parent_ending_section': 161,
  'parent_starting_section': 1,
  'potential_children_tasks': [],
  'starting_section': 84,
  'task_id': 42,
  'task_sections_cnt': 1,
  'usage_offset': 51527},
 {'dep_offset': 35787,
  'name': 'basicmerge',
  'parent_ending_section': 161,
  'parent_starting_section': 1,
  'potential_children_tasks': [],
  'starting_section': 86,
  'task_id': 43,
  'task_sections_cnt': 1,
  'usage_offset': 52468},
 {'dep_offset': 36329,
  'name': 'basicmerge',
  'parent_ending_section': 161,
  'parent_starting_section': 1,
  'potential_children_tasks': [],
  'starting_section': 88,
  'task_id': 44,
  'task_sections_cnt': 1,
  'usage_offset': 53169},
 {'dep_offset': 37139,
  'name': 'basicmerge',
  'parent_ending_section': 161,
  'parent_starting_section': 1,
  'potential_children_tasks': [],
  'starting_section': 90,
  'task_id': 45,
  'task_sections_cnt': 1,
  'usage_offset': 54110},
 {'dep_offset': 37673,
  'name': 'basicmerge',
  'parent_ending_section': 161,
  'parent_starting_section': 1,
  'potential_children_tasks': [],
  'starting_section': 92,
  'task_id': 46,
  'task_sections_cnt': 1,
  'usage_offset': 54807},
 {'dep_offset': 38535,
  'name': 'basicmerge',
  'parent_ending_section': 161,
  'parent_starting_section': 1,
  'potential_children_tasks': [],
  'starting_section': 94,
  'task_id': 47,
  'task_sections_cnt': 1,
  'usage_offset': 55748},
 {'dep_offset': 39590,
  'name': 'basicmerge',
  'parent_ending_section': 161,
  'parent_starting_section': 1,
  'potential_children_tasks': [],
  'starting_section': 96,
  'task_id': 48,
  'task_sections_cnt': 1,
  'usage_offset': 56719},
 {'dep_offset': 40467,
  'name': 'basicmerge',
  'parent_ending_section': 161,
  'parent_starting_section': 1,
  'potential_children_tasks': [],
  'starting_section': 98,
  'task_id': 49,
  'task_sections_cnt': 1,
  'usage_offset': 57660},
 {'dep_offset': 41281,
  'name': 'basicmerge',
  'parent_ending_section': 161,
  'parent_starting_section': 1,
  'potential_children_tasks': [],
  'starting_section': 100,
  'task_id': 50,
  'task_sections_cnt': 1,
  'usage_offset': 58329},
 {'dep_offset': 42294,
  'name': 'basicmerge',
  'parent_ending_section': 161,
  'parent_starting_section': 1,
  'potential_children_tasks': [],
  'starting_section': 102,
  'task_id': 51,
  'task_sections_cnt': 1,
  'usage_offset': 59194},
 {'dep_offset': 43070,
  'name': 'basicmerge',
  'parent_ending_section': 161,
  'parent_starting_section': 1,
  'potential_children_tasks': [],
  'starting_section': 104,
  'task_id': 52,
  'task_sections_cnt': 1,
  'usage_offset': 60115},
 {'dep_offset': 43965,
  'name': 'basicmerge',
  'parent_ending_section': 161,
  'parent_starting_section': 1,
  'potential_children_tasks': [],
  'starting_section': 106,
  'task_id': 53,
  'task_sections_cnt': 1,
  'usage_offset': 61068},
 {'dep_offset': 45009,
  'name': 'basicmerge',
  'parent_ending_section': 161,
  'parent_starting_section': 1,
  'potential_children_tasks': [],
  'starting_section': 108,
  'task_id': 54,
  'task_sections_cnt': 1,
  'usage_offset': 62047},
 {'dep_offset': 46124,
  'name': 'basicmerge',
  'parent_ending_section': 161,
  'parent_starting_section': 1,
  'potential_children_tasks': [],
  'starting_section': 110,
  'task_id': 55,
  'task_sections_cnt': 1,
  'usage_offset': 63026},
 {'dep_offset': 47239,
  'name': 'basicmerge',
  'parent_ending_section': 161,
  'parent_starting_section': 1,
  'potential_children_tasks': [],
  'starting_section': 112,
  'task_id': 56,
  'task_sections_cnt': 1,
  'usage_offset': 63953},
 {'dep_offset': 48050,
  'name': 'basicmerge',
  'parent_ending_section': 161,
  'parent_starting_section': 1,
  'potential_children_tasks': [],
  'starting_section': 114,
  'task_id': 57,
  'task_sections_cnt': 1,
  'usage_offset': 64854},
 {'dep_offset': 48577,
  'name': 'basicmerge',
  'parent_ending_section': 161,
  'parent_starting_section': 1,
  'potential_children_tasks': [],
  'starting_section': 116,
  'task_id': 58,
  'task_sections_cnt': 1,
  'usage_offset': 65549},
 {'dep_offset': 49484,
  'name': 'basicmerge',
  'parent_ending_section': 161,
  'parent_starting_section': 1,
  'potential_children_tasks': [],
  'starting_section': 118,
  'task_id': 59,
  'task_sections_cnt': 1,
  'usage_offset': 66432},
 {'dep_offset': 50743,
  'name': 'basicmerge',
  'parent_ending_section': 161,
  'parent_starting_section': 1,
  'potential_children_tasks': [],
  'starting_section': 120,
  'task_id': 60,
  'task_sections_cnt': 1,
  'usage_offset': 67375},
 {'dep_offset': 52062,
  'name': 'basicmerge',
  'parent_ending_section': 161,
  'parent_starting_section': 1,
  'potential_children_tasks': [],
  'starting_section': 122,
  'task_id': 61,
  'task_sections_cnt': 1,
  'usage_offset': 68318},
 {'dep_offset': 53210,
  'name': 'basicmerge',
  'parent_ending_section': 161,
  'parent_starting_section': 1,
  'potential_children_tasks': [],
  'starting_section': 124,
  'task_id': 62,
  'task_sections_cnt': 1,
  'usage_offset': 69311},
 {'dep_offset': 54376,
  'name': 'basicmerge',
  'parent_ending_section': 161,
  'parent_starting_section': 1,
  'potential_children_tasks': [],
  'starting_section': 126,
  'task_id': 63,
  'task_sections_cnt': 1,
  'usage_offset': 70310},
 {'dep_offset': 55367,
  'name': 'basicmerge',
  'parent_ending_section': 161,
  'parent_starting_section': 1,
  'potential_children_tasks': [],
  'starting_section': 128,
  'task_id': 64,
  'task_sections_cnt': 1,
  'usage_offset': 71273},
 {'dep_offset': 56092,
  'name': 'basicmerge',
  'parent_ending_section': 161,
  'parent_starting_section': 1,
  'potential_children_tasks': [],
  'starting_section': 130,
  'task_id': 65,
  'task_sections_cnt': 1,
  'usage_offset': 72206},
 {'dep_offset': 56501,
  'name': 'basicmerge',
  'parent_ending_section': 161,
  'parent_starting_section': 1,
  'potential_children_tasks': [],
  'starting_section': 132,
  'task_id': 66,
  'task_sections_cnt': 1,
  'usage_offset': 72879},
 {'dep_offset': 57074,
  'name': 'basicmerge',
  'parent_ending_section': 161,
  'parent_starting_section': 1,
  'potential_children_tasks': [],
  'starting_section': 134,
  'task_id': 67,
  'task_sections_cnt': 1,
  'usage_offset': 73746},
 {'dep_offset': 57655,
  'name': 'basicmerge',
  'parent_ending_section': 161,
  'parent_starting_section': 1,
  'potential_children_tasks': [],
  'starting_section': 136,
  'task_id': 68,
  'task_sections_cnt': 1,
  'usage_offset': 74635},
 {'dep_offset': 58324,
  'name': 'basicmerge',
  'parent_ending_section': 161,
  'parent_starting_section': 1,
  'potential_children_tasks': [],
  'starting_section': 138,
  'task_id': 69,
  'task_sections_cnt': 1,
  'usage_offset': 75580},
 {'dep_offset': 59021,
  'name': 'basicmerge',
  'parent_ending_section': 161,
  'parent_starting_section': 1,
  'potential_children_tasks': [],
  'starting_section': 140,
  'task_id': 70,
  'task_sections_cnt': 1,
  'usage_offset': 76555},
 {'dep_offset': 59791,
  'name': 'basicmerge',
  'parent_ending_section': 161,
  'parent_starting_section': 1,
  'potential_children_tasks': [],
  'starting_section': 142,
  'task_id': 71,
  'task_sections_cnt': 1,
  'usage_offset': 77586},
 {'dep_offset': 60548,
  'name': 'basicmerge',
  'parent_ending_section': 161,
  'parent_starting_section': 1,
  'potential_children_tasks': [],
  'starting_section': 144,
  'task_id': 72,
  'task_sections_cnt': 1,
  'usage_offset': 78591},
 {'dep_offset': 61376,
  'name': 'basicmerge',
  'parent_ending_section': 161,
  'parent_starting_section': 1,
  'potential_children_tasks': [],
  'starting_section': 146,
  'task_id': 73,
  'task_sections_cnt': 1,
  'usage_offset': 79622},
 {'dep_offset': 62218,
  'name': 'basicmerge',
  'parent_ending_section': 161,
  'parent_starting_section': 1,
  'potential_children_tasks': [],
  'starting_section': 148,
  'task_id': 74,
  'task_sections_cnt': 1,
  'usage_offset': 80629},
 {'dep_offset': 63056,
  'name': 'basicmerge',
  'parent_ending_section': 161,
  'parent_starting_section': 1,
  'potential_children_tasks': [],
  'starting_section': 150,
  'task_id': 75,
  'task_sections_cnt': 1,
  'usage_offset': 81680},
 {'dep_offset': 63844,
  'name': 'basicmerge',
  'parent_ending_section': 161,
  'parent_starting_section': 1,
  'potential_children_tasks': [],
  'starting_section': 152,
  'task_id': 76,
  'task_sections_cnt': 1,
  'usage_offset': 82743},
 {'dep_offset': 64559,
  'name': 'basicmerge',
  'parent_ending_section': 161,
  'parent_starting_section': 1,
  'potential_children_tasks': [],
  'starting_section': 154,
  'task_id': 77,
  'task_sections_cnt': 1,
  'usage_offset': 83780},
 {'dep_offset': 65274,
  'name': 'basicmerge',
  'parent_ending_section': 161,
  'parent_starting_section': 1,
  'potential_children_tasks': [],
  'starting_section': 156,
  'task_id': 78,
  'task_sections_cnt': 1,
  'usage_offset': 84789},
 {'dep_offset': 65976,
  'name': 'basicmerge',
  'parent_ending_section': 161,
  'parent_starting_section': 1,
  'potential_children_tasks': [],
  'starting_section': 158,
  'task_id': 79,
  'task_sections_cnt': 1,
  'usage_offset': 85804},
 {'dep_offset': 66596,
  'name': 'basicmerge',
  'parent_ending_section': 161,
  'parent_starting_section': 1,
  'potential_children_tasks': [],
  'starting_section': 160,
  'task_id': 80,
  'task_sections_cnt': 1,
  'usage_offset': 86767}]
