Overview of whole program execution metrics:
============================================================================================================================================
   Number of processors |          1 |          2 |          4 |          6 |          8 |         10 |         12 |         14 |         16
============================================================================================================================================
Elapsed time (sec)      |       0.27 |       0.30 |       0.25 |       0.23 |       0.22 |       0.22 |       0.22 |       0.23 |       0.22
Speedup                 |       1.00 |       0.87 |       1.08 |       1.13 |       1.20 |       1.21 |       1.18 |       1.17 |       1.22
Efficiency              |       1.00 |       0.44 |       0.27 |       0.19 |       0.15 |       0.12 |       0.10 |       0.08 |       0.08
============================================================================================================================================

Overview of the Efficiency metrics in parallel fraction:
===========================================================================================================================================================
                  Number of processors |          1 |          2 |          4 |          6 |          8 |         10 |         12 |         14 |         16
===========================================================================================================================================================
Parallel fraction                      |     91.46% | 
------------------------------------------------------
Global efficiency                      |     89.08% |     38.47% |     24.15% |     17.13% |     13.66% |     11.12% |      8.99% |      7.66% |      7.01%
-- Parallelization strategy efficiency |     89.08% |     49.14% |     34.81% |     27.39% |     21.02% |     17.36% |     13.96% |     11.97% |     10.85%
   -- Load balancing                   |    100.00% |     94.58% |     96.88% |     98.11% |     93.02% |     96.01% |     93.07% |     92.72% |     88.31%
   -- In execution efficiency          |     89.08% |     51.96% |     35.93% |     27.91% |     22.60% |     18.09% |     15.00% |     12.91% |     12.29%
-- Scalability for computation tasks   |    100.00% |     78.28% |     69.37% |     62.56% |     65.00% |     64.04% |     64.43% |     63.99% |     64.62%
   -- IPC scalability                  |    100.00% |     65.03% |     58.79% |     55.98% |     57.65% |     58.47% |     59.38% |     59.41% |     59.71%
   -- Instruction scalability          |    100.00% |    121.30% |    121.39% |    121.56% |    121.57% |    121.51% |    121.49% |    121.45% |    121.51%
   -- Frequency scalability            |    100.00% |     99.25% |     97.21% |     91.93% |     92.75% |     90.13% |     89.31% |     88.69% |     89.06%
===========================================================================================================================================================

Statistics about explicit tasks in parallel fraction
==================================================================================================================================================================================================================
                            Number of processors |               1 |               2 |               4 |               6 |               8 |              10 |              12 |              14 |              16
==================================================================================================================================================================================================================
Number of explicit tasks executed (total)        |         99669.0 |         99669.0 |         99669.0 |         99669.0 |         99669.0 |         99669.0 |         99669.0 |         99669.0 |         99669.0
LB (number of explicit tasks executed)           |             1.0 |             1.0 |            0.96 |            0.98 |            0.98 |            0.98 |            0.98 |            0.99 |            0.98
LB (time executing explicit tasks)               |             1.0 |            0.98 |            0.99 |            0.99 |            0.99 |            0.99 |            0.99 |            0.98 |            0.99
Time per explicit task (average)                 |            1.86 |            3.95 |            5.64 |            7.51 |            8.97 |           10.75 |           13.07 |           15.17 |           16.37
Overhead per explicit task (synch %)             |            1.02 |           40.78 |           56.96 |            66.1 |           74.46 |           78.95 |           81.94 |           84.05 |           86.18
Overhead per explicit task (sched %)             |           13.26 |           31.68 |           46.84 |           56.19 |           65.16 |           70.92 |           76.69 |           80.16 |           82.08
Number of taskwait/taskgroup (total)             |          2730.0 |          2730.0 |          2730.0 |          2730.0 |          2730.0 |          2730.0 |          2730.0 |          2730.0 |          2730.0
==================================================================================================================================================================================================================

