Overview of whole program execution metrics:
============================================================================================================================================
   Number of processors |          1 |          2 |          4 |          6 |          8 |         10 |         12 |         14 |         16
============================================================================================================================================
Elapsed time (sec)      |       0.27 |       0.29 |       0.24 |       0.24 |       0.22 |       0.22 |       0.22 |       0.22 |       0.22
Speedup                 |       1.00 |       0.90 |       1.10 |       1.13 |       1.20 |       1.20 |       1.19 |       1.24 |       1.19
Efficiency              |       1.00 |       0.45 |       0.27 |       0.19 |       0.15 |       0.12 |       0.10 |       0.09 |       0.07
============================================================================================================================================

Overview of the Efficiency metrics in parallel fraction:
===========================================================================================================================================================
                  Number of processors |          1 |          2 |          4 |          6 |          8 |         10 |         12 |         14 |         16
===========================================================================================================================================================
Parallel fraction                      |     91.17% | 
------------------------------------------------------
Global efficiency                      |     88.93% |     39.85% |     24.61% |     17.04% |     13.74% |     10.92% |      9.07% |      8.08% |      6.80%
-- Parallelization strategy efficiency |     88.93% |     51.48% |     36.01% |     27.71% |     20.83% |     17.04% |     14.17% |     12.65% |     10.51%
   -- Load balancing                   |    100.00% |     98.68% |     96.39% |     95.51% |     95.43% |     93.86% |     93.01% |     91.91% |     94.40%
   -- In execution efficiency          |     88.93% |     52.17% |     37.36% |     29.01% |     21.83% |     18.15% |     15.24% |     13.77% |     11.13%
-- Scalability for computation tasks   |    100.00% |     77.40% |     68.34% |     61.50% |     65.93% |     64.08% |     64.00% |     63.84% |     64.74%
   -- IPC scalability                  |    100.00% |     63.92% |     57.38% |     54.73% |     58.11% |     58.26% |     59.05% |     58.80% |     59.95%
   -- Instruction scalability          |    100.00% |    121.40% |    121.50% |    121.54% |    121.40% |    121.56% |    121.45% |    121.45% |    121.35%
   -- Frequency scalability            |    100.00% |     99.75% |     98.02% |     92.46% |     93.46% |     90.50% |     89.23% |     89.39% |     88.99%
===========================================================================================================================================================

Statistics about explicit tasks in parallel fraction
==================================================================================================================================================================================================================
                            Number of processors |               1 |               2 |               4 |               6 |               8 |              10 |              12 |              14 |              16
==================================================================================================================================================================================================================
Number of explicit tasks executed (total)        |         99669.0 |         99669.0 |         99669.0 |         99669.0 |         99669.0 |         99669.0 |         99669.0 |         99669.0 |         99669.0
LB (number of explicit tasks executed)           |             1.0 |            0.99 |            0.94 |            0.94 |            0.97 |            0.97 |            0.97 |            0.97 |            0.98
LB (time executing explicit tasks)               |             1.0 |             1.0 |            0.99 |            0.99 |            0.99 |            0.99 |            0.98 |            0.98 |            0.98
Time per explicit task (average)                 |            1.86 |            3.76 |            5.55 |            7.55 |            8.89 |           10.94 |           12.91 |           14.37 |           16.88
Overhead per explicit task (synch %)             |            1.01 |           42.26 |           55.86 |           65.56 |           74.55 |           78.64 |           82.22 |           83.89 |           85.72
Overhead per explicit task (sched %)             |           13.47 |           27.68 |           45.33 |            55.9 |           65.63 |           71.57 |           76.28 |           78.87 |           82.75
Number of taskwait/taskgroup (total)             |          2730.0 |          2730.0 |          2730.0 |          2730.0 |          2730.0 |          2730.0 |          2730.0 |          2730.0 |          2730.0
==================================================================================================================================================================================================================

