Overview of whole program execution metrics:
========================================================================================
   Number of processors |          1 |          4 |          8 |         12 |         16
========================================================================================
Elapsed time (sec)      |       0.41 |       0.14 |       0.12 |       0.15 |       0.20
Speedup                 |       1.00 |       2.90 |       3.34 |       2.81 |       2.09
Efficiency              |       1.00 |       0.72 |       0.42 |       0.23 |       0.13
========================================================================================

Overview of the Efficiency metrics in parallel fraction:
=======================================================================================================
                  Number of processors |          1 |          4 |          8 |         12 |         16
=======================================================================================================
Parallel fraction                      |     99.88% | 
------------------------------------------------------
Global efficiency                      |     99.56% |     72.22% |     41.65% |     23.38% |     13.04%
-- Parallelization strategy efficiency |     99.56% |     76.03% |     47.08% |     27.70% |     15.69%
   -- Load balancing                   |    100.00% |     96.24% |     95.94% |     95.71% |     95.07%
   -- In execution efficiency          |     99.56% |     78.99% |     49.08% |     28.94% |     16.51%
-- Scalability for computation tasks   |    100.00% |     94.99% |     88.45% |     84.39% |     83.08%
   -- IPC scalability                  |    100.00% |     97.63% |     97.31% |     96.64% |     96.35%
   -- Instruction scalability          |    100.00% |     99.42% |     98.66% |     97.91% |     97.17%
   -- Frequency scalability            |    100.00% |     97.86% |     92.13% |     89.19% |     88.74%
=======================================================================================================

Statistics about explicit tasks in parallel fraction
==========================================================================================================================================
                            Number of processors |               1 |               4 |               8 |              12 |              16
==========================================================================================================================================
Number of explicit tasks executed (total)        |          3200.0 |         12800.0 |         25600.0 |         38400.0 |         51200.0
LB (number of explicit tasks executed)           |             1.0 |            0.94 |            0.83 |            0.53 |            0.48
LB (time executing explicit tasks)               |             1.0 |            0.96 |            0.96 |            0.96 |            0.95
Time per explicit task (average)                 |           128.5 |           33.82 |           18.16 |           12.69 |            9.66
Overhead per explicit task (synch %)             |            0.06 |           27.53 |          100.08 |          239.81 |          503.79
Overhead per explicit task (sched %)             |            0.37 |             4.0 |           12.35 |           21.36 |           33.85
Number of taskwait/taskgroup (total)             |           320.0 |           320.0 |           320.0 |           320.0 |           320.0
==========================================================================================================================================

