Overview of whole program execution metrics:
========================================================================================
   Number of processors |          1 |          4 |          8 |         12 |         16
========================================================================================
Elapsed time (sec)      |       0.46 |       0.13 |       0.11 |       0.15 |       0.20
Speedup                 |       1.00 |       3.66 |       4.13 |       3.02 |       2.34
Efficiency              |       1.00 |       0.91 |       0.52 |       0.25 |       0.15
========================================================================================

Overview of the Efficiency metrics in parallel fraction:
=======================================================================================================
                  Number of processors |          1 |          4 |          8 |         12 |         16
=======================================================================================================
Parallel fraction                      |     99.89% | 
------------------------------------------------------
Global efficiency                      |     99.70% |     91.21% |     51.52% |     25.09% |     14.58%
-- Parallelization strategy efficiency |     99.70% |     95.24% |     57.89% |     29.41% |     17.44%
   -- Load balancing                   |    100.00% |     98.75% |     98.46% |     97.17% |     96.39%
   -- In execution efficiency          |     99.70% |     96.45% |     58.80% |     30.26% |     18.09%
-- Scalability for computation tasks   |    100.00% |     95.77% |     89.00% |     85.31% |     83.61%
   -- IPC scalability                  |    100.00% |     98.19% |     97.37% |     97.04% |     96.24%
   -- Instruction scalability          |    100.00% |     99.47% |     98.77% |     98.06% |     97.39%
   -- Frequency scalability            |    100.00% |     98.06% |     92.54% |     89.66% |     89.21%
=======================================================================================================

Statistics about explicit tasks in parallel fraction
==========================================================================================================================================
                            Number of processors |               1 |               4 |               8 |              12 |              16
==========================================================================================================================================
Number of explicit tasks executed (total)        |          3200.0 |         12800.0 |         25600.0 |         38400.0 |         51200.0
LB (number of explicit tasks executed)           |             1.0 |            0.51 |            0.81 |            0.71 |            0.94
LB (time executing explicit tasks)               |             1.0 |            0.99 |            0.98 |            0.97 |            0.96
Time per explicit task (average)                 |          143.49 |           37.44 |           20.15 |           14.01 |           10.72
Overhead per explicit task (synch %)             |             0.0 |            3.16 |           62.63 |          218.79 |          442.69
Overhead per explicit task (sched %)             |             0.3 |            1.83 |           10.14 |           21.43 |           31.22
Number of taskwait/taskgroup (total)             |             0.0 |             0.0 |             0.0 |             0.0 |             0.0
==========================================================================================================================================

